Remove Pin=3-0 From Net=PCI 1
Remove Pin=3-1 From Net=PCI 2
Remove Pin=3-3 From Net=PCI 4
Remove Pin=3-4 From Net=PCI 5
Remove Pin=3-5 From Net=PCI 6
Remove Pin=3-6 From Net=DIO 6
Remove Pin=3-7 From Net=DIO 4
Remove Pin=3-8 From Net=DIO 2
Remove Pin=3-9 From Net=DIO 0
Remove Pin=3-10 From Net=PCI 11
Remove Pin=3-11 From Net=DIO 14
Remove Pin=3-12 From Net=DIO 12
Remove Pin=3-13 From Net=DIO 10
Remove Pin=3-14 From Net=DIO 8
Remove Pin=3-15 From Net=PCI 16
Remove Pin=3-22 From Net=DIO 22
Remove Pin=3-23 From Net=DIO 20
Remove Pin=3-24 From Net=DIO 18
Remove Pin=3-25 From Net=DIO 16
Remove Pin=3-27 From Net=PCI 26
Remove Pin=3-28 From Net=PCI 27
Remove Pin=3-29 From Net=PCI 28
Remove Pin=3-30 From Net=PCI 29
Remove Pin=3-31 From Net=PCI 30
Remove Pin=3-32 From Net=PCI 31
Remove Pin=3-37 From Net=PCI 36
Remove Pin=3-38 From Net=PCI 37
Remove Pin=3-39 From Net=PCI 38
Remove Pin=3-40 From Net=PCI 39
Remove Pin=3-42 From Net=PCI 41
Remove Pin=3-43 From Net=PCI 42
Remove Pin=3-44 From Net=PCI 43
Remove Pin=3-45 From Net=PCI 44
Remove Pin=3-49 From Net=PCI 48
Remove Pin=3-56 From Net=PCI 54
Remove Pin=3-58 From Net=PCI 56
Remove Pin=3-59 From Net=PCI 57
Remove Pin=3-60 From Net=PCI 59
Remove Pin=3-67 From Net=PCI 64
Remove Pin=3-68 From Net=PCI 65
Remove Pin=3-87 From Net=PCI 83
Remove Pin=3-88 From Net=PCI 84
Remove Pin=3-90 From Net=PCI 86
Remove Pin=3-91 From Net=PCI 87
Remove Pin=3-93 From Net=DIO 17
Remove Pin=3-94 From Net=DIO 19
Remove Pin=3-95 From Net=DIO 21
Remove Pin=3-96 From Net=DIO23
Remove Pin=3-103 From Net=DIO 9
Remove Pin=3-104 From Net=DIO 11
Remove Pin=3-105 From Net=DIO 13
Remove Pin=3-106 From Net=DIO 15
Remove Pin=3-108 From Net=DIO 1
Remove Pin=3-109 From Net=DIO 3
Remove Pin=3-110 From Net=DIO 5
Remove Pin=3-111 From Net=DIO 7
Remove Pin=3-115 From Net=PCI 111
Remove Pin=3-117 From Net=PCI 113
Remove Pin=A.AP1-1 From Net=A.AO 1
Remove Pin=A.AP1-2 From Net=A.AO 2
Remove Pin=A.AP1-3 From Net=A.AO 3
Remove Pin=A.AP1-4 From Net=A.AO 4
Remove Pin=A.AP1-5 From Net=A.AO 5
Remove Pin=A.AP1-6 From Net=A.AO 6
Remove Pin=A.AP1-7 From Net=IOREF
Remove Pin=AI1-7 From Net=PCI 38
Remove Pin=AI1-8 From Net=PCI 37
Remove Pin=AI1-9 From Net=PCI 36
Remove Pin=AP1-2 From Net=AI1
Remove Pin=AP1-3 From Net=AI2
Remove Pin=AP1-4 From Net=AI3
Remove Pin=AP1-5 From Net=AI4
Remove Pin=AP1-6 From Net=AO4
Remove Pin=AP1-7 From Net=AO3
Remove Pin=AP1-8 From Net=AO2
Remove Pin=AP1-9 From Net=AO1
Remove Pin=Connector1-69 From Net=KB_S1
Remove Pin=Connector1-70 From Net=KB_S2
Remove Pin=Connector1-71 From Net=KB_S3
Remove Pin=Connector1-72 From Net=KB_S4
Remove Pin=Connector1-73 From Net=BUTTON_2
Remove Pin=Connector1-74 From Net=NET_VD1
Remove Pin=Connector1-75 From Net=NET_VD2
Remove Pin=Connector1-76 From Net=7SEG_DATA
Remove Pin=Connector1-77 From Net=LCDDATA
Remove Pin=Connector1-78 From Net=LCDRST
Remove Pin=Connector1-79 From Net=LCDCS1
Remove Pin=Connector1-80 From Net=LCDCS2
Remove Pin=Connector1-81 From Net=UARTRX1
Remove Pin=Connector1-82 From Net=UARTRX2
Remove Pin=Connector1-83 From Net=MOSI
Remove Pin=Connector1-84 From Net=MISO
Remove Pin=Connector1-85 From Net=I2C_SDA
Remove Pin=Connector1-93 From Net=AO4
Remove Pin=Connector1-94 From Net=AO3
Remove Pin=Connector1-95 From Net=AO2
Remove Pin=Connector1-96 From Net=AO1
Remove Pin=Connector1-97 From Net=AI1
Remove Pin=Connector1-98 From Net=AI2
Remove Pin=Connector1-99 From Net=AI3
Remove Pin=Connector1-100 From Net=AI4
Remove Pin=Connector1-108 From Net=I2C_SCL
Remove Pin=Connector1-109 From Net=SS
Remove Pin=Connector1-110 From Net=SCK
Remove Pin=Connector1-111 From Net=UARTTX2
Remove Pin=Connector1-112 From Net=UARTTX1
Remove Pin=Connector1-113 From Net=LCDOE
Remove Pin=Connector1-114 From Net=LCDD/I
Remove Pin=Connector1-115 From Net=LCDR/W
Remove Pin=Connector1-116 From Net=LCDCLK
Remove Pin=Connector1-117 From Net=BUTTON_1
Remove Pin=Connector1-118 From Net=7SEG_CLK
Remove Pin=Connector1-119 From Net=BUTTON_3
Remove Pin=Connector1-120 From Net=SOUND
Remove Pin=Connector1-121 From Net=RESET_BUTTON
Remove Pin=Connector1-122 From Net=KB_C3
Remove Pin=Connector1-123 From Net=KB_C2
Remove Pin=Connector1-124 From Net=KB_C1
Remove Pin=DIO1-2 From Net=DIO 0
Remove Pin=DIO1-3 From Net=DIO 2
Remove Pin=DIO1-4 From Net=DIO 4
Remove Pin=DIO1-5 From Net=DIO 6
Remove Pin=DIO1-6 From Net=DIO 7
Remove Pin=DIO1-7 From Net=DIO 5
Remove Pin=DIO1-8 From Net=DIO 3
Remove Pin=DIO1-9 From Net=DIO 1
Remove Pin=DIO2-3 From Net=DIO 10
Remove Pin=DIO2-4 From Net=DIO 12
Remove Pin=DIO2-5 From Net=DIO 14
Remove Pin=DIO2-6 From Net=DIO 15
Remove Pin=DIO2-7 From Net=DIO 13
Remove Pin=DIO2-8 From Net=DIO 11
Remove Pin=DIO2-9 From Net=DIO 9
Remove Pin=DIO3-2 From Net=DIO 16
Remove Pin=DIO3-3 From Net=DIO 18
Remove Pin=DIO3-4 From Net=DIO 20
Remove Pin=DIO3-5 From Net=DIO22
Remove Pin=DIO3-6 From Net=DIO23
Remove Pin=DIO3-7 From Net=DIO 21
Remove Pin=DIO3-8 From Net=DIO 19
Remove Pin=DIO3-9 From Net=DIO 17
Remove Pin=EL.P.1-3 From Net=PCI 64
Remove Pin=EL.P.1-5 From Net=PCI 57
Remove Pin=EL.P.1-6 From Net=PCI 56
Remove Pin=EL.P.1-7 From Net=PCI 54
Remove Pin=EL.P.1-8 From Net=PCI 48
Remove Pin=P2-3 From Net=IDC10.1. 2
Remove Pin=P2-4 From Net=IDC10.1. 3
Remove Pin=P2-5 From Net=IDC10.1. 4
Remove Pin=P2-6 From Net=IDC10.1. 8
Remove Pin=P2-7 From Net=IDC10.1. 7
Remove Pin=P2-8 From Net=IDC10.1. 6
Remove Pin=P2-9 From Net=IDC10.1. 5
Remove Pin=P3-2 From Net=IDC10.2. 1
Remove Pin=P3-3 From Net=IDC10.2. 2
Remove Pin=P3-4 From Net=IDC10.2. 3
Remove Pin=P3-5 From Net=IDC10.2. 4
Remove Pin=P3-6 From Net=IDC10.2. 8
Remove Pin=P3-7 From Net=IDC10.2. 7
Remove Pin=P3-8 From Net=IDC10.2. 6
Remove Pin=P3-9 From Net=IDC10.2. 5
Remove Pin=P4-2 From Net=IDC10.3. 1
Remove Pin=P4-3 From Net=IDC10.3. 2
Remove Pin=P4-4 From Net=IDC10.3. 3
Remove Pin=P4-5 From Net=IDC10.3. 4
Remove Pin=P4-7 From Net=IDC10.3. 7
Remove Pin=P4-8 From Net=IDC10.3. 6
Remove Pin=P4-9 From Net=IDC10.3. 5
Remove Pin=P5-2 From Net=IDC10.4. 1
Remove Pin=P5-3 From Net=IDC10.4. 2
Remove Pin=P5-4 From Net=IDC10.4. 3
Remove Pin=P5-5 From Net=IDC10.4. 4
Remove Pin=P5-6 From Net=IDC10.4. 8
Remove Pin=P5-7 From Net=IDC10.4. 7
Remove Pin=P5-8 From Net=IDC10.4. 6
Remove Pin=P5-9 From Net=IDC10.4. 5
Remove Pin=P6-2 From Net=IDC10.5. 1
Remove Pin=P6-3 From Net=IDC10.5. 2
Remove Pin=P6-4 From Net=IDC10.5. 3
Remove Pin=P6-5 From Net=IDC10.5. 4
Remove Pin=P6-6 From Net=IDC10.5. 8
Remove Pin=P6-7 From Net=IDC10.5. 7
Remove Pin=P6-8 From Net=IDC10.5. 6
Remove Pin=P6-9 From Net=IDC10.5. 5
Remove Pin=P7-2 From Net=IDC10.6. 1
Remove Pin=P7-3 From Net=IDC10.6. 2
Remove Pin=P7-5 From Net=IDC10.6. 4
Remove Pin=P7-6 From Net=IDC10.6. 8
Remove Pin=P7-7 From Net=IDC10.6. 7
Remove Pin=P7-8 From Net=IDC10.6. 6
Remove Pin=P7-9 From Net=IDC10.6. 5
Remove Pin=P8-2 From Net=IDC10.7. 1
Remove Pin=P8-3 From Net=IDC10.7. 2
Remove Pin=P8-4 From Net=IDC10.7. 3
Remove Pin=P8-5 From Net=IDC10.7. 4
Remove Pin=P8-6 From Net=IDC10.7. 8
Remove Pin=P8-7 From Net=IDC10.7. 7
Remove Pin=P8-8 From Net=IDC10.7. 6
Remove Pin=P8-9 From Net=IDC10.7. 5
Remove Pin=P9-2 From Net=IDC10.8. 1
Remove Pin=P9-3 From Net=IDC10.8. 2
Remove Pin=P9-4 From Net=IDC10.8. 3
Remove Pin=P9-5 From Net=IDC10.8. 4
Remove Pin=P9-6 From Net=IDC10.8. 8
Remove Pin=P9-8 From Net=IDC10.8. 6
Remove Pin=P9-9 From Net=IDC10.8. 5
Remove Pin=P10-2 From Net=G1.1_1
Remove Pin=P10-3 From Net=G1.1_2
Remove Pin=P10-4 From Net=G1.1_3
Remove Pin=P10-5 From Net=G1.1_4
Remove Pin=P10-6 From Net=G1.1_8
Remove Pin=P10-7 From Net=G1.1_7
Remove Pin=P10-8 From Net=G1.1_6
Remove Pin=P10-9 From Net=G1.1_5
Remove Pin=P11-2 From Net=G2.2_1
Remove Pin=P11-3 From Net=G2.2_2
Remove Pin=P11-4 From Net=G2.2_3
Remove Pin=P11-5 From Net=G2.2_4
Remove Pin=P11-6 From Net=G2.2_8
Remove Pin=P11-7 From Net=G2.2_7
Remove Pin=P11-8 From Net=G2.2_6
Remove Pin=P11-9 From Net=G2.2_5
Remove Pin=P12-2 From Net=G3.2_1
Remove Pin=P12-3 From Net=G3.2_2
Remove Pin=P12-4 From Net=G3.2_3
Remove Pin=P12-5 From Net=G3.2_4
Remove Pin=P12-6 From Net=G3.2_8
Remove Pin=P12-7 From Net=G3.2_7
Remove Pin=P12-8 From Net=G3.2_6
Remove Pin=P12-9 From Net=G3.2_5
Remove Pin=P13-2 From Net=G1.1_9
Remove Pin=P13-3 From Net=G1.1_10
Remove Pin=P13-4 From Net=G1.1_11
Remove Pin=P13-5 From Net=G1.1_12
Remove Pin=P13-6 From Net=G1.1_16
Remove Pin=P13-7 From Net=G1.1_15
Remove Pin=P13-8 From Net=G1.1_14
Remove Pin=P13-9 From Net=G1.1_13
Remove Pin=P14-2 From Net=G2.2_9
Remove Pin=P14-3 From Net=G2.2_10
Remove Pin=P14-4 From Net=G2.2_11
Remove Pin=P14-5 From Net=G2.2_12
Remove Pin=P14-6 From Net=G2.2_16
Remove Pin=P14-7 From Net=G2.2_15
Remove Pin=P14-8 From Net=G2.2_14
Remove Pin=P14-9 From Net=G2.2_13
Remove Pin=P15-2 From Net=G3.2_9
Remove Pin=P15-3 From Net=G3.2_10
Remove Pin=P15-4 From Net=G3.2_11
Remove Pin=P15-5 From Net=G3.2_12
Remove Pin=P15-6 From Net=G3.2_16
Remove Pin=P15-7 From Net=G3.2_15
Remove Pin=P15-8 From Net=G3.2_14
Remove Pin=P15-9 From Net=G3.2_13
Remove Pin=PFI1-2 From Net=PCI 87
Remove Pin=PFI1-3 From Net=PCI 84
Remove Pin=PFI1-5 From Net=PCI 26
Remove Pin=PFI1-6 From Net=PCI 31
Remove Pin=PFI1-7 From Net=PCI 30
Remove Pin=PFI1-8 From Net=PCI 28
Remove Pin=PFI1-9 From Net=PCI 27
Remove Pin=R1-4 From Net=IDC10.3. 4
Remove Pin=R1-5 From Net=IDC10.3. 3
Remove Pin=R1-6 From Net=IDC10.3. 2
Remove Pin=R1-7 From Net=IDC10.3. 1
Remove Pin=RA1-4 From Net=IDC10.3. 5
Remove Pin=RA1-5 From Net=IDC10.3. 6
Remove Pin=RA1-6 From Net=IDC10.3. 7
Remove Pin=RA1-7 From Net=IDC10.3. 8
Remove Pin=RA2-4 From Net=IDC10.4. 5
Remove Pin=RA2-5 From Net=IDC10.4. 6
Remove Pin=RA2-6 From Net=IDC10.4. 7
Remove Pin=RA2-7 From Net=IDC10.4. 8
Remove Pin=RA3-4 From Net=IDC10.5. 5
Remove Pin=RA3-5 From Net=IDC10.5. 6
Remove Pin=RA3-6 From Net=IDC10.5. 7
Remove Pin=RA3-7 From Net=IDC10.5. 8
Remove Pin=RA4-4 From Net=IDC10.2. 5
Remove Pin=RA4-5 From Net=IDC10.2. 6
Remove Pin=RA4-6 From Net=IDC10.2. 7
Remove Pin=RA4-7 From Net=IDC10.2. 8
Remove Pin=RA5-4 From Net=IDC10.6. 5
Remove Pin=RA5-5 From Net=IDC10.6. 6
Remove Pin=RA5-6 From Net=IDC10.6. 7
Remove Pin=RA5-7 From Net=IDC10.6. 8
Remove Pin=RA6-4 From Net=IDC10.1. 5
Remove Pin=RA6-5 From Net=IDC10.1. 6
Remove Pin=RA6-6 From Net=IDC10.1. 7
Remove Pin=RA6-7 From Net=IDC10.1. 8
Remove Pin=RA7-4 From Net=IDC10.7. 5
Remove Pin=RA7-5 From Net=IDC10.7. 6
Remove Pin=RA7-6 From Net=IDC10.7. 7
Remove Pin=RA7-7 From Net=IDC10.7. 8
Remove Pin=RA8-4 From Net=IDC10.7. 4
Remove Pin=RA8-6 From Net=IDC10.7. 2
Remove Pin=RA8-7 From Net=IDC10.7. 1
Remove Pin=RA9-4 From Net=IDC10.1. 4
Remove Pin=RA9-5 From Net=IDC10.1. 3
Remove Pin=RA9-6 From Net=IDC10.1. 2
Remove Pin=RA9-7 From Net=IDC10.1. 1
Remove Pin=RA10-4 From Net=IDC10.6. 4
Remove Pin=RA10-5 From Net=IDC10.6. 3
Remove Pin=RA10-7 From Net=IDC10.6. 1
Remove Pin=RA11-4 From Net=IDC10.2. 4
Remove Pin=RA11-5 From Net=IDC10.2. 3
Remove Pin=RA11-6 From Net=IDC10.2. 2
Remove Pin=RA11-7 From Net=IDC10.2. 1
Remove Pin=RA12-4 From Net=IDC10.5. 4
Remove Pin=RA12-5 From Net=IDC10.5. 3
Remove Pin=RA12-6 From Net=IDC10.5. 2
Remove Pin=RA12-7 From Net=IDC10.5. 1
Remove Pin=RA13-4 From Net=IDC10.4. 4
Remove Pin=RA13-5 From Net=IDC10.4. 3
Remove Pin=RA13-6 From Net=IDC10.4. 2
Remove Pin=RA13-7 From Net=IDC10.4. 1
Remove Pin=RA14-4 From Net=IDC10.8. 5
Remove Pin=RA14-5 From Net=IDC10.8. 6
Remove Pin=RA14-6 From Net=IDC10.8. 7
Remove Pin=RA14-7 From Net=IDC10.8. 8
Remove Pin=RA15-4 From Net=IDC10.8. 4
Remove Pin=RA15-5 From Net=IDC10.8. 3
Remove Pin=RA15-6 From Net=IDC10.8. 2
Remove Pin=RA15-7 From Net=IDC10.8. 1
Remove Pin=RA17-4 From Net=KB_C2
Remove Pin=RA17-5 From Net=KB_C1
Remove Pin=RA17-6 From Net=KB_C3
Remove Pin=RA18-4 From Net=KB_S1
Remove Pin=RA18-6 From Net=KB_S3
Remove Pin=RA18-7 From Net=KB_S2
Remove Pin=Rvar2-2 From Net=LCD_VOUT
Remove Pin=Rvar3-0 From Net=POTENT
Remove Pin=VD1-1 From Net=NET_VD2
Remove Pin=VD2-1 From Net=NET_VD1
Remove Pin=WG1-3 From Net=LCDD/I
Remove Pin=WG1-4 From Net=LCDR/W
Remove Pin=WG1-5 From Net=LCDOE
Remove Pin=WG1-14 From Net=LCDCS1
Remove Pin=WG1-15 From Net=LCDCS2
Remove Pin=WG1-16 From Net=LCDRST
Remove Pin=WG1-17 From Net=LCD_VOUT
