Change Component Designator: Old Designator=12 New Designator=?
Change Component Designator: Old Designator=C22 New Designator=C?
Change Component Designator: Old Designator=Dip1 New Designator=Dip?
Change Component Designator: Old Designator=P12 New Designator=P?
Change Component Designator: Old Designator=ps850l New Designator=ps?
Change Component Designator: Old Designator=ps850l New Designator=ps?
Change Component Designator: Old Designator=ps850l New Designator=ps?
Change Component Designator: Old Designator=ps850l New Designator=ps?
Change Component Designator: Old Designator=R34 New Designator=R?
Change Component Designator: Old Designator=R34 New Designator=R?
Change Component Designator: Old Designator=R34 New Designator=R?
Change Component Designator: Old Designator=R34 New Designator=R?
Change Component Designator: Old Designator=R41 New Designator=R?
Change Component Designator: Old Designator=R42 New Designator=R?
Change Component Designator: Old Designator=R52 New Designator=R?
Change Component Designator: Old Designator=R53 New Designator=R?
Change Component Designator: Old Designator=R54 New Designator=R?
Change Component Designator: Old Designator=R55 New Designator=R?
Change Component Designator: Old Designator=R56 New Designator=R?
Change Component Designator: Old Designator=RA16 New Designator=RA?
Change Component Designator: Old Designator=RA17 New Designator=RA?
Change Component Designator: Old Designator=RA35 New Designator=RA?
Change Component Designator: Old Designator=RA36 New Designator=RA?
Change Component Designator: Old Designator=Rvar2 New Designator=Rvar?
Change Component Designator: Old Designator=Rvar4 New Designator=Rvar?
Change Component Designator: Old Designator=Rvar5 New Designator=Rvar?
Change Component Designator: Old Designator=Sound2 New Designator=Sound?
Change Component Designator: Old Designator=SREGLCD2 New Designator=SREGLCD?
Change Component Designator: Old Designator=VD1 New Designator=VD?
Change Component Designator: Old Designator=VD2 New Designator=VD?
Change Component Designator: Old Designator=WG2 New Designator=WG?
