Replace Part 1 AK-207 in C:\Diplom\Диплом Богданов\Диплом Шлыгин\Макет переделанный\ELSE_Perif.SchDoc with AK-207 from Library.SchLib
Replace Part Button 1 ps850l in C:\Diplom\Диплом Богданов\Диплом Шлыгин\Макет переделанный\ELSE_Perif.SchDoc with ps850l from Library.SchLib
Replace Part Button2 ps850l in C:\Diplom\Диплом Богданов\Диплом Шлыгин\Макет переделанный\ELSE_Perif.SchDoc with ps850l from Library.SchLib
Replace Part Button3 ps850l in C:\Diplom\Диплом Богданов\Диплом Шлыгин\Макет переделанный\ELSE_Perif.SchDoc with ps850l from Library.SchLib
Replace Part C1 CAPACITY in C:\Diplom\Диплом Богданов\Диплом Шлыгин\Макет переделанный\ELSE_Perif.SchDoc with CAPACITY from Library.SchLib
Replace Part Dip1 DIP in C:\Diplom\Диплом Богданов\Диплом Шлыгин\Макет переделанный\ELSE_Perif.SchDoc with DIP from Library.SchLib
Replace Part DIP_PORT DS1013-16 in C:\Diplom\Диплом Богданов\Диплом Шлыгин\Макет переделанный\ELSE_Perif.SchDoc with DS1013-16 from Library.SchLib
Replace Part R2 R0805 in C:\Diplom\Диплом Богданов\Диплом Шлыгин\Макет переделанный\ELSE_Perif.SchDoc with R0805 from Library.SchLib
Replace Part R3 R0805 in C:\Diplom\Диплом Богданов\Диплом Шлыгин\Макет переделанный\ELSE_Perif.SchDoc with R0805 from Library.SchLib
Replace Part R4 R0805 in C:\Diplom\Диплом Богданов\Диплом Шлыгин\Макет переделанный\ELSE_Perif.SchDoc with R0805 from Library.SchLib
Replace Part R5 R0805 in C:\Diplom\Диплом Богданов\Диплом Шлыгин\Макет переделанный\ELSE_Perif.SchDoc with R0805 from Library.SchLib
Replace Part R6 R0805 in C:\Diplom\Диплом Богданов\Диплом Шлыгин\Макет переделанный\ELSE_Perif.SchDoc with R0805 from Library.SchLib
Replace Part R7 R0805 in C:\Diplom\Диплом Богданов\Диплом Шлыгин\Макет переделанный\ELSE_Perif.SchDoc with R0805 from Library.SchLib
Replace Part R8 R0805 in C:\Diplom\Диплом Богданов\Диплом Шлыгин\Макет переделанный\ELSE_Perif.SchDoc with R0805 from Library.SchLib
Replace Part R9 R0805 in C:\Diplom\Диплом Богданов\Диплом Шлыгин\Макет переделанный\ELSE_Perif.SchDoc with R0805 from Library.SchLib
Replace Part R10 R0805 in C:\Diplom\Диплом Богданов\Диплом Шлыгин\Макет переделанный\ELSE_Perif.SchDoc with R0805 from Library.SchLib
Replace Part R11 R0805 in C:\Diplom\Диплом Богданов\Диплом Шлыгин\Макет переделанный\ELSE_Perif.SchDoc with R0805 from Library.SchLib
Replace Part R12 R0805 in C:\Diplom\Диплом Богданов\Диплом Шлыгин\Макет переделанный\ELSE_Perif.SchDoc with R0805 from Library.SchLib
Replace Part R14 R0805 in C:\Diplom\Диплом Богданов\Диплом Шлыгин\Макет переделанный\ELSE_Perif.SchDoc with R0805 from Library.SchLib
Replace Part R15 R0805 in C:\Diplom\Диплом Богданов\Диплом Шлыгин\Макет переделанный\ELSE_Perif.SchDoc with R0805 from Library.SchLib
Replace Part RA16 Bourns CAT16-102J4LF_1 in C:\Diplom\Диплом Богданов\Диплом Шлыгин\Макет переделанный\ELSE_Perif.SchDoc with Bourns CAT16-102J4LF_1 from Library.SchLib
Replace Part RA17 Bourns CAT16-102J4LF_1 in C:\Diplom\Диплом Богданов\Диплом Шлыгин\Макет переделанный\ELSE_Perif.SchDoc with Bourns CAT16-102J4LF_1 from Library.SchLib
Replace Part RA18 Bourns CAT16-102J4LF in C:\Diplom\Диплом Богданов\Диплом Шлыгин\Макет переделанный\ELSE_Perif.SchDoc with Bourns CAT16-102J4LF from Library.SchLib
Replace Part RA19 Bourns CAT16-102J4LF_1 in C:\Diplom\Диплом Богданов\Диплом Шлыгин\Макет переделанный\ELSE_Perif.SchDoc with Bourns CAT16-102J4LF_1 from Library.SchLib
Replace Part Reset Button ps850l in C:\Diplom\Диплом Богданов\Диплом Шлыгин\Макет переделанный\ELSE_Perif.SchDoc with ps850l from Library.SchLib
Replace Part Rvar1 R-0904N-A10K, L20KC in C:\Diplom\Диплом Богданов\Диплом Шлыгин\Макет переделанный\ELSE_Perif.SchDoc with R-0904N-A10K, L20KC from Library.SchLib
Replace Part Rvar2 R-0904N-A10K, L20KC in C:\Diplom\Диплом Богданов\Диплом Шлыгин\Макет переделанный\ELSE_Perif.SchDoc with R-0904N-A10K, L20KC from Library.SchLib
Replace Part Rvar3 R-0904N-A10K, L20KC in C:\Diplom\Диплом Богданов\Диплом Шлыгин\Макет переделанный\ELSE_Perif.SchDoc with R-0904N-A10K, L20KC from Library.SchLib
Replace Part Sound1 SCS-17-P10 in C:\Diplom\Диплом Богданов\Диплом Шлыгин\Макет переделанный\ELSE_Perif.SchDoc with SCS-17-P10 from Library.SchLib
Replace Part SREGLCD1 M74HC595B1R in C:\Diplom\Диплом Богданов\Диплом Шлыгин\Макет переделанный\ELSE_Perif.SchDoc with M74HC595B1R from Library.SchLib
Replace Part VD1 R0805 in C:\Diplom\Диплом Богданов\Диплом Шлыгин\Макет переделанный\ELSE_Perif.SchDoc with R0805 from Library.SchLib
Replace Part VD2 R0805 in C:\Diplom\Диплом Богданов\Диплом Шлыгин\Макет переделанный\ELSE_Perif.SchDoc with R0805 from Library.SchLib
Replace Part VD3 R0805 in C:\Diplom\Диплом Богданов\Диплом Шлыгин\Макет переделанный\ELSE_Perif.SchDoc with R0805 from Library.SchLib
Replace Part VD4 R0805 in C:\Diplom\Диплом Богданов\Диплом Шлыгин\Макет переделанный\ELSE_Perif.SchDoc with R0805 from Library.SchLib
Replace Part WG1 MT6464b in C:\Diplom\Диплом Богданов\Диплом Шлыгин\Макет переделанный\ELSE_Perif.SchDoc with MT6464b from Library.SchLib
