Change Component Designator: Old Designator=? New Designator=1
Change Component Designator: Old Designator=C? New Designator=C1
Change Component Designator: Old Designator=Dip? New Designator=Dip1
Change Component Designator: Old Designator=P? New Designator=P1
Change Component Designator: Old Designator=ps? New Designator=ps1
Change Component Designator: Old Designator=ps? New Designator=ps2
Change Component Designator: Old Designator=ps? New Designator=ps3
Change Component Designator: Old Designator=ps? New Designator=ps4
Change Component Designator: Old Designator=R? New Designator=R2
Change Component Designator: Old Designator=R? New Designator=R3
Change Component Designator: Old Designator=R? New Designator=R4
Change Component Designator: Old Designator=R? New Designator=R5
Change Component Designator: Old Designator=R? New Designator=R6
Change Component Designator: Old Designator=R? New Designator=R7
Change Component Designator: Old Designator=R? New Designator=R8
Change Component Designator: Old Designator=R? New Designator=R9
Change Component Designator: Old Designator=R? New Designator=R10
Change Component Designator: Old Designator=R? New Designator=R11
Change Component Designator: Old Designator=R? New Designator=R12
Change Component Designator: Old Designator=RA? New Designator=RA16
Change Component Designator: Old Designator=RA? New Designator=RA17
Change Component Designator: Old Designator=RA? New Designator=RA18
Change Component Designator: Old Designator=RA? New Designator=RA19
Change Component Designator: Old Designator=Rvar? New Designator=Rvar1
Change Component Designator: Old Designator=Rvar? New Designator=Rvar2
Change Component Designator: Old Designator=Rvar? New Designator=Rvar3
Change Component Designator: Old Designator=Sound? New Designator=Sound1
Change Component Designator: Old Designator=SREGLCD? New Designator=SREGLCD1
Change Component Designator: Old Designator=VD? New Designator=VD1
Change Component Designator: Old Designator=VD? New Designator=VD2
Change Component Designator: Old Designator=WG? New Designator=WG1
