Change Component Designator: OldDesignator=2 NewDesignator=SevenSegments
Added Pin To Net: NetName=7SEG_CLK Pin=Connector-71
Added Pin To Net: NetName=VCC3.3 Pin=P_GIO_1-4
Added Pin To Net: NetName=VCC5 Pin=P_GIO_1-5
Added Pin To Net: NetName=E_VCC Pin=P_GIO_1-6
Added Pin To Net: NetName=GND Pin=P_GIO_1-7
Added Pin To Net: NetName=E_SYNC Pin=P_GIO_1-14
Added Pin To Net: NetName=E_GEN Pin=P_GIO_1-15
Change Net Name : Old Net Name=AI5 New Net Name=AI1
Change Net Name : Old Net Name=AO5 New Net Name=AO1
Change Net Name : Old Net Name=IDC10.5. 1 New Net Name=IDC10.1. 1
Change Net Name : Old Net Name=IDC10.5. 2 New Net Name=IDC10.1. 2
Change Net Name : Old Net Name=IDC10.5. 4 New Net Name=IDC10.1. 4
Change Net Name : Old Net Name=IDC10.5. 5 New Net Name=IDC10.1. 5
Change Net Name : Old Net Name=IDC10.5. 6 New Net Name=IDC10.1. 6
Change Net Name : Old Net Name=IDC10.5. 7 New Net Name=IDC10.1. 7
Change Net Name : Old Net Name=IDC10.5. 8 New Net Name=IDC10.1. 8
Change Net Name : Old Net Name=Net2_1 New Net Name=NetRA24_6
Change Net Name : Old Net Name=Net2_2 New Net Name=NetRA24_7
Change Net Name : Old Net Name=Net2_3 New Net Name=NetRA24_5
Change Net Name : Old Net Name=Net2_4 New Net Name=NetRA24_4
Change Net Name : Old Net Name=Net2_5 New Net Name=NetRA26_6
Change Net Name : Old Net Name=Net2_6 New Net Name=NetRA26_7
Change Net Name : Old Net Name=Net2_7 New Net Name=NetRA26_4
Change Net Name : Old Net Name=Net2_8 New Net Name=NetRA26_5
Change Net Name : Old Net Name=Net2_11 New Net Name=NetRA27_4
Change Net Name : Old Net Name=Net2_12 New Net Name=NetRA27_5
Change Net Name : Old Net Name=Net2_13 New Net Name=NetRA27_6
Change Net Name : Old Net Name=Net2_14 New Net Name=NetRA27_7
Change Net Name : Old Net Name=Net2_15 New Net Name=NetRA25_4
Change Net Name : Old Net Name=Net2_16 New Net Name=NetRA25_6
Change Net Name : Old Net Name=Net2_17 New Net Name=NetRA25_5
Change Net Name : Old Net Name=Net2_18 New Net Name=NetRA25_7
Change Net Name : Old Net Name=Net2_19 New Net Name=NetRA23_1
Change Net Name : Old Net Name=Net2_20 New Net Name=NetRA23_0
Change Net Name : Old Net Name=Net2_21 New Net Name=NetRA23_2
Change Net Name : Old Net Name=Net2_24 New Net Name=NetRA23_3
Change Net Name : Old Net Name=Net2_25 New Net Name=NetRA21_0
Change Net Name : Old Net Name=Net2_26 New Net Name=NetRA21_1
Change Net Name : Old Net Name=Net2_27 New Net Name=NetRA21_2
Change Net Name : Old Net Name=Net2_28 New Net Name=NetRA20_1
Change Net Name : Old Net Name=Net2_29 New Net Name=NetRA20_2
Change Net Name : Old Net Name=Net2_30 New Net Name=NetRA20_0
Change Net Name : Old Net Name=Net2_33 New Net Name=NetRA22_1
Change Net Name : Old Net Name=Net2_34 New Net Name=NetRA22_2
Change Net Name : Old Net Name=Net2_35 New Net Name=NetRA22_3
Change Net Name : Old Net Name=Net2_36 New Net Name=NetRA22_0
Added Pin To Net: NetName=AI5 Pin=P_GIO_1-12
Added Net: Name=AI5
Added Pin To Net: NetName=AO5 Pin=P_GIO_1-13
Added Net: Name=AO5
Added Pin To Net: NetName=IDC10.5. 1 Pin=P_GIO_1-0
Added Net: Name=IDC10.5. 1
Added Pin To Net: NetName=IDC10.5. 2 Pin=P_GIO_1-8
Added Net: Name=IDC10.5. 2
Added Pin To Net: NetName=IDC10.5. 4 Pin=P_GIO_1-9
Added Net: Name=IDC10.5. 4
Added Pin To Net: NetName=IDC10.5. 5 Pin=P_GIO_1-2
Added Net: Name=IDC10.5. 5
Added Pin To Net: NetName=IDC10.5. 6 Pin=P_GIO_1-10
Added Net: Name=IDC10.5. 6
Added Pin To Net: NetName=IDC10.5. 7 Pin=P_GIO_1-3
Added Net: Name=IDC10.5. 7
Added Pin To Net: NetName=IDC10.5. 8 Pin=P_GIO_1-11
Added Net: Name=IDC10.5. 8
