Removed Pin From Net: NetName=E_VCC Pin=P_GIO_2-6
Removed Pin From Net: NetName=GND Pin=P_GIO_2-7
Removed Pin From Net: NetName=AI2 Pin=RA_25-4
Removed Pin From Net: NetName=AO2 Pin=RA_25-5
Removed Pin From Net: NetName=E_SYNC Pin=RA_25-6
Removed Pin From Net: NetName=E_GEN Pin=RA_25-7
Added Pin To Net: NetName=E_GEN Pin=P_GIO_2-6
Added Pin To Net: NetName=AI2 Pin=P_GIO_2-7
Added Pin To Net: NetName=AO2 Pin=RA_25-4
Added Pin To Net: NetName=E_SYNC Pin=RA_25-5
Added Pin To Net: NetName=E_VCC Pin=RA_25-6
Added Pin To Net: NetName=GND Pin=RA_25-7
Added Pin To Net: NetName=P_GIO_2_12_GND Pin=P_GIO_2-12
Added Pin To Net: NetName=P_GIO_2_12_GND Pin=RA_25-0
Added Net: Name=P_GIO_2_12_GND
Added Pin To Net: NetName=P_GIO_2_13_E_VCC Pin=P_GIO_2-13
Added Pin To Net: NetName=P_GIO_2_13_E_VCC Pin=RA_25-1
Added Net: Name=P_GIO_2_13_E_VCC
Added Pin To Net: NetName=P_GIO_2_14_E_SYNC Pin=P_GIO_2-14
Added Pin To Net: NetName=P_GIO_2_14_E_SYNC Pin=RA_25-2
Added Net: Name=P_GIO_2_14_E_SYNC
Added Pin To Net: NetName=P_GIO_2_15_AO2 Pin=P_GIO_2-15
Added Pin To Net: NetName=P_GIO_2_15_AO2 Pin=RA_25-3
Added Net: Name=P_GIO_2_15_AO2
