Change Physical Footprint: Designator=1 Old Footprint=AK-207 New Footprint=AK-207
Change Physical Footprint: Designator=2 Old Footprint=CA56-11EWA New Footprint=CA56-11EWA
Change Physical Footprint: Designator=3 Old Footprint=PCI-120 New Footprint=PCI-120
Change Physical Footprint: Designator=Button 1 Old Footprint=ps850l New Footprint=ps850l
Change Physical Footprint: Designator=Button2 Old Footprint=ps850l New Footprint=ps850l
Change Physical Footprint: Designator=Button3 Old Footprint=ps850l New Footprint=ps850l
Change Physical Footprint: Designator=C1 Old Footprint=R0805 New Footprint=R0805
Change Physical Footprint: Designator=C2 Old Footprint=R0805 New Footprint=R0805
Change Physical Footprint: Designator=C3 Old Footprint=R0805 New Footprint=R0805
Change Physical Footprint: Designator=C4 Old Footprint=R0805 New Footprint=R0805
Change Physical Footprint: Designator=C5 Old Footprint=R0805 New Footprint=R0805
Change Physical Footprint: Designator=C6 Old Footprint=R0805 New Footprint=R0805
Change Physical Footprint: Designator=C7 Old Footprint=R0805 New Footprint=R0805
Change Physical Footprint: Designator=C8 Old Footprint=R0805 New Footprint=R0805
Change Physical Footprint: Designator=C9 Old Footprint=R0805 New Footprint=R0805
Change Physical Footprint: Designator=C16 Old Footprint=R0805 New Footprint=R0805
Change Physical Footprint: Designator=C17 Old Footprint=R0805 New Footprint=R0805
Change Physical Footprint: Designator=C18 Old Footprint=R0805 New Footprint=R0805
Change Physical Footprint: Designator=C19 Old Footprint=R0805 New Footprint=R0805
Change Physical Footprint: Designator=Connector Old Footprint=Connect New Footprint=Connect
Change Physical Footprint: Designator=CT2 Old Footprint=tantal cap New Footprint=tantal cap
Change Physical Footprint: Designator=Dip1 Old Footprint=SWD1-8 New Footprint=SWD1-8
Change Physical Footprint: Designator=DS Old Footprint=ds-313 New Footprint=ds-313
Change Physical Footprint: Designator=ELVIS_DIO_1 Old Footprint=DS1013-16 New Footprint=DS1013-16
Change Physical Footprint: Designator=ELVIS_DIO_2 Old Footprint=DS1013-16 New Footprint=DS1013-16
Change Physical Footprint: Designator=ELVIS_DIO_3 Old Footprint=DS1013-16 New Footprint=DS1013-16
Change Physical Footprint: Designator=ELVIS_Else Old Footprint=DS1013-16 New Footprint=DS1013-16
Change Physical Footprint: Designator=ELVIS_PFI Old Footprint=DS1013-16 New Footprint=DS1013-16
Change Physical Footprint: Designator=P1 Old Footprint=IDC10 New Footprint=IDC10
Change Physical Footprint: Designator=P_GIO_1 Old Footprint=DS1013-16 New Footprint=DS1013-16
Change Physical Footprint: Designator=P_GIO_2 Old Footprint=DS1013-16 New Footprint=DS1013-16
Change Physical Footprint: Designator=P_GIO_3 Old Footprint=DS1013-16 New Footprint=DS1013-16
Change Physical Footprint: Designator=P_GIO_4 Old Footprint=DS1013-16 New Footprint=DS1013-16
Change Physical Footprint: Designator=R2 Old Footprint=R0805 New Footprint=R0805
Change Physical Footprint: Designator=R3 Old Footprint=R0805 New Footprint=R0805
Change Physical Footprint: Designator=R4 Old Footprint=R0805 New Footprint=R0805
Change Physical Footprint: Designator=R5 Old Footprint=R0805 New Footprint=R0805
Change Physical Footprint: Designator=R6 Old Footprint=R0805 New Footprint=R0805
Change Physical Footprint: Designator=R7 Old Footprint=R0805 New Footprint=R0805
Change Physical Footprint: Designator=R8 Old Footprint=R0805 New Footprint=R0805
Change Physical Footprint: Designator=R9 Old Footprint=R0805 New Footprint=R0805
Change Physical Footprint: Designator=R10 Old Footprint=R0805 New Footprint=R0805
Change Physical Footprint: Designator=R11 Old Footprint=R0805 New Footprint=R0805
Change Physical Footprint: Designator=R12 Old Footprint=R0805 New Footprint=R0805
Change Physical Footprint: Designator=R13 Old Footprint=R0805 New Footprint=R0805
Change Physical Footprint: Designator=R50 Old Footprint=R0805 New Footprint=R0805
Change Physical Footprint: Designator=R51 Old Footprint=R0805 New Footprint=R0805
Change Physical Footprint: Designator=RA16 Old Footprint=CAT16-102J4LF_2 New Footprint=CAT16-102J4LF_2
Change Physical Footprint: Designator=RA17 Old Footprint=CAT16-102J4LF_2 New Footprint=CAT16-102J4LF_2
Change Physical Footprint: Designator=RA18 Old Footprint=CAT16-102J4LF New Footprint=CAT16-102J4LF
Change Physical Footprint: Designator=RA19 Old Footprint=CAT16-102J4LF_2 New Footprint=CAT16-102J4LF_2
Change Physical Footprint: Designator=RA20 Old Footprint=CAT16-102J4LF_2 New Footprint=CAT16-102J4LF_2
Change Physical Footprint: Designator=RA21 Old Footprint=CAT16-102J4LF_2 New Footprint=CAT16-102J4LF_2
Change Physical Footprint: Designator=RA22 Old Footprint=CAT16-102J4LF_2 New Footprint=CAT16-102J4LF_2
Change Physical Footprint: Designator=RA23 Old Footprint=CAT16-102J4LF_2 New Footprint=CAT16-102J4LF_2
Change Physical Footprint: Designator=RA24 Old Footprint=CAT16-102J4LF_2 New Footprint=CAT16-102J4LF_2
Change Physical Footprint: Designator=RA25 Old Footprint=CAT16-102J4LF_2 New Footprint=CAT16-102J4LF_2
Change Physical Footprint: Designator=RA26 Old Footprint=CAT16-102J4LF_2 New Footprint=CAT16-102J4LF_2
Change Physical Footprint: Designator=RA27 Old Footprint=CAT16-102J4LF_2 New Footprint=CAT16-102J4LF_2
Change Physical Footprint: Designator=RA_21 Old Footprint=CAT16-102J4LF_2 New Footprint=CAT16-102J4LF_2
Change Physical Footprint: Designator=RA_22 Old Footprint=CAT16-102J4LF_2 New Footprint=CAT16-102J4LF_2
Change Physical Footprint: Designator=RA_23 Old Footprint=CAT16-102J4LF_2 New Footprint=CAT16-102J4LF_2
Change Physical Footprint: Designator=RA_24 Old Footprint=CAT16-102J4LF_2 New Footprint=CAT16-102J4LF_2
Change Physical Footprint: Designator=RA_25 Old Footprint=CAT16-102J4LF_2 New Footprint=CAT16-102J4LF_2
Change Physical Footprint: Designator=RA_26 Old Footprint=CAT16-102J4LF_2 New Footprint=CAT16-102J4LF_2
Change Physical Footprint: Designator=RA_27 Old Footprint=CAT16-102J4LF_2 New Footprint=CAT16-102J4LF_2
Change Physical Footprint: Designator=RA_28 Old Footprint=CAT16-102J4LF_2 New Footprint=CAT16-102J4LF_2
Change Physical Footprint: Designator=RA_29 Old Footprint=CAT16-102J4LF_2 New Footprint=CAT16-102J4LF_2
Change Physical Footprint: Designator=RA_30 Old Footprint=CAT16-102J4LF_2 New Footprint=CAT16-102J4LF_2
Change Physical Footprint: Designator=RA_31 Old Footprint=CAT16-102J4LF_2 New Footprint=CAT16-102J4LF_2
Change Physical Footprint: Designator=RA_32 Old Footprint=CAT16-102J4LF_2 New Footprint=CAT16-102J4LF_2
Change Physical Footprint: Designator=Reset Button Old Footprint=ps850l New Footprint=ps850l
Change Physical Footprint: Designator=Rvar1 Old Footprint=R-0904N-A10K, L20KC New Footprint=R-0904N-A10K, L20KC
Change Physical Footprint: Designator=Rvar2 Old Footprint=R-0904N-A10K, L20KC New Footprint=R-0904N-A10K, L20KC
Change Physical Footprint: Designator=Rvar3 Old Footprint=R-0904N-A10K, L20KC New Footprint=R-0904N-A10K, L20KC
Change Physical Footprint: Designator=Sound1 Old Footprint=SCS-17-P10 New Footprint=SCS-17-P10
Change Physical Footprint: Designator=SREG1 Old Footprint=SN74HC164DRX New Footprint=SN74HC164DRX
Change Physical Footprint: Designator=SREG2 Old Footprint=SN74HC164DRX New Footprint=SN74HC164DRX
Change Physical Footprint: Designator=SREG3 Old Footprint=SN74HC164DRX New Footprint=SN74HC164DRX
Change Physical Footprint: Designator=SREG4 Old Footprint=SN74HC164DRX New Footprint=SN74HC164DRX
Change Physical Footprint: Designator=SREGLCD1 Old Footprint=SN74HC164DRX New Footprint=SN74HC164DRX
Change Physical Footprint: Designator=TPS 1 Old Footprint=SOT223-5 New Footprint=SOT223-5
Change Physical Footprint: Designator=V1 Old Footprint=IRU1010-18 New Footprint=IRU1010-18
Change Physical Footprint: Designator=V3.3 Old Footprint=LM1085 New Footprint=LM1085
Change Physical Footprint: Designator=Vcc2 Old Footprint=sot223 New Footprint=sot223
Change Physical Footprint: Designator=VCC_Switch Old Footprint=switch New Footprint=switch
Change Physical Footprint: Designator=VCC_Switch1 Old Footprint=switch New Footprint=switch
Change Physical Footprint: Designator=VCC_Switch2 Old Footprint=switch New Footprint=switch
Change Physical Footprint: Designator=VD1 Old Footprint=R0805 New Footprint=R0805
Change Physical Footprint: Designator=VD2 Old Footprint=R0805 New Footprint=R0805
Change Physical Footprint: Designator=WG1 Old Footprint=WG12864A New Footprint=WG12864A
