Removed Pin From Net: NetName=IDC10.4. 1 Pin=P_GIO_4-0
Removed Pin From Net: NetName=IDC10.4. 3 Pin=P_GIO_4-1
Removed Pin From Net: NetName=IDC10.4. 5 Pin=P_GIO_4-2
Removed Pin From Net: NetName=IDC10.4. 7 Pin=P_GIO_4-3
Removed Pin From Net: NetName=IDC10.4. 2 Pin=P_GIO_4-8
Removed Pin From Net: NetName=IDC10.4. 4 Pin=P_GIO_4-9
Removed Pin From Net: NetName=IDC10.4. 6 Pin=P_GIO_4-10
Removed Pin From Net: NetName=IDC10.4. 8 Pin=P_GIO_4-11
Removed Pin From Net: NetName=AI4 Pin=P_GIO_4-12
Removed Pin From Net: NetName=AO4 Pin=P_GIO_4-13
Removed Pin From Net: NetName=E_SYNC Pin=P_GIO_4-14
Removed Pin From Net: NetName=E_GEN Pin=P_GIO_4-15
Removed Pin From Net: NetName=VCC3.3 Pin=P_GIO_5-4
Removed Pin From Net: NetName=VCC5 Pin=P_GIO_5-5
Removed Pin From Net: NetName=E_VCC Pin=P_GIO_5-6
Removed Pin From Net: NetName=GND Pin=P_GIO_5-7
Removed Pin From Net: NetName=E_SYNC Pin=P_GIO_5-14
Removed Pin From Net: NetName=E_GEN Pin=P_GIO_5-15
Removed Member From Class: ClassName=Ports_2 Member=P_GIO_5
Added Component: Designator=RA_30(CAT16-102J4LF_2)
Added Component: Designator=RA_31(CAT16-102J4LF_2)
Added Component: Designator=RA_32(CAT16-102J4LF_2)
Added Pin To Net: NetName=E_GEN Pin=Connector-13
Added Pin To Net: NetName=E_SYNC Pin=Connector-14
Added Pin To Net: NetName=AO4 Pin=Connector-15
Added Pin To Net: NetName=AI4 Pin=Connector-16
Added Pin To Net: NetName=IDC10.4. 8 Pin=Connector-17
Added Pin To Net: NetName=IDC10.4. 6 Pin=Connector-18
Added Pin To Net: NetName=IDC10.4. 4 Pin=Connector-19
Added Pin To Net: NetName=IDC10.4. 2 Pin=Connector-20
Added Pin To Net: NetName=IDC10.4. 7 Pin=Connector-45
Added Pin To Net: NetName=IDC10.4. 5 Pin=Connector-46
Added Pin To Net: NetName=IDC10.4. 3 Pin=Connector-47
Added Pin To Net: NetName=IDC10.4. 1 Pin=Connector-48
Added Pin To Net: NetName=GND Pin=Connector-49
Added Pin To Net: NetName=E_VCC Pin=Connector-50
Added Pin To Net: NetName=VCC5 Pin=Connector-51
Added Pin To Net: NetName=VCC3.3 Pin=Connector-52
Added Pin To Net: NetName=IDC10.4. 1 Pin=RA_30-4
Added Pin To Net: NetName=IDC10.4. 3 Pin=RA_30-5
Added Pin To Net: NetName=IDC10.4. 5 Pin=RA_30-6
Added Pin To Net: NetName=IDC10.4. 7 Pin=RA_30-7
Added Pin To Net: NetName=AI4 Pin=RA_31-4
Added Pin To Net: NetName=AO4 Pin=RA_31-5
Added Pin To Net: NetName=E_SYNC Pin=RA_31-6
Added Pin To Net: NetName=E_GEN Pin=RA_31-7
Added Pin To Net: NetName=IDC10.4. 2 Pin=RA_32-0
Added Pin To Net: NetName=IDC10.4. 4 Pin=RA_32-1
Added Pin To Net: NetName=IDC10.4. 6 Pin=RA_32-2
Added Pin To Net: NetName=IDC10.4. 8 Pin=RA_32-3
Added Pin To Net: NetName=P_GIO_4_0 Pin=P_GIO_4-0
Added Pin To Net: NetName=P_GIO_4_0 Pin=RA_30-3
Added Net: Name=P_GIO_4_0
Added Pin To Net: NetName=P_GIO_4_1 Pin=P_GIO_4-1
Added Pin To Net: NetName=P_GIO_4_1 Pin=RA_30-2
Added Net: Name=P_GIO_4_1
Added Pin To Net: NetName=P_GIO_4_2 Pin=P_GIO_4-2
Added Pin To Net: NetName=P_GIO_4_2 Pin=RA_30-1
Added Net: Name=P_GIO_4_2
Added Pin To Net: NetName=P_GIO_4_3 Pin=P_GIO_4-3
Added Pin To Net: NetName=P_GIO_4_3 Pin=RA_30-0
Added Net: Name=P_GIO_4_3
Added Pin To Net: NetName=P_GIO_4_8 Pin=P_GIO_4-8
Added Pin To Net: NetName=P_GIO_4_8 Pin=RA_32-4
Added Net: Name=P_GIO_4_8
Added Pin To Net: NetName=P_GIO_4_9 Pin=P_GIO_4-9
Added Pin To Net: NetName=P_GIO_4_9 Pin=RA_32-5
Added Net: Name=P_GIO_4_9
Added Pin To Net: NetName=P_GIO_4_10 Pin=P_GIO_4-10
Added Pin To Net: NetName=P_GIO_4_10 Pin=RA_32-6
Added Net: Name=P_GIO_4_10
Added Pin To Net: NetName=P_GIO_4_11 Pin=P_GIO_4-11
Added Pin To Net: NetName=P_GIO_4_11 Pin=RA_32-7
Added Net: Name=P_GIO_4_11
Added Pin To Net: NetName=P_GIO_4_12 Pin=P_GIO_4-12
Added Pin To Net: NetName=P_GIO_4_12 Pin=RA_31-0
Added Net: Name=P_GIO_4_12
Added Pin To Net: NetName=P_GIO_4_13 Pin=P_GIO_4-13
Added Pin To Net: NetName=P_GIO_4_13 Pin=RA_31-1
Added Net: Name=P_GIO_4_13
Added Pin To Net: NetName=P_GIO_4_14 Pin=P_GIO_4-14
Added Pin To Net: NetName=P_GIO_4_14 Pin=RA_31-2
Added Net: Name=P_GIO_4_14
Added Pin To Net: NetName=P_GIO_4_15 Pin=P_GIO_4-15
Added Pin To Net: NetName=P_GIO_4_15 Pin=RA_31-3
Added Net: Name=P_GIO_4_15
Added Member To Class: ClassName=Ports_2 Member=Component RA_30 Bourns CAT16-102J4LF_1
Added Member To Class: ClassName=Ports_2 Member=Component RA_31 Bourns CAT16-102J4LF_1
Added Member To Class: ClassName=Ports_2 Member=Component RA_32 Bourns CAT16-102J4LF_1
