Added Pin To Net: NetName=NET_VD1 Pin=Connector-74
Added Pin To Net: NetName=NET_VD2 Pin=Connector-75
Added Pin To Net: NetName=VCC3.3 Pin=P_GIO_1-4
Added Pin To Net: NetName=VCC5 Pin=P_GIO_1-5
Added Pin To Net: NetName=E_VCC Pin=P_GIO_1-6
Added Pin To Net: NetName=GND Pin=P_GIO_1-7
Added Pin To Net: NetName=E_SYNC Pin=P_GIO_1-14
Added Pin To Net: NetName=E_GEN Pin=P_GIO_1-15
Change Net Name : Old Net Name=AI5 New Net Name=AI1
Change Net Name : Old Net Name=AO5 New Net Name=AO1
Change Net Name : Old Net Name=IDC10.5. 1 New Net Name=IDC10.1. 1
Change Net Name : Old Net Name=IDC10.5. 2 New Net Name=IDC10.1. 2
Change Net Name : Old Net Name=IDC10.5. 4 New Net Name=IDC10.1. 4
Change Net Name : Old Net Name=IDC10.5. 5 New Net Name=IDC10.1. 5
Change Net Name : Old Net Name=IDC10.5. 6 New Net Name=IDC10.1. 6
Change Net Name : Old Net Name=IDC10.5. 7 New Net Name=IDC10.1. 7
Change Net Name : Old Net Name=IDC10.5. 8 New Net Name=IDC10.1. 8
Added Pin To Net: NetName=AI5 Pin=P_GIO_1-12
Added Net: Name=AI5
Added Pin To Net: NetName=AO5 Pin=P_GIO_1-13
Added Net: Name=AO5
Added Pin To Net: NetName=BUTTON_RESET Pin=Connector-121
Added Net: Name=BUTTON_RESET
Added Pin To Net: NetName=IDC10.5. 1 Pin=P_GIO_1-0
Added Net: Name=IDC10.5. 1
Added Pin To Net: NetName=IDC10.5. 2 Pin=P_GIO_1-8
Added Net: Name=IDC10.5. 2
Added Pin To Net: NetName=IDC10.5. 4 Pin=P_GIO_1-9
Added Net: Name=IDC10.5. 4
Added Pin To Net: NetName=IDC10.5. 5 Pin=P_GIO_1-2
Added Net: Name=IDC10.5. 5
Added Pin To Net: NetName=IDC10.5. 6 Pin=P_GIO_1-10
Added Net: Name=IDC10.5. 6
Added Pin To Net: NetName=IDC10.5. 7 Pin=P_GIO_1-3
Added Net: Name=IDC10.5. 7
Added Pin To Net: NetName=IDC10.5. 8 Pin=P_GIO_1-11
Added Net: Name=IDC10.5. 8
Added Pin To Net: NetName=KLAV_STB1 Pin=Connector-124
Added Net: Name=KLAV_STB1
Added Pin To Net: NetName=KLAV_STB2 Pin=Connector-123
Added Net: Name=KLAV_STB2
Added Pin To Net: NetName=KLAV_STB3 Pin=Connector-122
Added Net: Name=KLAV_STB3
Added Pin To Net: NetName=KLAV_STR1 Pin=Connector-69
Added Net: Name=KLAV_STR1
Added Pin To Net: NetName=KLAV_STR2 Pin=Connector-70
Added Net: Name=KLAV_STR2
Added Pin To Net: NetName=KLAV_STR3 Pin=Connector-71
Added Net: Name=KLAV_STR3
Added Pin To Net: NetName=KLAV_STR4 Pin=Connector-72
Added Net: Name=KLAV_STR4
