Removed Pin From Net: NetName=P_GIO_1_15 Pin=RA_22-0
Removed Pin From Net: NetName=P_GIO_1_14 Pin=RA_22-1
Removed Pin From Net: NetName=P_GIO_1_13 Pin=RA_22-2
Removed Pin From Net: NetName=P_GIO_1_12 Pin=RA_22-3
Removed Pin From Net: NetName=AI1 Pin=RA_22-4
Removed Pin From Net: NetName=AO1 Pin=RA_22-5
Removed Pin From Net: NetName=E_SYNC Pin=RA_22-6
Removed Pin From Net: NetName=E_GEN Pin=RA_22-7
Removed Pin From Net: NetName=P_GIO_1_8 Pin=RA_23-0
Removed Pin From Net: NetName=P_GIO_1_9 Pin=RA_23-1
Removed Pin From Net: NetName=P_GIO_1_10 Pin=RA_23-2
Removed Pin From Net: NetName=P_GIO_1_11 Pin=RA_23-3
Removed Pin From Net: NetName=IDC10.1. 8 Pin=RA_23-4
Removed Pin From Net: NetName=IDC10.1. 6 Pin=RA_23-5
Removed Pin From Net: NetName=IDC10.1. 4 Pin=RA_23-6
Removed Pin From Net: NetName=IDC10.1. 2 Pin=RA_23-7
Added Pin To Net: NetName=AI1 Pin=RA_22-0
Added Pin To Net: NetName=AO1 Pin=RA_22-1
Added Pin To Net: NetName=E_SYNC Pin=RA_22-2
Added Pin To Net: NetName=E_GEN Pin=RA_22-3
Added Pin To Net: NetName=P_GIO_1_15 Pin=RA_22-4
Added Pin To Net: NetName=P_GIO_1_14 Pin=RA_22-5
Added Pin To Net: NetName=P_GIO_1_13 Pin=RA_22-6
Added Pin To Net: NetName=P_GIO_1_12 Pin=RA_22-7
Added Pin To Net: NetName=IDC10.1. 8 Pin=RA_23-0
Added Pin To Net: NetName=IDC10.1. 6 Pin=RA_23-1
Added Pin To Net: NetName=IDC10.1. 4 Pin=RA_23-2
Added Pin To Net: NetName=IDC10.1. 2 Pin=RA_23-3
Added Pin To Net: NetName=P_GIO_1_8 Pin=RA_23-4
Added Pin To Net: NetName=P_GIO_1_9 Pin=RA_23-5
Added Pin To Net: NetName=P_GIO_1_10 Pin=RA_23-6
Added Pin To Net: NetName=P_GIO_1_11 Pin=RA_23-7
