Removed Pin From Net: NetName=IDC10.1. 1 Pin=RA_21-4
Removed Pin From Net: NetName=IDC10.1. 3 Pin=RA_21-5
Removed Pin From Net: NetName=IDC10.1. 5 Pin=RA_21-6
Removed Pin From Net: NetName=IDC10.1. 7 Pin=RA_21-7
Added Pin To Net: NetName=IDC10.1. 7 Pin=RA_21-0
Added Pin To Net: NetName=IDC10.1. 5 Pin=RA_21-1
Added Pin To Net: NetName=IDC10.1. 3 Pin=RA_21-2
Added Pin To Net: NetName=IDC10.1. 1 Pin=RA_21-3
Added Pin To Net: NetName=P_GIO_1_0 Pin=P_GIO_1-0
Added Pin To Net: NetName=P_GIO_1_0 Pin=RA_21-4
Added Net: Name=P_GIO_1_0
Added Pin To Net: NetName=P_GIO_1_1 Pin=P_GIO_1-1
Added Pin To Net: NetName=P_GIO_1_1 Pin=RA_21-5
Added Net: Name=P_GIO_1_1
Added Pin To Net: NetName=P_GIO_1_2 Pin=P_GIO_1-2
Added Pin To Net: NetName=P_GIO_1_2 Pin=RA_21-6
Added Net: Name=P_GIO_1_2
Added Pin To Net: NetName=P_GIO_1_3 Pin=P_GIO_1-3
Added Pin To Net: NetName=P_GIO_1_3 Pin=RA_21-7
Added Net: Name=P_GIO_1_3
