Change Component Comment : Designator=C16 Old Comment=10u New Comment=10muF
Change Component Comment : Designator=R51 Old Comment=196R New Comment=198R
Change Component Comment : Designator=V3.3 Old Comment=LM1085 New Comment=LM1085 3.3Vout
Added Component: Designator=DS(ds-313)
Added Pin To Net: NetName=VCC5 Pin=DS-1
Added Pin To Net: NetName=GND Pin=DS-2
Added Pin To Net: NetName=VCC5 Pin=DS-3
Added Pin To Net: NetName=E_DIO_0 Pin=ELVIS_DIO_1-0
Added Pin To Net: NetName=E_DIO_4 Pin=ELVIS_DIO_1-2
Added Pin To Net: NetName=E_DIO_6 Pin=ELVIS_DIO_1-3
Added Pin To Net: NetName=VCC3.3 Pin=ELVIS_DIO_1-4
Added Pin To Net: NetName=VCC5 Pin=ELVIS_DIO_1-5
Added Pin To Net: NetName=E_GEN Pin=ELVIS_DIO_1-6
Added Pin To Net: NetName=EAI_0+ Pin=ELVIS_DIO_1-7
Added Pin To Net: NetName=E_DIO_1 Pin=ELVIS_DIO_1-8
Added Pin To Net: NetName=E_DIO_3 Pin=ELVIS_DIO_1-9
Added Pin To Net: NetName=E_DIO_5 Pin=ELVIS_DIO_1-10
Added Pin To Net: NetName=E_DIO_7 Pin=ELVIS_DIO_1-11
Added Pin To Net: NetName=GND Pin=ELVIS_DIO_1-12
Added Pin To Net: NetName=E_VCC Pin=ELVIS_DIO_1-13
Added Pin To Net: NetName=E_SYNC Pin=ELVIS_DIO_1-14
Added Pin To Net: NetName=E_AO0 Pin=ELVIS_DIO_1-15
Added Pin To Net: NetName=IDC10.5. 1 Pin=P_GIO_1-0
Added Pin To Net: NetName=IDC10.5. 5 Pin=P_GIO_1-2
Added Pin To Net: NetName=IDC10.5. 7 Pin=P_GIO_1-3
Added Pin To Net: NetName=VCC3.3 Pin=P_GIO_1-4
Added Pin To Net: NetName=VCC3.3 Pin=P_GIO_1-4
Added Pin To Net: NetName=VCC5 Pin=P_GIO_1-5
Added Pin To Net: NetName=VCC5 Pin=P_GIO_1-5
Added Pin To Net: NetName=E_VCC Pin=P_GIO_1-6
Added Pin To Net: NetName=E_VCC Pin=P_GIO_1-6
Added Pin To Net: NetName=GND Pin=P_GIO_1-7
Added Pin To Net: NetName=GND Pin=P_GIO_1-7
Added Pin To Net: NetName=IDC10.5. 2 Pin=P_GIO_1-8
Added Pin To Net: NetName=IDC10.5. 4 Pin=P_GIO_1-9
Added Pin To Net: NetName=IDC10.5. 6 Pin=P_GIO_1-10
Added Pin To Net: NetName=IDC10.5. 8 Pin=P_GIO_1-11
Added Pin To Net: NetName=AI5 Pin=P_GIO_1-12
Added Pin To Net: NetName=AO5 Pin=P_GIO_1-13
Added Pin To Net: NetName=E_SYNC Pin=P_GIO_1-14
Added Pin To Net: NetName=E_SYNC Pin=P_GIO_1-14
Added Pin To Net: NetName=E_GEN Pin=P_GIO_1-15
Added Pin To Net: NetName=E_GEN Pin=P_GIO_1-15
Change Net Name : Old Net Name=AI6 New Net Name=AI1
Change Net Name : Old Net Name=AO6 New Net Name=AO1
Change Net Name : Old Net Name=IDC10.6. 1 New Net Name=IDC10.1. 1
Change Net Name : Old Net Name=IDC10.6. 2 New Net Name=IDC10.1. 2
Change Net Name : Old Net Name=IDC10.6. 4 New Net Name=IDC10.1. 4
Change Net Name : Old Net Name=IDC10.6. 5 New Net Name=IDC10.1. 5
Change Net Name : Old Net Name=IDC10.6. 6 New Net Name=IDC10.1. 6
Change Net Name : Old Net Name=IDC10.6. 7 New Net Name=IDC10.1. 7
Change Net Name : Old Net Name=IDC10.6. 8 New Net Name=IDC10.1. 8
Added Pin To Net: NetName=AI6 Pin=P_GIO_1-12
Added Net: Name=AI6
Added Pin To Net: NetName=AO6 Pin=P_GIO_1-13
Added Net: Name=AO6
Added Pin To Net: NetName=IDC10.6. 1 Pin=P_GIO_1-0
Added Net: Name=IDC10.6. 1
Added Pin To Net: NetName=IDC10.6. 2 Pin=P_GIO_1-8
Added Net: Name=IDC10.6. 2
Added Pin To Net: NetName=IDC10.6. 4 Pin=P_GIO_1-9
Added Net: Name=IDC10.6. 4
Added Pin To Net: NetName=IDC10.6. 5 Pin=P_GIO_1-2
Added Net: Name=IDC10.6. 5
Added Pin To Net: NetName=IDC10.6. 6 Pin=P_GIO_1-10
Added Net: Name=IDC10.6. 6
Added Pin To Net: NetName=IDC10.6. 7 Pin=P_GIO_1-3
Added Net: Name=IDC10.6. 7
Added Pin To Net: NetName=IDC10.6. 8 Pin=P_GIO_1-11
Added Net: Name=IDC10.6. 8
Added Member To Class: ClassName=Power Supplies Member=Component DS DS-313a
