Removed Pin From Net: NetName=P_GIO_1_15 Pin=Connector-89
Removed Pin From Net: NetName=P_GIO_1_14 Pin=Connector-90
Removed Pin From Net: NetName=P_GIO_1_13 Pin=Connector-91
Removed Pin From Net: NetName=P_GIO_1_12 Pin=Connector-92
Removed Pin From Net: NetName=P_GIO_1_11 Pin=Connector-93
Removed Pin From Net: NetName=P_GIO_1_10 Pin=Connector-94
Removed Pin From Net: NetName=P_GIO_1_9 Pin=Connector-95
Removed Pin From Net: NetName=P_GIO_1_8 Pin=Connector-96
Removed Pin From Net: NetName=P_GIO_1_0 Pin=P_GIO_2-0
Removed Pin From Net: NetName=P_GIO_1_1 Pin=P_GIO_2-1
Removed Pin From Net: NetName=P_GIO_1_2 Pin=P_GIO_2-2
Removed Pin From Net: NetName=P_GIO_1_3 Pin=P_GIO_2-3
Removed Pin From Net: NetName=P_GIO_1_8 Pin=P_GIO_2-8
Removed Pin From Net: NetName=P_GIO_1_9 Pin=P_GIO_2-9
Removed Pin From Net: NetName=P_GIO_1_10 Pin=P_GIO_2-10
Removed Pin From Net: NetName=P_GIO_1_11 Pin=P_GIO_2-11
Removed Pin From Net: NetName=P_GIO_1_12 Pin=P_GIO_2-12
Removed Pin From Net: NetName=P_GIO_1_13 Pin=P_GIO_2-13
Removed Pin From Net: NetName=P_GIO_1_14 Pin=P_GIO_2-14
Removed Pin From Net: NetName=P_GIO_1_15 Pin=P_GIO_2-15
Removed Pin From Net: NetName=P_GIO_1_15 Pin=RA_25-0
Removed Pin From Net: NetName=P_GIO_1_14 Pin=RA_25-1
Removed Pin From Net: NetName=P_GIO_1_13 Pin=RA_25-2
Removed Pin From Net: NetName=P_GIO_1_12 Pin=RA_25-3
Removed Pin From Net: NetName=P_GIO_1_11 Pin=RA_26-0
Removed Pin From Net: NetName=P_GIO_1_10 Pin=RA_26-1
Removed Pin From Net: NetName=P_GIO_1_9 Pin=RA_26-2
Removed Pin From Net: NetName=P_GIO_1_8 Pin=RA_26-3
Added Pin To Net: NetName=E_GEN Pin=Connector-89
Added Pin To Net: NetName=E_SYNC Pin=Connector-90
Added Pin To Net: NetName=AO2 Pin=Connector-91
Added Pin To Net: NetName=AI2 Pin=Connector-92
Added Pin To Net: NetName=IDC10.2. 8 Pin=Connector-93
Added Pin To Net: NetName=IDC10.2. 6 Pin=Connector-94
Added Pin To Net: NetName=IDC10.2. 4 Pin=Connector-95
Added Pin To Net: NetName=IDC10.2. 2 Pin=Connector-96
Added Pin To Net: NetName=P_GIO_2_0 Pin=P_GIO_2-0
Added Pin To Net: NetName=P_GIO_2_0 Pin=RA_24-4
Added Net: Name=P_GIO_2_0
Added Pin To Net: NetName=P_GIO_2_1 Pin=P_GIO_2-1
Added Pin To Net: NetName=P_GIO_2_1 Pin=RA_24-5
Added Net: Name=P_GIO_2_1
Added Pin To Net: NetName=P_GIO_2_2 Pin=P_GIO_2-2
Added Pin To Net: NetName=P_GIO_2_2 Pin=RA_24-6
Added Net: Name=P_GIO_2_2
Added Pin To Net: NetName=P_GIO_2_3 Pin=P_GIO_2-3
Added Pin To Net: NetName=P_GIO_2_3 Pin=RA_24-7
Added Net: Name=P_GIO_2_3
Added Pin To Net: NetName=P_GIO_2_8 Pin=P_GIO_2-8
Added Pin To Net: NetName=P_GIO_2_8 Pin=RA_26-3
Added Net: Name=P_GIO_2_8
Added Pin To Net: NetName=P_GIO_2_9 Pin=P_GIO_2-9
Added Pin To Net: NetName=P_GIO_2_9 Pin=RA_26-2
Added Net: Name=P_GIO_2_9
Added Pin To Net: NetName=P_GIO_2_10 Pin=P_GIO_2-10
Added Pin To Net: NetName=P_GIO_2_10 Pin=RA_26-1
Added Net: Name=P_GIO_2_10
Added Pin To Net: NetName=P_GIO_2_11 Pin=P_GIO_2-11
Added Pin To Net: NetName=P_GIO_2_11 Pin=RA_26-0
Added Net: Name=P_GIO_2_11
Added Pin To Net: NetName=P_GIO_2_12 Pin=P_GIO_2-12
Added Pin To Net: NetName=P_GIO_2_12 Pin=RA_25-3
Added Net: Name=P_GIO_2_12
Added Pin To Net: NetName=P_GIO_2_13 Pin=P_GIO_2-13
Added Pin To Net: NetName=P_GIO_2_13 Pin=RA_25-2
Added Net: Name=P_GIO_2_13
Added Pin To Net: NetName=P_GIO_2_14 Pin=P_GIO_2-14
Added Pin To Net: NetName=P_GIO_2_14 Pin=RA_25-1
Added Net: Name=P_GIO_2_14
Added Pin To Net: NetName=P_GIO_2_15 Pin=P_GIO_2-15
Added Pin To Net: NetName=P_GIO_2_15 Pin=RA_25-0
Added Net: Name=P_GIO_2_15
