Removed Pin From Net: NetName=IDC10.5. 1 Pin=P_GIO_1-0
Removed Pin From Net: NetName=IDC10.5. 3 Pin=P_GIO_1-1
Removed Pin From Net: NetName=IDC10.5. 5 Pin=P_GIO_1-2
Removed Pin From Net: NetName=IDC10.5. 7 Pin=P_GIO_1-3
Removed Pin From Net: NetName=IDC10.5. 2 Pin=P_GIO_1-8
Removed Pin From Net: NetName=IDC10.5. 4 Pin=P_GIO_1-9
Removed Pin From Net: NetName=IDC10.5. 6 Pin=P_GIO_1-10
Removed Pin From Net: NetName=IDC10.5. 8 Pin=P_GIO_1-11
Removed Pin From Net: NetName=AI5 Pin=P_GIO_1-12
Removed Pin From Net: NetName=AO5 Pin=P_GIO_1-13
Change Component Designator: OldDesignator=P_GIO_1 NewDesignator=P_GIO_5
Change Component Designator: OldDesignator=P_GIO_1 NewDesignator=P_GIO_5
Added Pin To Net: NetName=IDC10.1. 1 Pin=P_GIO_1-0
Added Pin To Net: NetName=IDC10.1. 3 Pin=P_GIO_1-1
Added Pin To Net: NetName=IDC10.1. 5 Pin=P_GIO_1-2
Added Pin To Net: NetName=IDC10.1. 7 Pin=P_GIO_1-3
Added Pin To Net: NetName=IDC10.1. 2 Pin=P_GIO_1-8
Added Pin To Net: NetName=IDC10.1. 4 Pin=P_GIO_1-9
Added Pin To Net: NetName=IDC10.1. 6 Pin=P_GIO_1-10
Added Pin To Net: NetName=IDC10.1. 8 Pin=P_GIO_1-11
Added Pin To Net: NetName=AI1 Pin=P_GIO_1-12
Added Pin To Net: NetName=AO1 Pin=P_GIO_1-13
Added Pin To Net: NetName=IDC10.5. 1 Pin=P_GIO_5-0
Added Pin To Net: NetName=IDC10.5. 3 Pin=P_GIO_5-1
Added Pin To Net: NetName=IDC10.5. 5 Pin=P_GIO_5-2
Added Pin To Net: NetName=IDC10.5. 7 Pin=P_GIO_5-3
Added Pin To Net: NetName=VCC3.3 Pin=P_GIO_5-4
Added Pin To Net: NetName=VCC5 Pin=P_GIO_5-5
Added Pin To Net: NetName=E_VCC Pin=P_GIO_5-6
Added Pin To Net: NetName=GND Pin=P_GIO_5-7
Added Pin To Net: NetName=IDC10.5. 2 Pin=P_GIO_5-8
Added Pin To Net: NetName=IDC10.5. 4 Pin=P_GIO_5-9
Added Pin To Net: NetName=IDC10.5. 6 Pin=P_GIO_5-10
Added Pin To Net: NetName=IDC10.5. 8 Pin=P_GIO_5-11
Added Pin To Net: NetName=AI5 Pin=P_GIO_5-12
Added Pin To Net: NetName=AO5 Pin=P_GIO_5-13
Added Pin To Net: NetName=E_SYNC Pin=P_GIO_5-14
Added Pin To Net: NetName=E_GEN Pin=P_GIO_5-15
Added Member To Class: ClassName=Ports_2 Member=Component P_GIO_5 Вилка_16
