Added Component: Designator=34(CAT16-102J4LF_2)
Added Component: Designator=P_GIO_5(DS1013-16)
Added Component: Designator=RA_33(CAT16-102J4LF_2)
Added Component: Designator=RA_35(CAT16-102J4LF_2)
Added Pin To Net: NetName=AO4 Pin=34-0
Added Pin To Net: NetName=E_SYNC Pin=34-1
Added Pin To Net: NetName=E_VCC Pin=34-2
Added Pin To Net: NetName=GND Pin=34-3
Added Pin To Net: NetName=GND Pin=Connector-21
Added Pin To Net: NetName=E_VCC Pin=Connector-22
Added Pin To Net: NetName=E_SYNC Pin=Connector-23
Added Pin To Net: NetName=AO4 Pin=Connector-24
Added Pin To Net: NetName=VCC3.3 Pin=Connector-41
Added Pin To Net: NetName=VCC5 Pin=Connector-42
Added Pin To Net: NetName=E_GEN Pin=Connector-43
Added Pin To Net: NetName=AI4 Pin=Connector-44
Added Pin To Net: NetName=VCC3.3 Pin=P_GIO_5-4
Added Pin To Net: NetName=E_GEN Pin=P_GIO_5-6
Added Pin To Net: NetName=AI4 Pin=P_GIO_5-7
Added Pin To Net: NetName=P_GIO_3_9 Pin=RA_35-4
Added Pin To Net: NetName=P_GIO_3_10 Pin=RA_35-5
Added Pin To Net: NetName=P_GIO_3_11 Pin=RA_35-6
Added Pin To Net: NetName=IDC10.5. 2 Pin=Connector-40
Added Pin To Net: NetName=IDC10.5. 2 Pin=RA_33-4
Added Net: Name=IDC10.5. 2
Added Pin To Net: NetName=IDC10.5. 3 Pin=Connector-25
Added Pin To Net: NetName=IDC10.5. 3 Pin=RA_35-3
Added Net: Name=IDC10.5. 3
Added Pin To Net: NetName=IDC10.5. 4 Pin=Connector-39
Added Pin To Net: NetName=IDC10.5. 4 Pin=RA_33-5
Added Net: Name=IDC10.5. 4
Added Pin To Net: NetName=IDC10.5. 5 Pin=Connector-26
Added Pin To Net: NetName=IDC10.5. 5 Pin=RA_35-2
Added Net: Name=IDC10.5. 5
Added Pin To Net: NetName=IDC10.5. 6 Pin=Connector-38
Added Pin To Net: NetName=IDC10.5. 6 Pin=RA_33-6
Added Net: Name=IDC10.5. 6
Added Pin To Net: NetName=IDC10.5. 7 Pin=Connector-27
Added Pin To Net: NetName=IDC10.5. 7 Pin=RA_35-1
Added Net: Name=IDC10.5. 7
Added Pin To Net: NetName=IDC10.5. 8 Pin=Connector-37
Added Pin To Net: NetName=IDC10.5. 8 Pin=RA_33-7
Added Net: Name=IDC10.5. 8
Added Pin To Net: NetName=IDC10.5. 9 Pin=Connector-28
Added Pin To Net: NetName=IDC10.5. 9 Pin=RA_35-0
Added Net: Name=IDC10.5. 9
Added Pin To Net: NetName=P_GIO_3_12 Pin=RA_35-7
Added Net: Name=P_GIO_3_12
Added Pin To Net: NetName=P_GIO_5_0 Pin=P_GIO_5-0
Added Pin To Net: NetName=P_GIO_5_0 Pin=RA_33-3
Added Net: Name=P_GIO_5_0
Added Pin To Net: NetName=P_GIO_5_1 Pin=P_GIO_5-1
Added Pin To Net: NetName=P_GIO_5_1 Pin=RA_33-2
Added Net: Name=P_GIO_5_1
Added Pin To Net: NetName=P_GIO_5_2 Pin=P_GIO_5-2
Added Pin To Net: NetName=P_GIO_5_2 Pin=RA_33-1
Added Net: Name=P_GIO_5_2
Added Pin To Net: NetName=P_GIO_5_3 Pin=P_GIO_5-3
Added Pin To Net: NetName=P_GIO_5_3 Pin=RA_33-0
Added Net: Name=P_GIO_5_3
Added Pin To Net: NetName=P_GIO_5_9 Pin=P_GIO_5-8
Added Net: Name=P_GIO_5_9
Added Pin To Net: NetName=P_GIO_5_10 Pin=P_GIO_5-9
Added Net: Name=P_GIO_5_10
Added Pin To Net: NetName=P_GIO_5_11 Pin=P_GIO_5-10
Added Net: Name=P_GIO_5_11
Added Pin To Net: NetName=P_GIO_5_12_E_VCC Pin=34-4
Added Pin To Net: NetName=P_GIO_5_12_E_VCC Pin=P_GIO_5-12
Added Net: Name=P_GIO_5_12_E_VCC
Added Pin To Net: NetName=P_GIO_5_12 Pin=P_GIO_5-11
Added Net: Name=P_GIO_5_12
Added Pin To Net: NetName=P_GIO_5_13_E_VCC Pin=34-5
Added Pin To Net: NetName=P_GIO_5_13_E_VCC Pin=P_GIO_5-13
Added Net: Name=P_GIO_5_13_E_VCC
Added Pin To Net: NetName=P_GIO_5_14_E_SYNC Pin=34-6
Added Pin To Net: NetName=P_GIO_5_14_E_SYNC Pin=P_GIO_5-14
Added Net: Name=P_GIO_5_14_E_SYNC
Added Pin To Net: NetName=P_GIO_5_15_AO4 Pin=34-7
Added Pin To Net: NetName=P_GIO_5_15_AO4 Pin=P_GIO_5-15
Added Net: Name=P_GIO_5_15_AO4
Added Pin To Net: NetName=VCC6 Pin=P_GIO_5-5
Added Net: Name=VCC6
Added Member To Class: ClassName=Ports_2 Member=Component 34 Bourns CAT16-102J4LF_1
Added Member To Class: ClassName=Ports_2 Member=Component P_GIO_5 Вилка_16
Added Member To Class: ClassName=Ports_2 Member=Component RA_33 Bourns CAT16-102J4LF_1
Added Member To Class: ClassName=Ports_2 Member=Component RA_35 Bourns CAT16-102J4LF_1
