Removed Pin From Net: NetName=VCC3.3 Pin=P_GIO_1-4
Removed Pin From Net: NetName=VCC5 Pin=P_GIO_1-5
Removed Pin From Net: NetName=E_VCC Pin=P_GIO_1-6
Removed Pin From Net: NetName=GND Pin=P_GIO_1-7
Added Component: Designator=RA_20(CAT16-102J4LF_2)
Added Component: Designator=RA_21(CAT16-102J4LF_2)
Added Component: Designator=RA_22(CAT16-102J4LF_2)
Added Component: Designator=RA_23(CAT16-102J4LF_2)
Added Pin To Net: NetName=GND Pin=RA_20-0
Added Pin To Net: NetName=VCC5 Pin=RA_20-2
Added Pin To Net: NetName=VCC3.3 Pin=RA_20-3
Added Pin To Net: NetName=IDC10.1. 1 Pin=RA_21-4
Added Pin To Net: NetName=IDC10.1. 3 Pin=RA_21-5
Added Pin To Net: NetName=IDC10.1. 5 Pin=RA_21-6
Added Pin To Net: NetName=IDC10.1. 7 Pin=RA_21-7
Added Member To Class: ClassName=Ports_2 Member=Component P_GIO_1 Вилка_16
Added Member To Class: ClassName=Ports_2 Member=Component RA_20 Bourns CAT16-102J4LF_1
Added Member To Class: ClassName=Ports_2 Member=Component RA_21 Bourns CAT16-102J4LF_1
Added Member To Class: ClassName=Ports_2 Member=Component RA_22 Bourns CAT16-102J4LF_1
Added Member To Class: ClassName=Ports_2 Member=Component RA_23 Bourns CAT16-102J4LF_1
