Removed Pin From Net: NetName=IDC10.3. 1 Pin=P_GIO_3-0
Removed Pin From Net: NetName=IDC10.3. 3 Pin=P_GIO_3-1
Removed Pin From Net: NetName=IDC10.3. 5 Pin=P_GIO_3-2
Removed Pin From Net: NetName=IDC10.3. 7 Pin=P_GIO_3-3
Removed Pin From Net: NetName=IDC10.3. 2 Pin=P_GIO_3-8
Removed Pin From Net: NetName=IDC10.3. 4 Pin=P_GIO_3-9
Removed Pin From Net: NetName=IDC10.3. 6 Pin=P_GIO_3-10
Removed Pin From Net: NetName=IDC10.3. 8 Pin=P_GIO_3-11
Removed Pin From Net: NetName=AI3 Pin=P_GIO_3-12
Removed Pin From Net: NetName=AO3 Pin=P_GIO_3-13
Removed Pin From Net: NetName=E_SYNC Pin=P_GIO_3-14
Removed Pin From Net: NetName=E_GEN Pin=P_GIO_3-15
Added Component: Designator=RA_27(CAT16-102J4LF_2)
Added Component: Designator=RA_28(CAT16-102J4LF_2)
Added Component: Designator=RA_29(CAT16-102J4LF_2)
Added Pin To Net: NetName=IDC10.3. 1 Pin=RA_27-4
Added Pin To Net: NetName=IDC10.3. 3 Pin=RA_27-5
Added Pin To Net: NetName=IDC10.3. 5 Pin=RA_27-6
Added Pin To Net: NetName=IDC10.3. 7 Pin=RA_27-7
Added Pin To Net: NetName=E_GEN Pin=RA_28-0
Added Pin To Net: NetName=E_SYNC Pin=RA_28-1
Added Pin To Net: NetName=AO3 Pin=RA_28-2
Added Pin To Net: NetName=AI3 Pin=RA_28-3
Added Pin To Net: NetName=IDC10.3. 8 Pin=RA_29-0
Added Pin To Net: NetName=IDC10.3. 6 Pin=RA_29-1
Added Pin To Net: NetName=IDC10.3. 4 Pin=RA_29-2
Added Pin To Net: NetName=IDC10.3. 2 Pin=RA_29-3
Added Pin To Net: NetName=P_GIO_3_0 Pin=P_GIO_3-0
Added Pin To Net: NetName=P_GIO_3_0 Pin=RA_27-3
Added Net: Name=P_GIO_3_0
Added Pin To Net: NetName=P_GIO_3_1 Pin=P_GIO_3-1
Added Pin To Net: NetName=P_GIO_3_1 Pin=RA_27-2
Added Net: Name=P_GIO_3_1
Added Pin To Net: NetName=P_GIO_3_2 Pin=P_GIO_3-2
Added Pin To Net: NetName=P_GIO_3_2 Pin=RA_27-1
Added Net: Name=P_GIO_3_2
Added Pin To Net: NetName=P_GIO_3_3 Pin=P_GIO_3-3
Added Pin To Net: NetName=P_GIO_3_3 Pin=RA_27-0
Added Net: Name=P_GIO_3_3
Added Pin To Net: NetName=P_GIO_3_8 Pin=P_GIO_3-8
Added Pin To Net: NetName=P_GIO_3_8 Pin=RA_29-4
Added Net: Name=P_GIO_3_8
Added Pin To Net: NetName=P_GIO_3_9 Pin=P_GIO_3-9
Added Pin To Net: NetName=P_GIO_3_9 Pin=RA_29-5
Added Net: Name=P_GIO_3_9
Added Pin To Net: NetName=P_GIO_3_10 Pin=P_GIO_3-10
Added Pin To Net: NetName=P_GIO_3_10 Pin=RA_29-6
Added Net: Name=P_GIO_3_10
Added Pin To Net: NetName=P_GIO_3_11 Pin=P_GIO_3-11
Added Pin To Net: NetName=P_GIO_3_11 Pin=RA_29-7
Added Net: Name=P_GIO_3_11
Added Pin To Net: NetName=P_GIO_3_12 Pin=P_GIO_3-12
Added Pin To Net: NetName=P_GIO_3_12 Pin=RA_28-4
Added Net: Name=P_GIO_3_12
Added Pin To Net: NetName=P_GIO_3_13 Pin=P_GIO_3-13
Added Pin To Net: NetName=P_GIO_3_13 Pin=RA_28-5
Added Net: Name=P_GIO_3_13
Added Pin To Net: NetName=P_GIO_3_14 Pin=P_GIO_3-14
Added Pin To Net: NetName=P_GIO_3_14 Pin=RA_28-6
Added Net: Name=P_GIO_3_14
Added Pin To Net: NetName=P_GIO_3_15 Pin=P_GIO_3-15
Added Pin To Net: NetName=P_GIO_3_15 Pin=RA_28-7
Added Net: Name=P_GIO_3_15
Added Member To Class: ClassName=Ports_2 Member=Component RA_27 Bourns CAT16-102J4LF_1
Added Member To Class: ClassName=Ports_2 Member=Component RA_28 Bourns CAT16-102J4LF_1
Added Member To Class: ClassName=Ports_2 Member=Component RA_29 Bourns CAT16-102J4LF_1
