Added Pin To Net: NetName=GND Pin=Connector-81
Added Pin To Net: NetName=E_VCC Pin=Connector-82
Added Pin To Net: NetName=VCC5 Pin=Connector-83
Added Pin To Net: NetName=VCC3.3 Pin=Connector-84
Added Pin To Net: NetName=IDC10.1. 7 Pin=Connector-85
Added Pin To Net: NetName=IDC10.1. 5 Pin=Connector-86
Added Pin To Net: NetName=IDC10.1. 3 Pin=Connector-87
Added Pin To Net: NetName=IDC10.1. 1 Pin=Connector-88
Added Pin To Net: NetName=E_GEN Pin=Connector-105
Added Pin To Net: NetName=E_SYNC Pin=Connector-106
Added Pin To Net: NetName=AO1 Pin=Connector-107
Added Pin To Net: NetName=AI1 Pin=Connector-108
Added Pin To Net: NetName=IDC10.1. 8 Pin=Connector-109
Added Pin To Net: NetName=IDC10.1. 6 Pin=Connector-110
Added Pin To Net: NetName=IDC10.1. 4 Pin=Connector-111
Added Pin To Net: NetName=IDC10.1. 2 Pin=Connector-112
Added Pin To Net: NetName=IDC10.1. 3 Pin=P_GIO_1-1
Added Pin To Net: NetName=VCC3.3 Pin=P_GIO_1-4
Added Pin To Net: NetName=VCC5 Pin=P_GIO_1-5
Added Pin To Net: NetName=E_VCC Pin=P_GIO_1-6
Added Pin To Net: NetName=GND Pin=P_GIO_1-7
Added Pin To Net: NetName=E_SYNC Pin=P_GIO_1-14
Added Pin To Net: NetName=E_GEN Pin=P_GIO_1-15
Change Net Name : Old Net Name=AI5 New Net Name=AI6
Change Net Name : Old Net Name=AO5 New Net Name=AO6
Change Net Name : Old Net Name=IDC10.5. 1 New Net Name=IDC10.6. 1
Change Net Name : Old Net Name=IDC10.5. 2 New Net Name=IDC10.6. 2
Change Net Name : Old Net Name=IDC10.5. 3 New Net Name=IDC10.6. 3
Change Net Name : Old Net Name=IDC10.5. 4 New Net Name=IDC10.6. 4
Change Net Name : Old Net Name=IDC10.5. 5 New Net Name=IDC10.6. 5
Change Net Name : Old Net Name=IDC10.5. 6 New Net Name=IDC10.6. 6
Change Net Name : Old Net Name=IDC10.5. 7 New Net Name=IDC10.6. 7
Change Net Name : Old Net Name=IDC10.5. 8 New Net Name=IDC10.6. 8
Added Pin To Net: NetName=AI5 Pin=P_GIO_1-12
Added Net: Name=AI5
Added Pin To Net: NetName=AO5 Pin=P_GIO_1-13
Added Net: Name=AO5
Added Pin To Net: NetName=IDC10.5. 1 Pin=P_GIO_1-0
Added Net: Name=IDC10.5. 1
Added Pin To Net: NetName=IDC10.5. 2 Pin=P_GIO_1-8
Added Net: Name=IDC10.5. 2
Added Pin To Net: NetName=IDC10.5. 3 Pin=P_GIO_1-1
Added Net: Name=IDC10.5. 3
Added Pin To Net: NetName=IDC10.5. 4 Pin=P_GIO_1-9
Added Net: Name=IDC10.5. 4
Added Pin To Net: NetName=IDC10.5. 5 Pin=P_GIO_1-2
Added Net: Name=IDC10.5. 5
Added Pin To Net: NetName=IDC10.5. 6 Pin=P_GIO_1-10
Added Net: Name=IDC10.5. 6
Added Pin To Net: NetName=IDC10.5. 7 Pin=P_GIO_1-3
Added Net: Name=IDC10.5. 7
Added Pin To Net: NetName=IDC10.5. 8 Pin=P_GIO_1-11
Added Net: Name=IDC10.5. 8
