Removed Pin From Net: NetName=IDC10.1. 1 Pin=P_GIO_1-0
Removed Pin From Net: NetName=IDC10.1. 3 Pin=P_GIO_1-1
Removed Pin From Net: NetName=IDC10.1. 5 Pin=P_GIO_1-2
Removed Pin From Net: NetName=IDC10.1. 7 Pin=P_GIO_1-3
Removed Pin From Net: NetName=IDC10.1. 2 Pin=P_GIO_1-8
Removed Pin From Net: NetName=IDC10.1. 4 Pin=P_GIO_1-9
Removed Pin From Net: NetName=IDC10.1. 6 Pin=P_GIO_1-10
Removed Pin From Net: NetName=IDC10.1. 8 Pin=P_GIO_1-11
Removed Pin From Net: NetName=AI1 Pin=P_GIO_1-12
Removed Pin From Net: NetName=AO1 Pin=P_GIO_1-13
Removed Pin From Net: NetName=E_SYNC Pin=P_GIO_1-14
Removed Pin From Net: NetName=E_GEN Pin=P_GIO_1-15
Removed Pin From Net: NetName=IDC10.1. 1 Pin=RA_21-4
Removed Pin From Net: NetName=IDC10.1. 3 Pin=RA_21-5
Removed Pin From Net: NetName=IDC10.1. 5 Pin=RA_21-6
Removed Pin From Net: NetName=IDC10.1. 7 Pin=RA_21-7
Added Pin To Net: NetName=IDC10.1. 7 Pin=RA_21-0
Added Pin To Net: NetName=IDC10.1. 5 Pin=RA_21-1
Added Pin To Net: NetName=IDC10.1. 3 Pin=RA_21-2
Added Pin To Net: NetName=IDC10.1. 1 Pin=RA_21-3
Added Pin To Net: NetName=AI1 Pin=RA_22-4
Added Pin To Net: NetName=AO1 Pin=RA_22-5
Added Pin To Net: NetName=E_SYNC Pin=RA_22-6
Added Pin To Net: NetName=E_GEN Pin=RA_22-7
Added Pin To Net: NetName=IDC10.1. 2 Pin=RA_23-4
Added Pin To Net: NetName=IDC10.1. 4 Pin=RA_23-5
Added Pin To Net: NetName=IDC10.1. 6 Pin=RA_23-6
Added Pin To Net: NetName=IDC10.1. 8 Pin=RA_23-7
Added Pin To Net: NetName=NetP_GIO_1_0 Pin=P_GIO_1-0
Added Pin To Net: NetName=NetP_GIO_1_0 Pin=RA_21-4
Added Net: Name=NetP_GIO_1_0
Added Pin To Net: NetName=NetP_GIO_1_1 Pin=P_GIO_1-1
Added Pin To Net: NetName=NetP_GIO_1_1 Pin=RA_21-5
Added Net: Name=NetP_GIO_1_1
Added Pin To Net: NetName=NetP_GIO_1_2 Pin=P_GIO_1-2
Added Pin To Net: NetName=NetP_GIO_1_2 Pin=RA_21-6
Added Net: Name=NetP_GIO_1_2
Added Pin To Net: NetName=NetP_GIO_1_3 Pin=P_GIO_1-3
Added Pin To Net: NetName=NetP_GIO_1_3 Pin=RA_21-7
Added Net: Name=NetP_GIO_1_3
Added Pin To Net: NetName=P_GIO_1_8 Pin=P_GIO_1-8
Added Pin To Net: NetName=P_GIO_1_8 Pin=RA_23-3
Added Net: Name=P_GIO_1_8
Added Pin To Net: NetName=P_GIO_1_9 Pin=P_GIO_1-9
Added Pin To Net: NetName=P_GIO_1_9 Pin=RA_23-2
Added Net: Name=P_GIO_1_9
Added Pin To Net: NetName=P_GIO_1_10 Pin=P_GIO_1-10
Added Pin To Net: NetName=P_GIO_1_10 Pin=RA_23-1
Added Net: Name=P_GIO_1_10
Added Pin To Net: NetName=P_GIO_1_11 Pin=P_GIO_1-11
Added Pin To Net: NetName=P_GIO_1_11 Pin=RA_23-0
Added Net: Name=P_GIO_1_11
Added Pin To Net: NetName=P_GIO_1_12 Pin=P_GIO_1-12
Added Pin To Net: NetName=P_GIO_1_12 Pin=RA_22-3
Added Net: Name=P_GIO_1_12
Added Pin To Net: NetName=P_GIO_1_13 Pin=P_GIO_1-13
Added Pin To Net: NetName=P_GIO_1_13 Pin=RA_22-2
Added Net: Name=P_GIO_1_13
Added Pin To Net: NetName=P_GIO_1_14 Pin=P_GIO_1-14
Added Pin To Net: NetName=P_GIO_1_14 Pin=RA_22-1
Added Net: Name=P_GIO_1_14
Added Pin To Net: NetName=P_GIO_1_15 Pin=P_GIO_1-15
Added Pin To Net: NetName=P_GIO_1_15 Pin=RA_22-0
Added Net: Name=P_GIO_1_15
