Removed Pin From Net: NetName=GND Pin=grlcd-0
Removed Pin From Net: NetName=VCC5 Pin=grlcd-1
Removed Pin From Net: NetName=LCDD/I Pin=grlcd-3
Removed Pin From Net: NetName=LCDR/W Pin=grlcd-4
Removed Pin From Net: NetName=LCDOE Pin=grlcd-5
Removed Pin From Net: NetName=LCDCS1 Pin=grlcd-14
Removed Pin From Net: NetName=LCDCS2 Pin=grlcd-15
Removed Pin From Net: NetName=LCDRST Pin=grlcd-16
Removed Pin From Net: NetName=Netgrlcd_18 Pin=grlcd-18
Removed Pin From Net: NetName=Netgrlcd_19 Pin=grlcd-19
Removed Pin From Net: NetName=Netgrlcd_2 Pin=WG12864A-2
Removed Pin From Net: NetName=Netgrlcd_6 Pin=WG12864A-6
Removed Pin From Net: NetName=Netgrlcd_7 Pin=WG12864A-7
Removed Pin From Net: NetName=Netgrlcd_8 Pin=WG12864A-8
Removed Pin From Net: NetName=Netgrlcd_9 Pin=WG12864A-9
Removed Pin From Net: NetName=Netgrlcd_10 Pin=WG12864A-10
Removed Pin From Net: NetName=Netgrlcd_11 Pin=WG12864A-11
Removed Pin From Net: NetName=Netgrlcd_12 Pin=WG12864A-12
Removed Pin From Net: NetName=Netgrlcd_13 Pin=WG12864A-13
Removed Pin From Net: NetName=Netgrlcd_17 Pin=WG12864A-17
Removed Pin From Net: NetName=Netgrlcd_18 Pin=WG12864A-18
Removed Pin From Net: NetName=Netgrlcd_19 Pin=WG12864A-19
Added Pin To Net: NetName=Netgrlcd_18 Pin=grlcd-0
Added Pin To Net: NetName=Netgrlcd_19 Pin=grlcd-1
Added Pin To Net: NetName=LCDRST Pin=grlcd-3
Added Pin To Net: NetName=LCDCS2 Pin=grlcd-4
Added Pin To Net: NetName=LCDCS1 Pin=grlcd-5
Added Pin To Net: NetName=LCDOE Pin=grlcd-14
Added Pin To Net: NetName=LCDR/W Pin=grlcd-15
Added Pin To Net: NetName=LCDD/I Pin=grlcd-16
Added Pin To Net: NetName=VCC5 Pin=grlcd-18
Added Pin To Net: NetName=GND Pin=grlcd-19
Added Pin To Net: NetName=Netgrlcd_17 Pin=WG12864A-2
Added Pin To Net: NetName=Netgrlcd_13 Pin=WG12864A-6
Added Pin To Net: NetName=Netgrlcd_12 Pin=WG12864A-7
Added Pin To Net: NetName=Netgrlcd_11 Pin=WG12864A-8
Added Pin To Net: NetName=Netgrlcd_10 Pin=WG12864A-9
Added Pin To Net: NetName=Netgrlcd_9 Pin=WG12864A-10
Added Pin To Net: NetName=Netgrlcd_8 Pin=WG12864A-11
Added Pin To Net: NetName=Netgrlcd_7 Pin=WG12864A-12
Added Pin To Net: NetName=Netgrlcd_6 Pin=WG12864A-13
Added Pin To Net: NetName=Netgrlcd_2 Pin=WG12864A-17
Added Pin To Net: NetName=Netgrlcd_19 Pin=WG12864A-18
Added Pin To Net: NetName=Netgrlcd_18 Pin=WG12864A-19
Change Net Name : Old Net Name=Netgrlcd_18 New Net Name=Netgrlcd_0
Change Net Name : Old Net Name=Netgrlcd_19 New Net Name=Netgrlcd_1
