Removed Pin From Net: NetName=Net2_1 Pin=RA24-0
Removed Pin From Net: NetName=Net2_2 Pin=RA24-1
Removed Pin From Net: NetName=Net2_3 Pin=RA24-2
Removed Pin From Net: NetName=Net2_4 Pin=RA24-3
Added Pin To Net: NetName=Net2_4 Pin=RA24-4
Added Pin To Net: NetName=Net2_3 Pin=RA24-5
Added Pin To Net: NetName=Net2_2 Pin=RA24-6
Added Pin To Net: NetName=Net2_1 Pin=RA24-7
Added Pin To Net: NetName=NetRA22_4 Pin=RA22-4
Added Pin To Net: NetName=NetRA22_4 Pin=SREG1-4
Added Net: Name=NetRA22_4
Added Pin To Net: NetName=NetRA22_5 Pin=RA22-5
Added Pin To Net: NetName=NetRA22_5 Pin=SREG1-3
Added Net: Name=NetRA22_5
Added Pin To Net: NetName=NetRA22_6 Pin=RA22-6
Added Pin To Net: NetName=NetRA22_6 Pin=SREG1-12
Added Net: Name=NetRA22_6
Added Pin To Net: NetName=NetRA22_7 Pin=RA22-7
Added Pin To Net: NetName=NetRA22_7 Pin=SREG1-11
Added Net: Name=NetRA22_7
Added Member To Class: ClassName=Power Supplies Member=Component C17 10u
Added Member To Class: ClassName=Power Supplies Member=Component C18 10u
Added Member To Class: ClassName=Power Supplies Member=Component C18 10u
Added Member To Class: ClassName=Power Supplies Member=Component C19 10u
Added Member To Class: ClassName=Power Supplies Member=Component R50 121R
Added Member To Class: ClassName=7SEG-2 Member=Component RA20 Bourns CAT16-152J4LF_1
