Removed Pin From Net: NetName=LCDOE Pin=KL2-0
Removed Pin From Net: NetName=KLAV_STB1 Pin=KL2-1
Removed Pin From Net: NetName=KLAV_STB2 Pin=KL2-2
Removed Pin From Net: NetName=KLAV_STB3 Pin=KL2-3
Removed Pin From Net: NetName=KLAV_STR3 Pin=KL3-1
Removed Pin From Net: NetName=KLAV_STR2 Pin=KL3-2
Removed Pin From Net: NetName=KLAV_STR1 Pin=KL3-3
Removed Pin From Net: NetName=NetR1_0_0 Pin=VccPlata-33
Removed Pin From Net: NetName=NetR1_0_1 Pin=VccPlata-34
Removed Pin From Net: NetName=NetR1_0_2 Pin=VccPlata-35
Removed Pin From Net: NetName=NetR1_0_3 Pin=VccPlata-36
Removed Pin From Net: NetName=NetR1_1_0 Pin=VccPlata-37
Removed Pin From Net: NetName=NetR1_1_1 Pin=VccPlata-38
Removed Pin From Net: NetName=NetR1_1_2 Pin=VccPlata-39
Removed Pin From Net: NetName=NetR1_1_3 Pin=VccPlata-40
Removed Pin From Net: NetName=NetR1_2_0 Pin=VccPlata-41
Removed Pin From Net: NetName=NetR1_2_1 Pin=VccPlata-42
Removed Pin From Net: NetName=NetR1_2_2 Pin=VccPlata-43
Removed Pin From Net: NetName=NetR1_2_3 Pin=VccPlata-44
Removed Pin From Net: NetName=NetR1_3_0 Pin=VccPlata-45
Removed Pin From Net: NetName=NetR1_3_1 Pin=VccPlata-46
Removed Pin From Net: NetName=NetR1_3_2 Pin=VccPlata-47
Removed Pin From Net: NetName=NetR1_3_3 Pin=VccPlata-48
Removed Pin From Net: NetName=NetR1_4_0 Pin=VccPlata-49
Removed Pin From Net: NetName=NetR1_4_1 Pin=VccPlata-50
Removed Pin From Net: NetName=NetR1_4_2 Pin=VccPlata-51
Removed Pin From Net: NetName=NetR1_4_3 Pin=VccPlata-52
Removed Pin From Net: NetName=Netressb_1_5_0 Pin=VccPlata-53
Removed Pin From Net: NetName=Netressb_1_5_1 Pin=VccPlata-54
Removed Pin From Net: NetName=Netressb_1_5_2 Pin=VccPlata-55
Removed Pin From Net: NetName=Netressb_1_5_3 Pin=VccPlata-56
Removed Pin From Net: NetName=NetR1_6_0 Pin=VccPlata-57
Removed Pin From Net: NetName=NetR1_6_1 Pin=VccPlata-58
Removed Pin From Net: NetName=NetR1_6_2 Pin=VccPlata-59
Removed Pin From Net: NetName=NetR1_6_3 Pin=VccPlata-60
Removed Pin From Net: NetName=NetR1_7_0 Pin=VccPlata-101
Removed Pin From Net: NetName=NetR1_7_1 Pin=VccPlata-102
Removed Pin From Net: NetName=NetR1_7_2 Pin=VccPlata-103
Removed Pin From Net: NetName=NetR1_7_3 Pin=VccPlata-104
Change Component Comment : Designator=C2.2V Old Comment=1uF New Comment=CAPACITY
Change Component Comment : Designator=C2cap1.8 Old Comment=c2vcc3.3 New Comment=CAPACITY
Change Component Comment : Designator=C2 Vcc3.3 Old Comment=c2vcc3.3 New Comment=CAPACITY
Added Pin To Net: NetName=KLAV_STB3 Pin=KL2-0
Added Pin To Net: NetName=KLAV_STB2 Pin=KL2-1
Added Pin To Net: NetName=KLAV_STB1 Pin=KL2-2
Added Pin To Net: NetName=LCDOE Pin=KL2-3
Added Pin To Net: NetName=KLAV_STR1 Pin=KL3-0
Added Pin To Net: NetName=KLAV_STR2 Pin=KL3-1
Added Pin To Net: NetName=KLAV_STR3 Pin=KL3-2
Added Pin To Net: NetName=NetR1_0_3 Pin=VccPlata-33
Added Pin To Net: NetName=NetR1_0_2 Pin=VccPlata-34
Added Pin To Net: NetName=NetR1_0_1 Pin=VccPlata-35
Added Pin To Net: NetName=NetR1_0_0 Pin=VccPlata-36
Added Pin To Net: NetName=NetR1_1_3 Pin=VccPlata-37
Added Pin To Net: NetName=NetR1_1_2 Pin=VccPlata-38
Added Pin To Net: NetName=NetR1_1_1 Pin=VccPlata-39
Added Pin To Net: NetName=NetR1_1_0 Pin=VccPlata-40
Added Pin To Net: NetName=NetR1_2_3 Pin=VccPlata-41
Added Pin To Net: NetName=NetR1_2_2 Pin=VccPlata-42
Added Pin To Net: NetName=NetR1_2_1 Pin=VccPlata-43
Added Pin To Net: NetName=NetR1_2_0 Pin=VccPlata-44
Added Pin To Net: NetName=NetR1_3_3 Pin=VccPlata-45
Added Pin To Net: NetName=NetR1_3_2 Pin=VccPlata-46
Added Pin To Net: NetName=NetR1_3_1 Pin=VccPlata-47
Added Pin To Net: NetName=NetR1_3_0 Pin=VccPlata-48
Added Pin To Net: NetName=NetR1_4_3 Pin=VccPlata-49
Added Pin To Net: NetName=NetR1_4_2 Pin=VccPlata-50
Added Pin To Net: NetName=NetR1_4_1 Pin=VccPlata-51
Added Pin To Net: NetName=NetR1_4_0 Pin=VccPlata-52
Added Pin To Net: NetName=Netressb_1_5_3 Pin=VccPlata-53
Added Pin To Net: NetName=Netressb_1_5_2 Pin=VccPlata-54
Added Pin To Net: NetName=Netressb_1_5_1 Pin=VccPlata-55
Added Pin To Net: NetName=Netressb_1_5_0 Pin=VccPlata-56
Added Pin To Net: NetName=NetR1_6_3 Pin=VccPlata-57
Added Pin To Net: NetName=NetR1_6_2 Pin=VccPlata-58
Added Pin To Net: NetName=NetR1_6_1 Pin=VccPlata-59
Added Pin To Net: NetName=NetR1_6_0 Pin=VccPlata-60
Added Pin To Net: NetName=NetR1_7_3 Pin=VccPlata-101
Added Pin To Net: NetName=NetR1_7_2 Pin=VccPlata-102
Added Pin To Net: NetName=NetR1_7_1 Pin=VccPlata-103
Added Pin To Net: NetName=NetR1_7_0 Pin=VccPlata-104
