Removed Pin From Net: NetName=PCI 1 Pin=grebpci-0
Removed Pin From Net: NetName=PCI 4 Pin=grebpci-3
Removed Pin From Net: NetName=PCI 8 Pin=grebpci-7
Removed Pin From Net: NetName=PCI 9 Pin=grebpci-8
Removed Pin From Net: NetName=PCI 10 Pin=grebpci-9
Removed Pin From Net: NetName=PCI 11 Pin=grebpci-10
Removed Pin From Net: NetName=PCI 13 Pin=grebpci-12
Removed Pin From Net: NetName=PCI 14 Pin=grebpci-13
Removed Pin From Net: NetName=PCI 15 Pin=grebpci-14
Removed Pin From Net: NetName=PCI 16 Pin=grebpci-15
Removed Pin From Net: NetName=PCI 23 Pin=grebpci-23
Removed Pin From Net: NetName=PCI 24 Pin=grebpci-24
Removed Pin From Net: NetName=PCI 25 Pin=grebpci-25
Removed Pin From Net: NetName=PCI 27 Pin=grebpci-28
Removed Pin From Net: NetName=PCI 28 Pin=grebpci-29
Removed Pin From Net: NetName=PCI 30 Pin=grebpci-31
Removed Pin From Net: NetName=PCI 31 Pin=grebpci-32
Removed Pin From Net: NetName=PCI 36 Pin=grebpci-37
Removed Pin From Net: NetName=PCI 37 Pin=grebpci-38
Removed Pin From Net: NetName=PCI 38 Pin=grebpci-39
Removed Pin From Net: NetName=PCI 39 Pin=grebpci-40
Removed Pin From Net: NetName=PCI 41 Pin=grebpci-42
Removed Pin From Net: NetName=PCI 42 Pin=grebpci-43
Removed Pin From Net: NetName=PCI 43 Pin=grebpci-44
Removed Pin From Net: NetName=PCI 44 Pin=grebpci-45
Removed Pin From Net: NetName=PCI 48 Pin=grebpci-50
Removed Pin From Net: NetName=PCI 54 Pin=grebpci-57
Removed Pin From Net: NetName=PCI 56 Pin=grebpci-58
Removed Pin From Net: NetName=PCI 57 Pin=grebpci-59
Removed Pin From Net: NetName=PCI 59 Pin=grebpci-61
Removed Pin From Net: NetName=PCI 64 Pin=grebpci-67
Removed Pin From Net: NetName=PCI 65 Pin=grebpci-68
Removed Pin From Net: NetName=PCI 83 Pin=grebpci-87
Removed Pin From Net: NetName=PCI 84 Pin=grebpci-88
Removed Pin From Net: NetName=PCI 86 Pin=grebpci-90
Removed Pin From Net: NetName=PCI 87 Pin=grebpci-91
Removed Pin From Net: NetName=PCI 89 Pin=grebpci-93
Removed Pin From Net: NetName=PCI 90 Pin=grebpci-94
Removed Pin From Net: NetName=PCI 91 Pin=grebpci-95
Removed Pin From Net: NetName=PCI 92 Pin=grebpci-96
Removed Pin From Net: NetName=PCI 99 Pin=grebpci-103
Removed Pin From Net: NetName=PCI 100 Pin=grebpci-104
Removed Pin From Net: NetName=PCI 101 Pin=grebpci-105
Removed Pin From Net: NetName=PCI 102 Pin=grebpci-106
Removed Pin From Net: NetName=PCI 104 Pin=grebpci-108
Removed Pin From Net: NetName=PCI 105 Pin=grebpci-109
Removed Pin From Net: NetName=PCI 106 Pin=grebpci-110
Removed Pin From Net: NetName=PCI 107 Pin=grebpci-111
Removed Pin From Net: NetName=PCI 111 Pin=grebpci-115
Removed Pin From Net: NetName=PCI 113 Pin=grebpci-117
Removed Pin From Net: NetName=GENERALVIN Pin=L1 1.8-1
Removed Pin From Net: NetName=Net1.8v_8 Pin=L1 1.8-2
Removed Member From Class: ClassName=Sheet1 Member=*
Removed Member From Class: ClassName=Sheet1 Member=L1 1.8
Change Component DesignItemId : Designator=* Old DesignItemId=Induct New DesignItemId=greb
Change Component Footprint: Designator=* Old Footprint=B82464G4472M New Footprint=GrebForPCI
Change Component Comment : Designator=* Old Comment=Induct New Comment=greb
Change Component Designator: OldDesignator=* NewDesignator=grebpci
Added Component: Designator=ind 1.8v 4.7mH(B82464G4472M)
Added Pin To Net: NetName=GENERALVIN Pin=3.3 ind 4.7 mh-1
Added Pin To Net: NetName=PCI 1 Pin=grebpci-0
Added Pin To Net: NetName=PCI 4 Pin=grebpci-3
Added Pin To Net: NetName=PCI 8 Pin=grebpci-7
Added Pin To Net: NetName=PCI 9 Pin=grebpci-8
Added Pin To Net: NetName=PCI 10 Pin=grebpci-9
Added Pin To Net: NetName=PCI 11 Pin=grebpci-10
Added Pin To Net: NetName=PCI 13 Pin=grebpci-12
Added Pin To Net: NetName=PCI 14 Pin=grebpci-13
Added Pin To Net: NetName=PCI 15 Pin=grebpci-14
Added Pin To Net: NetName=PCI 16 Pin=grebpci-15
Added Pin To Net: NetName=PCI 23 Pin=grebpci-23
Added Pin To Net: NetName=PCI 24 Pin=grebpci-24
Added Pin To Net: NetName=PCI 25 Pin=grebpci-25
Added Pin To Net: NetName=PCI 27 Pin=grebpci-28
Added Pin To Net: NetName=PCI 28 Pin=grebpci-29
Added Pin To Net: NetName=PCI 30 Pin=grebpci-31
Added Pin To Net: NetName=PCI 31 Pin=grebpci-32
Added Pin To Net: NetName=PCI 36 Pin=grebpci-37
Added Pin To Net: NetName=PCI 37 Pin=grebpci-38
Added Pin To Net: NetName=PCI 38 Pin=grebpci-39
Added Pin To Net: NetName=PCI 39 Pin=grebpci-40
Added Pin To Net: NetName=PCI 41 Pin=grebpci-42
Added Pin To Net: NetName=PCI 42 Pin=grebpci-43
Added Pin To Net: NetName=PCI 43 Pin=grebpci-44
Added Pin To Net: NetName=PCI 44 Pin=grebpci-45
Added Pin To Net: NetName=PCI 48 Pin=grebpci-50
Added Pin To Net: NetName=PCI 54 Pin=grebpci-57
Added Pin To Net: NetName=PCI 56 Pin=grebpci-58
Added Pin To Net: NetName=PCI 57 Pin=grebpci-59
Added Pin To Net: NetName=PCI 59 Pin=grebpci-61
Added Pin To Net: NetName=PCI 64 Pin=grebpci-67
Added Pin To Net: NetName=PCI 65 Pin=grebpci-68
Added Pin To Net: NetName=PCI 83 Pin=grebpci-87
Added Pin To Net: NetName=PCI 84 Pin=grebpci-88
Added Pin To Net: NetName=PCI 86 Pin=grebpci-90
Added Pin To Net: NetName=PCI 87 Pin=grebpci-91
Added Pin To Net: NetName=PCI 89 Pin=grebpci-93
Added Pin To Net: NetName=PCI 90 Pin=grebpci-94
Added Pin To Net: NetName=PCI 91 Pin=grebpci-95
Added Pin To Net: NetName=PCI 92 Pin=grebpci-96
Added Pin To Net: NetName=PCI 99 Pin=grebpci-103
Added Pin To Net: NetName=PCI 100 Pin=grebpci-104
Added Pin To Net: NetName=PCI 101 Pin=grebpci-105
Added Pin To Net: NetName=PCI 102 Pin=grebpci-106
Added Pin To Net: NetName=PCI 104 Pin=grebpci-108
Added Pin To Net: NetName=PCI 105 Pin=grebpci-109
Added Pin To Net: NetName=PCI 106 Pin=grebpci-110
Added Pin To Net: NetName=PCI 107 Pin=grebpci-111
Added Pin To Net: NetName=PCI 111 Pin=grebpci-115
Added Pin To Net: NetName=PCI 113 Pin=grebpci-117
Added Pin To Net: NetName=GENERALVIN Pin=ind 1.8v 4.7mH-1
Added Pin To Net: NetName=Net1.8v_8 Pin=ind 1.8v 4.7mH-1
Added Member To Class: ClassName=Sheet1 Member=Component ind 1.8v 4.7mH Induct
