Removed Pin From Net: NetName=Net2_34 Pin=RA20-4
Removed Pin From Net: NetName=Net2_33 Pin=RA20-5
Removed Pin From Net: NetName=Net2_3 Pin=RA20-6
Removed Pin From Net: NetName=Net2_2 Pin=RA20-7
Removed Pin From Net: NetName=Net2_1 Pin=RA21-0
Removed Pin From Net: NetName=Net2_36 Pin=RA21-1
Removed Pin From Net: NetName=Net2_35 Pin=RA21-2
Removed Pin From Net: NetName=Net2_4 Pin=RA21-3
Removed Pin From Net: NetName=Net2_29 Pin=RA22-4
Removed Pin From Net: NetName=Net2_28 Pin=RA22-5
Removed Pin From Net: NetName=Net2_8 Pin=RA22-6
Removed Pin From Net: NetName=Net2_6 Pin=RA22-7
Added Pin To Net: NetName=Net2_34 Pin=RA20-0
Added Pin To Net: NetName=Net2_33 Pin=RA20-1
Added Pin To Net: NetName=Net2_3 Pin=RA20-2
Added Pin To Net: NetName=Net2_2 Pin=RA20-3
Added Pin To Net: NetName=Net2_1 Pin=RA21-4
Added Pin To Net: NetName=Net2_36 Pin=RA21-5
Added Pin To Net: NetName=Net2_35 Pin=RA21-6
Added Pin To Net: NetName=Net2_4 Pin=RA21-7
Added Pin To Net: NetName=Net2_29 Pin=RA22-0
Added Pin To Net: NetName=Net2_28 Pin=RA22-1
Added Pin To Net: NetName=Net2_8 Pin=RA22-2
Added Pin To Net: NetName=Net2_6 Pin=RA22-3
Added Pin To Net: NetName=NetRA20_4 Pin=RA20-4
Added Pin To Net: NetName=NetRA20_4 Pin=SREG1-6
Added Net: Name=NetRA20_4
Added Pin To Net: NetName=NetRA20_5 Pin=RA20-5
Added Pin To Net: NetName=NetRA20_5 Pin=SREG1-5
Added Net: Name=NetRA20_5
Added Pin To Net: NetName=NetRA20_6 Pin=RA20-6
Added Pin To Net: NetName=NetRA20_6 Pin=SREG1-4
Added Net: Name=NetRA20_6
Added Pin To Net: NetName=NetRA20_7 Pin=RA20-7
Added Pin To Net: NetName=NetRA20_7 Pin=SREG1-3
Added Net: Name=NetRA20_7
Added Pin To Net: NetName=NetRA21_0 Pin=RA21-0
Added Pin To Net: NetName=NetRA21_0 Pin=SREG1-13
Added Net: Name=NetRA21_0
Added Pin To Net: NetName=NetRA21_1 Pin=RA21-1
Added Pin To Net: NetName=NetRA21_1 Pin=SREG1-12
Added Net: Name=NetRA21_1
Added Pin To Net: NetName=NetRA21_2 Pin=RA21-2
Added Pin To Net: NetName=NetRA21_2 Pin=SREG1-11
Added Net: Name=NetRA21_2
Added Pin To Net: NetName=NetRA21_3 Pin=RA21-3
Added Pin To Net: NetName=NetRA21_3 Pin=SREG1-10
Added Net: Name=NetRA21_3
Added Pin To Net: NetName=NetRA22_4 Pin=RA22-4
Added Pin To Net: NetName=NetRA22_4 Pin=SREG2-6
Added Net: Name=NetRA22_4
Added Pin To Net: NetName=NetRA22_5 Pin=RA22-5
Added Pin To Net: NetName=NetRA22_5 Pin=SREG2-5
Added Net: Name=NetRA22_5
Added Pin To Net: NetName=NetRA22_6 Pin=RA22-6
Added Pin To Net: NetName=NetRA22_6 Pin=SREG2-4
Added Net: Name=NetRA22_6
Added Pin To Net: NetName=NetRA22_7 Pin=RA22-7
Added Pin To Net: NetName=NetRA22_7 Pin=SREG2-3
Added Net: Name=NetRA22_7
Added Member To Class: ClassName=Power Supplies Member=Component C17 10u
Added Member To Class: ClassName=Power Supplies Member=Component C18 10u
Added Member To Class: ClassName=Power Supplies Member=Component C18 10u
Added Member To Class: ClassName=Power Supplies Member=Component C19 10u
Added Member To Class: ClassName=Power Supplies Member=Component R50 121R
