Removed Pin From Net: NetName=IDC10.6. 8 Pin=Connector-25
Removed Pin From Net: NetName=IDC10.6. 7 Pin=Connector-26
Removed Pin From Net: NetName=IDC10.6. 6 Pin=Connector-27
Removed Pin From Net: NetName=IDC10.6. 5 Pin=Connector-28
Removed Pin From Net: NetName=NetConnector_41 Pin=Connector-41
Removed Pin From Net: NetName=NetConnector_42 Pin=Connector-42
Removed Pin From Net: NetName=NetConnector_43 Pin=Connector-43
Removed Pin From Net: NetName=NetConnector_44 Pin=Connector-44
Added Component: Designator=ressb_1(CAT16-102J4LF)
Added Component: Designator=ressb_2(CAT16-102J4LF_2)
Added Component: Designator=SB 1(CAT16-102J4LF)
Added Component: Designator=SB 2(CAT16-102J4LF)
Added Pin To Net: NetName=NetConnector_41 Pin=Connector-25
Added Pin To Net: NetName=NetConnector_42 Pin=Connector-26
Added Pin To Net: NetName=NetConnector_43 Pin=Connector-27
Added Pin To Net: NetName=NetConnector_44 Pin=Connector-28
Added Pin To Net: NetName=IDC10.5. 2 Pin=Connector-42
Added Pin To Net: NetName=IDC10.5. 3 Pin=Connector-43
Added Pin To Net: NetName=IDC10.5. 4 Pin=Connector-44
Added Pin To Net: NetName=NetConnector_37 Pin=ressb_1-0
Added Pin To Net: NetName=NetConnector_38 Pin=ressb_1-1
Added Pin To Net: NetName=NetConnector_39 Pin=ressb_1-2
Added Pin To Net: NetName=NetConnector_40 Pin=ressb_1-3
Added Pin To Net: NetName=IDC10.6. 4 Pin=ressb_1-4
Added Pin To Net: NetName=IDC10.6. 3 Pin=ressb_1-5
Added Pin To Net: NetName=IDC10.6. 2 Pin=ressb_1-6
Added Pin To Net: NetName=IDC10.6. 1 Pin=ressb_1-7
Added Pin To Net: NetName=NetConnector_41 Pin=ressb_2-0
Added Pin To Net: NetName=NetConnector_42 Pin=ressb_2-1
Added Pin To Net: NetName=NetConnector_43 Pin=ressb_2-2
Added Pin To Net: NetName=NetConnector_44 Pin=ressb_2-3
Added Pin To Net: NetName=IDC10.6. 5 Pin=ressb_2-4
Added Pin To Net: NetName=IDC10.6. 6 Pin=ressb_2-5
Added Pin To Net: NetName=IDC10.6. 7 Pin=ressb_2-6
Added Pin To Net: NetName=IDC10.6. 8 Pin=ressb_2-7
Added Pin To Net: NetName=NetConnector_29 Pin=SB 1-0
Added Pin To Net: NetName=NetConnector_30 Pin=SB 1-1
Added Pin To Net: NetName=NetConnector_31 Pin=SB 1-2
Added Pin To Net: NetName=NetConnector_32 Pin=SB 1-3
Added Pin To Net: NetName=IDC10.7. 5 Pin=SB 1-4
Added Pin To Net: NetName=IDC10.7. 6 Pin=SB 1-5
Added Pin To Net: NetName=IDC10.7. 7 Pin=SB 1-6
Added Pin To Net: NetName=IDC10.7. 8 Pin=SB 1-7
Added Pin To Net: NetName=IDC10.7. 4 Pin=SB 2-0
Added Pin To Net: NetName=IDC10.7. 3 Pin=SB 2-1
Added Pin To Net: NetName=IDC10.7. 2 Pin=SB 2-2
Added Pin To Net: NetName=IDC10.7. 1 Pin=SB 2-3
Added Pin To Net: NetName=NetConnector_33 Pin=SB 2-4
Added Pin To Net: NetName=NetConnector_34 Pin=SB 2-5
Added Pin To Net: NetName=NetConnector_35 Pin=SB 2-6
Added Pin To Net: NetName=NetConnector_36 Pin=SB 2-7
Change Net Name : Old Net Name=NetConnector_41 New Net Name=NetConnector_25
Change Net Name : Old Net Name=NetConnector_42 New Net Name=NetConnector_26
Change Net Name : Old Net Name=NetConnector_43 New Net Name=NetConnector_27
Change Net Name : Old Net Name=NetConnector_44 New Net Name=NetConnector_28
Added Member To Class: ClassName=Plata.~(40) Member=Component ressb_1 Bourns CAT16-102J4LF
Added Member To Class: ClassName=Plata.~(40) Member=Component ressb_2 Bourns CAT16-102J4LF_1
Added Member To Class: ClassName=Plata.~(40) Member=Component SB 1 Bourns CAT16-102J4LF
Added Member To Class: ClassName=Plata.~(40) Member=Component SB 2 Bourns CAT16-102J4LF
