Added Component: Designator=3.3v(D008_M)
Added Component: Designator=Cap1 pol 22mf+ 3.3(R0805)
Added Component: Designator=Cap3 4.7pf+ 3.3(R0805)
Added Component: Designator=Cap2 100mf 3.3(R0805)
Added Component: Designator=D 5v 1 3.3(SMB)
Added Component: Designator=L1 3.3(0402-A)
Added Component: Designator=RVcc1 3.3(R0805)
Added Component: Designator=RVcc2 3.3(R0805)
Added Component: Designator=RVcc3  3.3(R0805)
Added Pin To Net: NetName=LCDOE Pin=3.3v-1
Added Pin To Net: NetName=LCDOE Pin=3.3v-5
Added Pin To Net: NetName=LCDOE Pin=Cap1 pol 22mf+ 3.3-2
Added Pin To Net: NetName=LCDOE Pin=Cap2 100mf 3.3-1
Added Pin To Net: NetName=LCDOE Pin=RVcc2 3.3-1
Added Pin To Net: NetName=Net3.3v_2 Pin=3.3v-2
Added Pin To Net: NetName=Net3.3v_2 Pin=3.3v-6
Added Pin To Net: NetName=Net3.3v_2 Pin=3.3v-7
Added Pin To Net: NetName=Net3.3v_2 Pin=Cap2 100mf 3.3-2
Added Pin To Net: NetName=Net3.3v_2 Pin=D 5v 1 3.3-2
Added Pin To Net: NetName=Net3.3v_2 Pin=RVcc1 3.3-2
Added Net: Name=Net3.3v_2
Added Pin To Net: NetName=Net3.3v_3 Pin=3.3v-3
Added Pin To Net: NetName=Net3.3v_3 Pin=Cap3 4.7pf+ 3.3-2
Added Pin To Net: NetName=Net3.3v_3 Pin=RVcc3  3.3-1
Added Net: Name=Net3.3v_3
Added Pin To Net: NetName=Net3.3v_4 Pin=3.3v-4
Added Pin To Net: NetName=Net3.3v_4 Pin=RVcc1 3.3-1
Added Pin To Net: NetName=Net3.3v_4 Pin=RVcc2 3.3-2
Added Net: Name=Net3.3v_4
Added Pin To Net: NetName=Net3.3v_8 Pin=3.3v-8
Added Pin To Net: NetName=Net3.3v_8 Pin=Cap3 4.7pf+ 3.3-1
Added Pin To Net: NetName=Net3.3v_8 Pin=D 5v 1 3.3-1
Added Pin To Net: NetName=Net3.3v_8 Pin=L1 3.3-2
Added Net: Name=Net3.3v_8
Added Pin To Net: NetName=NetCap1 pol 22mf+ 3.3_1 Pin=Cap1 pol 22mf+ 3.3-1
Added Pin To Net: NetName=NetCap1 pol 22mf+ 3.3_1 Pin=L1 3.3-1
Added Pin To Net: NetName=NetCap1 pol 22mf+ 3.3_1 Pin=RVcc3  3.3-2
Added Net: Name=NetCap1 pol 22mf+ 3.3_1
Added Class: Name=Sheet1
Added Room: Name=Sheet1
