Removed Pin From Net: NetName=VCC5 Pin=C4-2
Removed Pin From Net: NetName=Net2_2 Pin=RA20-0
Removed Pin From Net: NetName=Net2_3 Pin=RA20-1
Removed Pin From Net: NetName=Net2_33 Pin=RA20-2
Removed Pin From Net: NetName=Net2_34 Pin=RA20-3
Removed Pin From Net: NetName=Net2_4 Pin=RA21-0
Removed Pin From Net: NetName=Net2_35 Pin=RA21-1
Removed Pin From Net: NetName=Net2_36 Pin=RA21-2
Removed Pin From Net: NetName=Net2_1 Pin=RA21-3
Removed Pin From Net: NetName=Net2_6 Pin=RA22-4
Removed Pin From Net: NetName=Net2_8 Pin=RA22-5
Removed Pin From Net: NetName=Net2_28 Pin=RA22-6
Removed Pin From Net: NetName=Net2_29 Pin=RA22-7
Removed Pin From Net: NetName=Net2_7 Pin=RA23-5
Removed Pin From Net: NetName=Net2_30 Pin=RA23-6
Removed Pin From Net: NetName=Net2_5 Pin=RA23-7
Removed Pin From Net: NetName=Net2_11 Pin=RA24-0
Removed Pin From Net: NetName=Net2_12 Pin=RA24-1
Removed Pin From Net: NetName=Net2_24 Pin=RA24-2
Removed Pin From Net: NetName=Net2_25 Pin=RA24-3
Removed Pin From Net: NetName=Net2_13 Pin=RA25-0
Removed Pin From Net: NetName=Net2_26 Pin=RA25-1
Removed Pin From Net: NetName=Net2_27 Pin=RA25-2
Removed Pin From Net: NetName=Net2_20 Pin=RA26-0
Removed Pin From Net: NetName=Net2_19 Pin=RA26-1
Removed Pin From Net: NetName=Net2_17 Pin=RA26-2
Removed Pin From Net: NetName=Net2_15 Pin=RA26-3
Removed Pin From Net: NetName=Net2_18 Pin=RA27-0
Removed Pin From Net: NetName=Net2_16 Pin=RA27-1
Removed Pin From Net: NetName=Net2_21 Pin=RA27-2
Removed Pin From Net: NetName=Net2_14 Pin=RA27-3
Removed Pin From Net: NetName=NetRA20_4 Pin=SREG1-3
Removed Pin From Net: NetName=NetRA20_5 Pin=SREG1-4
Removed Pin From Net: NetName=NetRA20_6 Pin=SREG1-5
Removed Pin From Net: NetName=NetRA20_7 Pin=SREG1-6
Removed Pin From Net: NetName=VCC5 Pin=SREG1-9
Removed Pin From Net: NetName=VCC5 Pin=SREG1-14
Removed Pin From Net: NetName=NetRA23_0 Pin=SREG2-10
Removed Pin From Net: NetName=NetRA23_1 Pin=SREG2-11
Removed Pin From Net: NetName=NetRA23_2 Pin=SREG2-12
Removed Pin From Net: NetName=NetRA23_3 Pin=SREG2-13
Removed Pin From Net: NetName=NetRA24_4 Pin=SREG3-3
Removed Pin From Net: NetName=NetRA24_5 Pin=SREG3-4
Removed Pin From Net: NetName=NetRA24_6 Pin=SREG3-5
Removed Pin From Net: NetName=NetRA24_7 Pin=SREG3-6
Removed Pin From Net: NetName=NetRA25_4 Pin=SREG3-10
Removed Pin From Net: NetName=NetRA25_5 Pin=SREG3-11
Removed Pin From Net: NetName=NetRA25_7 Pin=SREG3-13
Removed Pin From Net: NetName=NetRA26_7 Pin=SREG4-3
Removed Pin From Net: NetName=NetRA26_6 Pin=SREG4-4
Removed Pin From Net: NetName=NetRA26_5 Pin=SREG4-5
Removed Pin From Net: NetName=NetRA26_4 Pin=SREG4-6
Change Component Designator: OldDesignator=SREG3 NewDesignator=SREG4
Change Component Designator: OldDesignator=SREG4 NewDesignator=SREG3
Added Pin To Net: NetName=Net2_30 Pin=RA20-0
Added Pin To Net: NetName=Net2_29 Pin=RA20-1
Added Pin To Net: NetName=Net2_28 Pin=RA20-2
Added Pin To Net: NetName=Net2_27 Pin=RA21-5
Added Pin To Net: NetName=Net2_26 Pin=RA21-6
Added Pin To Net: NetName=Net2_25 Pin=RA21-7
Added Pin To Net: NetName=Net2_36 Pin=RA22-0
Added Pin To Net: NetName=Net2_35 Pin=RA22-1
Added Pin To Net: NetName=Net2_34 Pin=RA22-2
Added Pin To Net: NetName=Net2_33 Pin=RA22-3
Added Pin To Net: NetName=Net2_24 Pin=RA23-4
Added Pin To Net: NetName=Net2_21 Pin=RA23-5
Added Pin To Net: NetName=Net2_20 Pin=RA23-6
Added Pin To Net: NetName=Net2_19 Pin=RA23-7
Added Pin To Net: NetName=Net2_1 Pin=RA24-0
Added Pin To Net: NetName=Net2_2 Pin=RA24-1
Added Pin To Net: NetName=Net2_3 Pin=RA24-2
Added Pin To Net: NetName=Net2_4 Pin=RA24-3
Added Pin To Net: NetName=Net2_15 Pin=RA25-0
Added Pin To Net: NetName=Net2_16 Pin=RA25-1
Added Pin To Net: NetName=Net2_17 Pin=RA25-2
Added Pin To Net: NetName=Net2_18 Pin=RA25-3
Added Pin To Net: NetName=Net2_5 Pin=RA26-0
Added Pin To Net: NetName=Net2_6 Pin=RA26-1
Added Pin To Net: NetName=Net2_7 Pin=RA26-2
Added Pin To Net: NetName=Net2_8 Pin=RA26-3
Added Pin To Net: NetName=Net2_11 Pin=RA27-4
Added Pin To Net: NetName=Net2_12 Pin=RA27-5
Added Pin To Net: NetName=Net2_13 Pin=RA27-6
Added Pin To Net: NetName=Net2_14 Pin=RA27-7
Added Pin To Net: NetName=NetRA20_4 Pin=SREG1-1
Added Pin To Net: NetName=NetRA20_4 Pin=SREG1-2
Added Pin To Net: NetName=NetRA24_5 Pin=SREG1-5
Added Pin To Net: NetName=NetRA24_6 Pin=SREG1-6
Added Pin To Net: NetName=NetRA24_7 Pin=SREG1-10
Added Pin To Net: NetName=NetRA24_4 Pin=SREG1-13
Added Pin To Net: NetName=NetRA20_6 Pin=SREG2-3
Added Pin To Net: NetName=NetRA20_5 Pin=SREG2-4
Added Pin To Net: NetName=NetRA26_4 Pin=SREG2-5
Added Pin To Net: NetName=NetRA26_6 Pin=SREG2-6
Added Pin To Net: NetName=NetRA26_7 Pin=SREG2-10
Added Pin To Net: NetName=NetRA20_7 Pin=SREG2-11
Added Pin To Net: NetName=NetRA26_5 Pin=SREG2-12
Added Pin To Net: NetName=NetRA20_4 Pin=SREG2-13
Added Pin To Net: NetName=NetRA25_4 Pin=SREG3-1
Added Pin To Net: NetName=NetRA25_4 Pin=SREG3-2
Added Pin To Net: NetName=NetRA23_3 Pin=SREG3-4
Added Pin To Net: NetName=7SEG_DATA Pin=SREG4-1
Added Pin To Net: NetName=7SEG_DATA Pin=SREG4-2
Added Pin To Net: NetName=NetRA23_1 Pin=SREG4-3
Added Pin To Net: NetName=NetRA23_0 Pin=SREG4-4
Added Pin To Net: NetName=NetRA25_5 Pin=SREG4-5
Added Pin To Net: NetName=NetRA25_7 Pin=SREG4-6
Added Pin To Net: NetName=NetRA23_2 Pin=SREG4-11
Added Pin To Net: NetName=NetRA25_4 Pin=SREG4-13
Added Pin To Net: NetName=DP2 Pin=2-9
Added Pin To Net: NetName=DP2 Pin=RA20-3
Added Net: Name=DP2
Added Pin To Net: NetName=E3 Pin=2-10
Added Pin To Net: NetName=E3 Pin=RA21-4
Added Net: Name=E3
Added Pin To Net: NetName=NetC4_2 Pin=C4-2
Added Pin To Net: NetName=NetC4_2 Pin=SREG1-9
Added Pin To Net: NetName=NetC4_2 Pin=SREG1-14
Added Net: Name=NetC4_2
Added Pin To Net: NetName=NetRA21_0 Pin=RA21-0
Added Pin To Net: NetName=NetRA21_0 Pin=SREG3-3
Added Net: Name=NetRA21_0
Added Pin To Net: NetName=NetRA21_1 Pin=RA21-1
Added Pin To Net: NetName=NetRA21_1 Pin=SREG3-12
Added Net: Name=NetRA21_1
Added Pin To Net: NetName=NetRA21_2 Pin=RA21-2
Added Pin To Net: NetName=NetRA21_2 Pin=SREG3-11
Added Net: Name=NetRA21_2
Added Pin To Net: NetName=NetRA21_3 Pin=RA21-3
Added Pin To Net: NetName=NetRA21_3 Pin=SREG3-10
Added Net: Name=NetRA21_3
Added Pin To Net: NetName=NetRA22_4 Pin=RA22-4
Added Pin To Net: NetName=NetRA22_4 Pin=SREG1-4
Added Net: Name=NetRA22_4
Added Pin To Net: NetName=NetRA22_5 Pin=RA22-5
Added Pin To Net: NetName=NetRA22_5 Pin=SREG1-3
Added Net: Name=NetRA22_5
Added Pin To Net: NetName=NetRA22_6 Pin=RA22-6
Added Pin To Net: NetName=NetRA22_6 Pin=SREG1-12
Added Net: Name=NetRA22_6
Added Pin To Net: NetName=NetRA22_7 Pin=RA22-7
Added Pin To Net: NetName=NetRA22_7 Pin=SREG1-11
Added Net: Name=NetRA22_7
Added Pin To Net: NetName=NetRA27_0 Pin=RA27-0
Added Pin To Net: NetName=NetRA27_0 Pin=SREG4-10
Added Net: Name=NetRA27_0
Added Pin To Net: NetName=NetRA27_1 Pin=RA27-1
Added Pin To Net: NetName=NetRA27_1 Pin=SREG2-1
Added Pin To Net: NetName=NetRA27_1 Pin=SREG2-2
Added Pin To Net: NetName=NetRA27_1 Pin=SREG3-13
Added Net: Name=NetRA27_1
Added Pin To Net: NetName=NetRA27_2 Pin=RA27-2
Added Pin To Net: NetName=NetRA27_2 Pin=SREG3-5
Added Net: Name=NetRA27_2
Added Pin To Net: NetName=NetRA27_3 Pin=RA27-3
Added Pin To Net: NetName=NetRA27_3 Pin=SREG3-6
Added Net: Name=NetRA27_3
Change Class Name : Old Net Name=7SEG-3 New Net Name=7SEG-2
Added Member To Class: ClassName=7SEG-2 Member=Component 2 CA56-11EWA
Added Member To Class: ClassName=Power Supplies Member=Component C17 10u
Added Member To Class: ClassName=Power Supplies Member=Component C18 10u
Added Member To Class: ClassName=Power Supplies Member=Component C18 10u
Added Member To Class: ClassName=Power Supplies Member=Component C19 10u
Added Member To Class: ClassName=Power Supplies Member=Component R50 121R
Added Room: Name=7SEG-2
