Removed Pin From Net: NetName=GENERALVIN Pin=P1-10
Removed Pin From Net: NetName=GENERALVIN Pin=P2-10
Removed Pin From Net: NetName=GENERALVIN Pin=P3-10
Removed Pin From Net: NetName=GENERALVIN Pin=P4-10
Removed Pin From Net: NetName=GENERALVIN Pin=P5-10
Removed Pin From Net: NetName=GENERALVIN Pin=P6-10
Removed Pin From Net: NetName=GENERALVIN Pin=P7-10
Removed Pin From Net: NetName=GENERALVIN Pin=R7seg-1
Removed Pin From Net: NetName=GENERALVIN Pin=reoat-0
Removed Pin From Net: NetName=GENERALVIN Pin=rsun-1
Removed Pin From Net: NetName=GENERALVIN Pin=Rvd1-2
Removed Pin From Net: NetName=GENERALVIN Pin=Rvd2-2
Removed Member From Class: ClassName=Plata.~(40) Member=R?
Added Pin To Net: NetName=VCCPLATA Pin=P1-10
Added Pin To Net: NetName=VCCPLATA Pin=P2-10
Added Pin To Net: NetName=VCCPLATA Pin=P3-10
Added Pin To Net: NetName=VCCPLATA Pin=P4-10
Added Pin To Net: NetName=VCCPLATA Pin=P5-10
Added Pin To Net: NetName=VCCPLATA Pin=P6-10
Added Pin To Net: NetName=VCCPLATA Pin=P7-10
Added Pin To Net: NetName=VCCPLATA Pin=R7seg-1
Added Pin To Net: NetName=VCCPLATA Pin=reoat-0
Added Pin To Net: NetName=VCCPLATA Pin=rsun-1
Added Pin To Net: NetName=VCCPLATA Pin=Rvd1-2
Added Pin To Net: NetName=VCCPLATA Pin=Rvd2-2
