Removed Pin From Net: NetName=PCI 2 Pin=PCI-1
Removed Pin From Net: NetName=PCI 4 Pin=PCI-3
Removed Pin From Net: NetName=PCI 11 Pin=PCI-10
Removed Pin From Net: NetName=PCI 16 Pin=PCI-15
Removed Pin From Net: NetName=PCI 28 Pin=PCI-29
Removed Pin From Net: NetName=PCI 31 Pin=PCI-32
Removed Pin From Net: NetName=PCI 40 Pin=PCI-41
Removed Pin From Net: NetName=PCI 45 Pin=PCI-46
Removed Pin From Net: NetName=PCI 50 Pin=PCI-51
Removed Pin From Net: NetName=PCI 68 Pin=PCI-72
Removed Pin From Net: NetName=PCI 69 Pin=PCI-73
Removed Pin From Net: NetName=PCI 70 Pin=PCI-74
Removed Pin From Net: NetName=PCI 71 Pin=PCI-75
Removed Pin From Net: NetName=PCI 72 Pin=PCI-76
Removed Pin From Net: NetName=PCI 73 Pin=PCI-77
Removed Pin From Net: NetName=PCI 74 Pin=PCI-78
Removed Pin From Net: NetName=PCI 75 Pin=PCI-79
Removed Pin From Net: NetName=PCI 76 Pin=PCI-80
Added Component: Designator=*(GrebForPCI)
Added Pin To Net: NetName=PCI 1 Pin=*-0
Added Pin To Net: NetName=PCI 2 Pin=*-1
Added Pin To Net: NetName=PCI 4 Pin=*-3
Added Pin To Net: NetName=PCI 8 Pin=*-7
Added Pin To Net: NetName=PCI 9 Pin=*-8
Added Pin To Net: NetName=PCI 10 Pin=*-9
Added Pin To Net: NetName=PCI 11 Pin=*-10
Added Pin To Net: NetName=PCI 13 Pin=*-12
Added Pin To Net: NetName=PCI 14 Pin=*-13
Added Pin To Net: NetName=PCI 15 Pin=*-14
Added Pin To Net: NetName=PCI 16 Pin=*-15
Added Pin To Net: NetName=PCI 23 Pin=*-23
Added Pin To Net: NetName=PCI 24 Pin=*-24
Added Pin To Net: NetName=PCI 25 Pin=*-25
Added Pin To Net: NetName=PCI 27 Pin=*-28
Added Pin To Net: NetName=PCI 28 Pin=*-29
Added Pin To Net: NetName=PCI 30 Pin=*-31
Added Pin To Net: NetName=PCI 31 Pin=*-32
Added Pin To Net: NetName=PCI 36 Pin=*-37
Added Pin To Net: NetName=PCI 37 Pin=*-38
Added Pin To Net: NetName=PCI 38 Pin=*-39
Added Pin To Net: NetName=PCI 39 Pin=*-40
Added Pin To Net: NetName=PCI 40 Pin=*-41
Added Pin To Net: NetName=PCI 41 Pin=*-42
Added Pin To Net: NetName=PCI 42 Pin=*-43
Added Pin To Net: NetName=PCI 43 Pin=*-44
Added Pin To Net: NetName=PCI 44 Pin=*-45
Added Pin To Net: NetName=PCI 45 Pin=*-46
Added Pin To Net: NetName=PCI 50 Pin=*-51
Added Pin To Net: NetName=PCI 57 Pin=*-59
Added Pin To Net: NetName=PCI 59 Pin=*-61
Added Pin To Net: NetName=PCI 64 Pin=*-67
Added Pin To Net: NetName=PCI 65 Pin=*-68
Added Pin To Net: NetName=PCI 68 Pin=*-72
Added Pin To Net: NetName=PCI 69 Pin=*-73
Added Pin To Net: NetName=PCI 70 Pin=*-74
Added Pin To Net: NetName=PCI 71 Pin=*-75
Added Pin To Net: NetName=PCI 72 Pin=*-76
Added Pin To Net: NetName=PCI 73 Pin=*-77
Added Pin To Net: NetName=PCI 74 Pin=*-78
Added Pin To Net: NetName=PCI 75 Pin=*-79
Added Pin To Net: NetName=PCI 76 Pin=*-80
Added Pin To Net: NetName=PCI 77 Pin=*-81
Added Pin To Net: NetName=PCI 83 Pin=*-87
Added Pin To Net: NetName=PCI 84 Pin=*-88
Added Pin To Net: NetName=PCI 86 Pin=*-90
Added Pin To Net: NetName=PCI 87 Pin=*-91
Added Pin To Net: NetName=PCI 89 Pin=*-93
Added Pin To Net: NetName=PCI 90 Pin=*-94
Added Pin To Net: NetName=PCI 91 Pin=*-95
Added Pin To Net: NetName=PCI 92 Pin=*-96
Added Pin To Net: NetName=PCI 99 Pin=*-103
Added Pin To Net: NetName=PCI 100 Pin=*-104
Added Pin To Net: NetName=PCI 101 Pin=*-105
Added Pin To Net: NetName=PCI 102 Pin=*-106
Added Pin To Net: NetName=PCI 104 Pin=*-108
Added Pin To Net: NetName=PCI 105 Pin=*-109
Added Pin To Net: NetName=PCI 106 Pin=*-110
Added Pin To Net: NetName=PCI 107 Pin=*-111
Added Pin To Net: NetName=PCI 111 Pin=*-115
Added Pin To Net: NetName=PCI 113 Pin=*-117
Added Pin To Net: NetName=LCDOE Pin=PCI-36
Added Pin To Net: NetName=LCDOE Pin=PCI-41
Added Pin To Net: NetName=LCDOE Pin=PCI-71
Added Pin To Net: NetName=LCDOE Pin=PCI-72
Added Pin To Net: NetName=LCDOE Pin=PCI-73
Added Pin To Net: NetName=LCDOE Pin=PCI-74
Added Pin To Net: NetName=LCDOE Pin=PCI-75
Added Pin To Net: NetName=LCDOE Pin=PCI-76
Added Pin To Net: NetName=LCDOE Pin=PCI-77
Added Pin To Net: NetName=LCDOE Pin=PCI-78
Added Pin To Net: NetName=LCDOE Pin=PCI-79
Added Pin To Net: NetName=LCDOE Pin=PCI-80
Added Member To Class: ClassName=Plata.~(40) Member=Component * greb
