Added Component: Designator=C1 1V(R0805)
Added Component: Designator=C2 2V(R0805)
Added Component: Designator=R1v(R0805)
Added Component: Designator=TPS 1v(SOT223-5)
Added Pin To Net: NetName=LCDOE Pin=C1 1V-1
Added Pin To Net: NetName=GENERALVIN Pin=C1 1V-2
Added Pin To Net: NetName=LCDOE Pin=C2 2V-1
Added Pin To Net: NetName=VCC1 Pin=C2 2V-2
Added Pin To Net: NetName=VCC1 Pin=R1v-2
Added Pin To Net: NetName=GENERALVIN Pin=TPS 1v-1
Added Pin To Net: NetName=LCDOE Pin=TPS 1v-2
Added Pin To Net: NetName=VCC1 Pin=TPS 1v-3
Added Pin To Net: NetName=NetR1v_1 Pin=R1v-1
Added Pin To Net: NetName=NetR1v_1 Pin=TPS 1v-4
Added Net: Name=NetR1v_1
Added Member To Class: ClassName=Sheet1 Member=Component C1 1V CAPACITY
Added Member To Class: ClassName=Sheet1 Member=Component C2 2V 1uF
Added Member To Class: ClassName=Sheet1 Member=Component R1v 10kOm
Added Member To Class: ClassName=Plata.~(40) Member=Component ressb_2 Bourns CAT16-102J4LF_1
Added Member To Class: ClassName=Sheet1 Member=Component TPS 1v TPS72515DCQ -1v
