Added Component: Designator=*(CA56-11EWA)
Added Component: Designator=R?(R0805)
Added Component: Designator=SREG1(SN74HC164DRX)
Added Component: Designator=SREG2(SN74HC164DRX)
Added Component: Designator=SREG3(SN74HC164DRX)
Added Component: Designator=SREG4(SN74HC164DRX)
Added Pin To Net: NetName=7SEGM_DATA Pin=SREG1-1
Added Pin To Net: NetName=7SEGM_DATA Pin=SREG1-2
Added Pin To Net: NetName=GND Pin=SREG1-7
Added Pin To Net: NetName=7SEG_CLK Pin=SREG1-8
Added Pin To Net: NetName=VCC5 Pin=SREG1-9
Added Pin To Net: NetName=VCC5 Pin=SREG1-14
Added Pin To Net: NetName=GND Pin=SREG2-7
Added Pin To Net: NetName=7SEG_CLK Pin=SREG2-8
Added Pin To Net: NetName=VCC5 Pin=SREG2-9
Added Pin To Net: NetName=VCC5 Pin=SREG2-14
Added Pin To Net: NetName=GND Pin=SREG3-7
Added Pin To Net: NetName=7SEG_CLK Pin=SREG3-8
Added Pin To Net: NetName=VCC5 Pin=SREG3-9
Added Pin To Net: NetName=VCC5 Pin=SREG3-14
Added Pin To Net: NetName=GND Pin=SREG4-7
Added Pin To Net: NetName=7SEG_CLK Pin=SREG4-8
Added Pin To Net: NetName=VCC5 Pin=SREG4-9
Added Pin To Net: NetName=VCC5 Pin=SREG4-14
Added Pin To Net: NetName=Net*_1 Pin=*-1
Added Pin To Net: NetName=Net*_1 Pin=SREG1-10
Added Net: Name=Net*_1
Added Pin To Net: NetName=Net*_2 Pin=*-2
Added Pin To Net: NetName=Net*_2 Pin=SREG1-6
Added Net: Name=Net*_2
Added Pin To Net: NetName=Net*_3 Pin=*-3
Added Pin To Net: NetName=Net*_3 Pin=SREG1-5
Added Net: Name=Net*_3
Added Pin To Net: NetName=Net*_4 Pin=*-4
Added Pin To Net: NetName=Net*_4 Pin=SREG1-13
Added Pin To Net: NetName=Net*_4 Pin=SREG2-1
Added Pin To Net: NetName=Net*_4 Pin=SREG2-2
Added Net: Name=Net*_4
Added Pin To Net: NetName=Net*_5 Pin=*-5
Added Pin To Net: NetName=Net*_5 Pin=SREG2-10
Added Net: Name=Net*_5
Added Pin To Net: NetName=Net*_6 Pin=*-6
Added Pin To Net: NetName=Net*_6 Pin=SREG2-6
Added Net: Name=Net*_6
Added Pin To Net: NetName=Net*_8 Pin=*-8
Added Pin To Net: NetName=Net*_8 Pin=SREG2-5
Added Net: Name=Net*_8
Added Pin To Net: NetName=Net*_9 Pin=*-9
Added Pin To Net: NetName=Net*_9 Pin=SREG2-13
Added Pin To Net: NetName=Net*_9 Pin=SREG3-1
Added Pin To Net: NetName=Net*_9 Pin=SREG3-2
Added Net: Name=Net*_9
Added Pin To Net: NetName=Net*_11 Pin=*-11
Added Pin To Net: NetName=Net*_11 Pin=SREG3-6
Added Net: Name=Net*_11
Added Pin To Net: NetName=Net*_12 Pin=*-12
Added Pin To Net: NetName=Net*_12 Pin=SREG3-5
Added Net: Name=Net*_12
Added Pin To Net: NetName=Net*_13 Pin=*-13
Added Pin To Net: NetName=Net*_13 Pin=SREG3-13
Added Pin To Net: NetName=Net*_13 Pin=SREG4-1
Added Pin To Net: NetName=Net*_13 Pin=SREG4-2
Added Net: Name=Net*_13
Added Pin To Net: NetName=Net*_14 Pin=*-14
Added Pin To Net: NetName=Net*_14 Pin=SREG4-10
Added Net: Name=Net*_14
Added Pin To Net: NetName=Net*_15 Pin=*-15
Added Pin To Net: NetName=Net*_15 Pin=SREG4-6
Added Net: Name=Net*_15
Added Pin To Net: NetName=Net*_16 Pin=*-16
Added Pin To Net: NetName=Net*_16 Pin=SREG4-12
Added Net: Name=Net*_16
Added Pin To Net: NetName=Net*_17 Pin=*-17
Added Pin To Net: NetName=Net*_17 Pin=SREG4-5
Added Net: Name=Net*_17
Added Pin To Net: NetName=Net*_18 Pin=*-18
Added Pin To Net: NetName=Net*_18 Pin=SREG4-13
Added Net: Name=Net*_18
Added Pin To Net: NetName=Net*_19 Pin=*-19
Added Pin To Net: NetName=Net*_19 Pin=SREG4-4
Added Net: Name=Net*_19
Added Pin To Net: NetName=Net*_20 Pin=*-20
Added Pin To Net: NetName=Net*_20 Pin=SREG4-3
Added Net: Name=Net*_20
Added Pin To Net: NetName=Net*_21 Pin=*-21
Added Pin To Net: NetName=Net*_21 Pin=SREG4-11
Added Net: Name=Net*_21
Added Pin To Net: NetName=Net*_22 Pin=*-22
Added Pin To Net: NetName=Net*_22 Pin=*-23
Added Pin To Net: NetName=Net*_22 Pin=*-31
Added Pin To Net: NetName=Net*_22 Pin=*-32
Added Pin To Net: NetName=Net*_22 Pin=R?-2
Added Net: Name=Net*_22
Added Pin To Net: NetName=Net*_24 Pin=*-24
Added Pin To Net: NetName=Net*_24 Pin=SREG3-4
Added Net: Name=Net*_24
Added Pin To Net: NetName=Net*_25 Pin=*-25
Added Pin To Net: NetName=Net*_25 Pin=SREG3-3
Added Net: Name=Net*_25
Added Pin To Net: NetName=Net*_26 Pin=*-26
Added Pin To Net: NetName=Net*_26 Pin=SREG3-12
Added Net: Name=Net*_26
Added Pin To Net: NetName=Net*_27 Pin=*-27
Added Pin To Net: NetName=Net*_27 Pin=SREG3-11
Added Net: Name=Net*_27
Added Pin To Net: NetName=Net*_28 Pin=*-28
Added Pin To Net: NetName=Net*_28 Pin=SREG2-4
Added Net: Name=Net*_28
Added Pin To Net: NetName=Net*_29 Pin=*-29
Added Pin To Net: NetName=Net*_29 Pin=SREG2-3
Added Net: Name=Net*_29
Added Pin To Net: NetName=Net*_30 Pin=*-30
Added Pin To Net: NetName=Net*_30 Pin=SREG2-11
Added Net: Name=Net*_30
Added Pin To Net: NetName=Net*_33 Pin=*-33
Added Pin To Net: NetName=Net*_33 Pin=SREG1-4
Added Net: Name=Net*_33
Added Pin To Net: NetName=Net*_34 Pin=*-34
Added Pin To Net: NetName=Net*_34 Pin=SREG1-3
Added Net: Name=Net*_34
Added Pin To Net: NetName=Net*_35 Pin=*-35
Added Pin To Net: NetName=Net*_35 Pin=SREG1-12
Added Net: Name=Net*_35
Added Pin To Net: NetName=Net*_36 Pin=*-36
Added Pin To Net: NetName=Net*_36 Pin=SREG1-11
Added Net: Name=Net*_36
Added Pin To Net: NetName=VCC Pin=R?-1
Added Net: Name=VCC
Added Member To Class: ClassName=Plata Member=Component R? R0805
Added Member To Class: ClassName=Plata Member=Component SREG1 M74HC595B1R
Added Member To Class: ClassName=Plata Member=Component SREG2 M74HC595B1R
Added Member To Class: ClassName=Plata Member=Component SREG3 M74HC595B1R
Added Member To Class: ClassName=Plata Member=Component SREG4 M74HC595B1R
