Removed Pin From Net: NetName=PCI 1 Pin=*-0
Removed Pin From Net: NetName=PCI 4 Pin=*-3
Removed Pin From Net: NetName=PCI 8 Pin=*-7
Removed Pin From Net: NetName=PCI 9 Pin=*-8
Removed Pin From Net: NetName=PCI 10 Pin=*-9
Removed Pin From Net: NetName=PCI 11 Pin=*-10
Removed Pin From Net: NetName=PCI 13 Pin=*-12
Removed Pin From Net: NetName=PCI 14 Pin=*-13
Removed Pin From Net: NetName=PCI 15 Pin=*-14
Removed Pin From Net: NetName=PCI 16 Pin=*-15
Removed Pin From Net: NetName=PCI 23 Pin=*-23
Removed Pin From Net: NetName=PCI 24 Pin=*-24
Removed Pin From Net: NetName=PCI 25 Pin=*-25
Removed Pin From Net: NetName=PCI 27 Pin=*-28
Removed Pin From Net: NetName=PCI 28 Pin=*-29
Removed Pin From Net: NetName=PCI 30 Pin=*-31
Removed Pin From Net: NetName=PCI 31 Pin=*-32
Removed Pin From Net: NetName=PCI 36 Pin=*-37
Removed Pin From Net: NetName=PCI 37 Pin=*-38
Removed Pin From Net: NetName=PCI 38 Pin=*-39
Removed Pin From Net: NetName=PCI 39 Pin=*-40
Removed Pin From Net: NetName=PCI 41 Pin=*-42
Removed Pin From Net: NetName=PCI 42 Pin=*-43
Removed Pin From Net: NetName=PCI 43 Pin=*-44
Removed Pin From Net: NetName=PCI 44 Pin=*-45
Removed Pin From Net: NetName=PCI 48 Pin=*-50
Removed Pin From Net: NetName=PCI 54 Pin=*-57
Removed Pin From Net: NetName=PCI 56 Pin=*-58
Removed Pin From Net: NetName=PCI 57 Pin=*-59
Removed Pin From Net: NetName=PCI 59 Pin=*-61
Removed Pin From Net: NetName=PCI 64 Pin=*-67
Removed Pin From Net: NetName=PCI 65 Pin=*-68
Removed Pin From Net: NetName=PCI 83 Pin=*-87
Removed Pin From Net: NetName=PCI 84 Pin=*-88
Removed Pin From Net: NetName=PCI 86 Pin=*-90
Removed Pin From Net: NetName=PCI 87 Pin=*-91
Removed Pin From Net: NetName=PCI 89 Pin=*-93
Removed Pin From Net: NetName=PCI 90 Pin=*-94
Removed Pin From Net: NetName=PCI 91 Pin=*-95
Removed Pin From Net: NetName=PCI 92 Pin=*-96
Removed Pin From Net: NetName=PCI 99 Pin=*-103
Removed Pin From Net: NetName=PCI 100 Pin=*-104
Removed Pin From Net: NetName=PCI 101 Pin=*-105
Removed Pin From Net: NetName=PCI 102 Pin=*-106
Removed Pin From Net: NetName=PCI 104 Pin=*-108
Removed Pin From Net: NetName=PCI 105 Pin=*-109
Removed Pin From Net: NetName=PCI 106 Pin=*-110
Removed Pin From Net: NetName=PCI 107 Pin=*-111
Removed Pin From Net: NetName=PCI 111 Pin=*-115
Removed Pin From Net: NetName=PCI 113 Pin=*-117
Removed Pin From Net: NetName=GENERALVIN Pin=L1 3.3-1
Removed Pin From Net: NetName=Net3.3v_8 Pin=L1 3.3-2
Removed Member From Class: ClassName=Sheet1 Member=L1 3.3
Change Component DesignItemId : Designator=* Old DesignItemId=greb New DesignItemId=Induct
Change Component Footprint: Designator=* Old Footprint=GrebForPCI New Footprint=B82464G4472M
Change Component Comment : Designator=* Old Comment=greb New Comment=Induct
Added Component: Designator=*(GrebForPCI)
Added Component: Designator=3.3 ind 4.7 mh(B82464G4472M)
Added Pin To Net: NetName=PCI 1 Pin=*-0
Added Pin To Net: NetName=PCI 4 Pin=*-3
Added Pin To Net: NetName=PCI 8 Pin=*-7
Added Pin To Net: NetName=PCI 9 Pin=*-8
Added Pin To Net: NetName=PCI 10 Pin=*-9
Added Pin To Net: NetName=PCI 11 Pin=*-10
Added Pin To Net: NetName=PCI 13 Pin=*-12
Added Pin To Net: NetName=PCI 14 Pin=*-13
Added Pin To Net: NetName=PCI 15 Pin=*-14
Added Pin To Net: NetName=PCI 16 Pin=*-15
Added Pin To Net: NetName=PCI 23 Pin=*-23
Added Pin To Net: NetName=PCI 24 Pin=*-24
Added Pin To Net: NetName=PCI 25 Pin=*-25
Added Pin To Net: NetName=PCI 27 Pin=*-28
Added Pin To Net: NetName=PCI 28 Pin=*-29
Added Pin To Net: NetName=PCI 30 Pin=*-31
Added Pin To Net: NetName=PCI 31 Pin=*-32
Added Pin To Net: NetName=PCI 36 Pin=*-37
Added Pin To Net: NetName=PCI 37 Pin=*-38
Added Pin To Net: NetName=PCI 38 Pin=*-39
Added Pin To Net: NetName=PCI 39 Pin=*-40
Added Pin To Net: NetName=PCI 41 Pin=*-42
Added Pin To Net: NetName=PCI 42 Pin=*-43
Added Pin To Net: NetName=PCI 43 Pin=*-44
Added Pin To Net: NetName=PCI 44 Pin=*-45
Added Pin To Net: NetName=PCI 48 Pin=*-50
Added Pin To Net: NetName=PCI 54 Pin=*-57
Added Pin To Net: NetName=PCI 56 Pin=*-58
Added Pin To Net: NetName=PCI 57 Pin=*-59
Added Pin To Net: NetName=PCI 59 Pin=*-61
Added Pin To Net: NetName=PCI 64 Pin=*-67
Added Pin To Net: NetName=PCI 65 Pin=*-68
Added Pin To Net: NetName=PCI 83 Pin=*-87
Added Pin To Net: NetName=PCI 84 Pin=*-88
Added Pin To Net: NetName=PCI 86 Pin=*-90
Added Pin To Net: NetName=PCI 87 Pin=*-91
Added Pin To Net: NetName=PCI 89 Pin=*-93
Added Pin To Net: NetName=PCI 90 Pin=*-94
Added Pin To Net: NetName=PCI 91 Pin=*-95
Added Pin To Net: NetName=PCI 92 Pin=*-96
Added Pin To Net: NetName=PCI 99 Pin=*-103
Added Pin To Net: NetName=PCI 100 Pin=*-104
Added Pin To Net: NetName=PCI 101 Pin=*-105
Added Pin To Net: NetName=PCI 102 Pin=*-106
Added Pin To Net: NetName=PCI 104 Pin=*-108
Added Pin To Net: NetName=PCI 105 Pin=*-109
Added Pin To Net: NetName=PCI 106 Pin=*-110
Added Pin To Net: NetName=PCI 107 Pin=*-111
Added Pin To Net: NetName=PCI 111 Pin=*-115
Added Pin To Net: NetName=PCI 113 Pin=*-117
Added Pin To Net: NetName=GENERALVIN Pin=3.3 ind 4.7 mh-1
Added Pin To Net: NetName=Net3.3v_8 Pin=3.3 ind 4.7 mh-1
Change Net Name : Old Net Name=Net3.3v_8 New Net Name=Net3.3 ind 4.7 mh_1
Added Member To Class: ClassName=Sheet1 Member=Component * Induct
Added Member To Class: ClassName=Sheet1 Member=Component 3.3 ind 4.7 mh Induct
