Removed Pin From Net: NetName=NetConnector_5 Pin=Connector-5
Removed Pin From Net: NetName=NetConnector_6 Pin=Connector-6
Removed Pin From Net: NetName=NetConnector_7 Pin=Connector-7
Removed Pin From Net: NetName=NetConnector_8 Pin=Connector-8
Removed Pin From Net: NetName=IDC10.8. 8 Pin=Connector-89
Removed Pin From Net: NetName=IDC10.8. 7 Pin=Connector-90
Removed Pin From Net: NetName=IDC10.8. 6 Pin=Connector-91
Removed Pin From Net: NetName=IDC10.8. 5 Pin=Connector-92
Removed Pin From Net: NetName=IDC10.8. 1 Pin=Connector-101
Removed Pin From Net: NetName=IDC10.8. 2 Pin=Connector-102
Removed Pin From Net: NetName=IDC10.8. 3 Pin=Connector-103
Removed Pin From Net: NetName=IDC10.8. 4 Pin=Connector-104
Removed Pin From Net: NetName=NetConnector_5 Pin=ressb_2_6-0
Removed Pin From Net: NetName=NetConnector_6 Pin=ressb_2_6-1
Removed Pin From Net: NetName=NetConnector_7 Pin=ressb_2_6-2
Removed Pin From Net: NetName=NetConnector_8 Pin=ressb_2_6-3
Removed Pin From Net: NetName=IDC10.1. 5 Pin=ressb_2_6-4
Removed Pin From Net: NetName=IDC10.1. 6 Pin=ressb_2_6-5
Removed Pin From Net: NetName=IDC10.1. 7 Pin=ressb_2_6-6
Removed Pin From Net: NetName=IDC10.1. 8 Pin=ressb_2_6-7
Added Component: Designator=ressb_1_7(CAT16-102J4LF)
Added Component: Designator=ressb_2_7(CAT16-102J4LF_2)
Added Pin To Net: NetName=NetConnector_5 Pin=Connector-89
Added Pin To Net: NetName=NetConnector_6 Pin=Connector-90
Added Pin To Net: NetName=NetConnector_7 Pin=Connector-91
Added Pin To Net: NetName=NetConnector_8 Pin=Connector-92
Added Pin To Net: NetName=IDC10.8. 4 Pin=ressb_1_7-4
Added Pin To Net: NetName=IDC10.8. 3 Pin=ressb_1_7-5
Added Pin To Net: NetName=IDC10.8. 2 Pin=ressb_1_7-6
Added Pin To Net: NetName=IDC10.8. 1 Pin=ressb_1_7-7
Added Pin To Net: NetName=NetConnector_5 Pin=ressb_2_7-0
Added Pin To Net: NetName=NetConnector_6 Pin=ressb_2_7-1
Added Pin To Net: NetName=NetConnector_7 Pin=ressb_2_7-2
Added Pin To Net: NetName=NetConnector_8 Pin=ressb_2_7-3
Added Pin To Net: NetName=IDC10.8. 5 Pin=ressb_2_7-4
Added Pin To Net: NetName=IDC10.8. 6 Pin=ressb_2_7-5
Added Pin To Net: NetName=IDC10.8. 7 Pin=ressb_2_7-6
Added Pin To Net: NetName=IDC10.8. 8 Pin=ressb_2_7-7
Change Net Name : Old Net Name=NetConnector_5 New Net Name=NetConnector_89
Change Net Name : Old Net Name=NetConnector_6 New Net Name=NetConnector_90
Change Net Name : Old Net Name=NetConnector_7 New Net Name=NetConnector_91
Change Net Name : Old Net Name=NetConnector_8 New Net Name=NetConnector_92
Added Pin To Net: NetName=NetConnector_101 Pin=Connector-101
Added Pin To Net: NetName=NetConnector_101 Pin=ressb_1_7-0
Added Net: Name=NetConnector_101
Added Pin To Net: NetName=NetConnector_102 Pin=Connector-102
Added Pin To Net: NetName=NetConnector_102 Pin=ressb_1_7-1
Added Net: Name=NetConnector_102
Added Pin To Net: NetName=NetConnector_103 Pin=Connector-103
Added Pin To Net: NetName=NetConnector_103 Pin=ressb_1_7-2
Added Net: Name=NetConnector_103
Added Pin To Net: NetName=NetConnector_104 Pin=Connector-104
Added Pin To Net: NetName=NetConnector_104 Pin=ressb_1_7-3
Added Net: Name=NetConnector_104
Added Member To Class: ClassName=Plata.~(40) Member=Component ressb_1_7 Bourns CAT16-102J4LF
Added Member To Class: ClassName=Plata.~(40) Member=Component ressb_2_7 Bourns CAT16-102J4LF_1
