Removed Pin From Net: NetName=GND Pin=Connector-65
Removed Pin From Net: NetName=GND Pin=Connector-66
Removed Pin From Net: NetName=GND Pin=Connector-67
Removed Pin From Net: NetName=KLAV_STR1 Pin=Connector-68
Removed Pin From Net: NetName=VCC5 Pin=Connector-128
Removed Pin From Net: NetName=Netps850l-1_2 Pin=ps850l-1-2
Removed Pin From Net: NetName=Netps850l-1_2 Pin=ps850l-1-5
Removed Pin From Net: NetName=Netps850l-2_2 Pin=ps850l-2-2
Removed Pin From Net: NetName=Netps850l-2_2 Pin=ps850l-2-5
Removed Pin From Net: NetName=Netps850l-3_2 Pin=ps850l-3-2
Removed Pin From Net: NetName=Netps850l-3_2 Pin=ps850l-3-5
Removed Pin From Net: NetName=RSTBUT Pin=ps850lreset-2
Change Component Designator: OldDesignator=Rvd3 NewDesignator=Rvd3(tip)
Change Component Designator: OldDesignator=Rvd NewDesignator=DIOD(tipa)
Added Pin To Net: NetName=Netps850l-2_2 Pin=Connector-74
Added Pin To Net: NetName=Netps850l-1_2 Pin=Connector-75
Added Pin To Net: NetName=Netps850l-1_2 Pin=DIOD(tipa)-1
Added Pin To Net: NetName=Netps850l-3_2 Pin=DIOD(tipa)-2
Added Pin To Net: NetName=VCC5 Pin=R?-1
Added Pin To Net: NetName=VCC5 Pin=R?-1
Added Pin To Net: NetName=VCC5 Pin=R?-1
Added Pin To Net: NetName=Netps850l-3_2 Pin=Rvd1-1
Added Pin To Net: NetName=KLAV_STR1 Pin=Rvd1-2
Added Pin To Net: NetName=RSTBUT Pin=Rvd2-1
Added Pin To Net: NetName=KLAV_STR1 Pin=Rvd2-2
Added Pin To Net: NetName=Netps850l-2_2 Pin=Rvd3(tip)-1
Added Pin To Net: NetName=RSTBUT Pin=Rvd3(tip)-2
Change Net Name : Old Net Name=KLAV_STR1 New Net Name=VCC
Change Net Name : Old Net Name=KLAV_STR2 New Net Name=KLAV_STR1
Change Net Name : Old Net Name=Netps850l-1_2 New Net Name=NET_VD2
Change Net Name : Old Net Name=Netps850l-2_2 New Net Name=NET_VD1
Change Net Name : Old Net Name=Netps850l-3_2 New Net Name=NetDIOD(tipa)_2
Change Net Name : Old Net Name=RSTBUT New Net Name=NetRvd2_1
Added Pin To Net: NetName=7SEG_CLK Pin=Connector-118
Added Net: Name=7SEG_CLK
Added Pin To Net: NetName=7SEGM_DATA Pin=Connector-76
Added Net: Name=7SEGM_DATA
Added Pin To Net: NetName=BUTTON_1 Pin=Connector-120
Added Pin To Net: NetName=BUTTON_1 Pin=ps850l-1-2
Added Pin To Net: NetName=BUTTON_1 Pin=ps850l-1-5
Added Pin To Net: NetName=BUTTON_1 Pin=R?-2
Added Net: Name=BUTTON_1
Added Pin To Net: NetName=BUTTON_2 Pin=Connector-73
Added Pin To Net: NetName=BUTTON_2 Pin=ps850l-2-2
Added Pin To Net: NetName=BUTTON_2 Pin=ps850l-2-5
Added Pin To Net: NetName=BUTTON_2 Pin=R?-2
Added Net: Name=BUTTON_2
Added Pin To Net: NetName=BUTTON_3 Pin=Connector-119
Added Pin To Net: NetName=BUTTON_3 Pin=ps850l-3-2
Added Pin To Net: NetName=BUTTON_3 Pin=ps850l-3-5
Added Pin To Net: NetName=BUTTON_3 Pin=R?-2
Added Net: Name=BUTTON_3
Added Pin To Net: NetName=BUTTON_RESET Pin=Connector-121
Added Pin To Net: NetName=BUTTON_RESET Pin=ps850lreset-2
Added Pin To Net: NetName=BUTTON_RESET Pin=R?-2
Added Net: Name=BUTTON_RESET
Added Pin To Net: NetName=KLAV_STB1 Pin=Connector-124
Added Net: Name=KLAV_STB1
Added Pin To Net: NetName=KLAV_STB2 Pin=Connector-123
Added Net: Name=KLAV_STB2
Added Pin To Net: NetName=KLAV_STB3 Pin=Connector-122
Added Net: Name=KLAV_STB3
Added Pin To Net: NetName=KLAV_STR2 Pin=Connector-70
Added Net: Name=KLAV_STR2
Added Pin To Net: NetName=KLAV_STR3 Pin=Connector-71
Added Net: Name=KLAV_STR3
Added Pin To Net: NetName=KLAV_STR4 Pin=Connector-72
Added Net: Name=KLAV_STR4
