Added Component: Designator=1.1 1-8(IDC10)
Added Component: Designator=1.1 9-16(IDC10)
Added Component: Designator=1.2 1-8(IDC10)
Added Component: Designator=1.2 9-16(IDC10)
Added Component: Designator=1.3 1-8(IDC10)
Added Component: Designator=1.3 9-16(IDC10)
Added Component: Designator=ressb_2(CAT16-102J4LF_2)
Added Pin To Net: NetName=VCCPLATA Pin=1.1 1-8-10
Added Pin To Net: NetName=LCDOE Pin=1.1 9-16-1
Added Pin To Net: NetName=LCDOE Pin=1.2 1-8-1
Added Pin To Net: NetName=VCCPLATA Pin=1.2 1-8-10
Added Pin To Net: NetName=LCDOE Pin=1.2 9-16-1
Added Pin To Net: NetName=VCCPLATA Pin=1.2 9-16-10
Added Pin To Net: NetName=LCDOE Pin=1.3 1-8-1
Added Pin To Net: NetName=VCCPLATA Pin=1.3 1-8-10
Added Pin To Net: NetName=LCDOE Pin=1.3 9-16-1
Added Pin To Net: NetName=VCCPLATA Pin=1.3 9-16-10
Added Pin To Net: NetName=G1.1_1 Pin=1.1 1-8-2
Added Net: Name=G1.1_1
Added Pin To Net: NetName=G1.1_2 Pin=1.1 1-8-3
Added Net: Name=G1.1_2
Added Pin To Net: NetName=G1.1_3 Pin=1.1 1-8-4
Added Net: Name=G1.1_3
Added Pin To Net: NetName=G1.1_4 Pin=1.1 1-8-5
Added Net: Name=G1.1_4
Added Pin To Net: NetName=G1.1_5 Pin=1.1 1-8-9
Added Net: Name=G1.1_5
Added Pin To Net: NetName=G1.1_6 Pin=1.1 1-8-8
Added Net: Name=G1.1_6
Added Pin To Net: NetName=G1.1_7 Pin=1.1 1-8-7
Added Net: Name=G1.1_7
Added Pin To Net: NetName=G1.1_8 Pin=1.1 1-8-6
Added Net: Name=G1.1_8
Added Pin To Net: NetName=G1.1_9 Pin=1.1 9-16-2
Added Net: Name=G1.1_9
Added Pin To Net: NetName=G1.1_10 Pin=1.1 9-16-3
Added Net: Name=G1.1_10
Added Pin To Net: NetName=G1.1_11 Pin=1.1 9-16-4
Added Net: Name=G1.1_11
Added Pin To Net: NetName=G1.1_12 Pin=1.1 9-16-5
Added Net: Name=G1.1_12
Added Pin To Net: NetName=G1.1_13 Pin=1.1 9-16-9
Added Net: Name=G1.1_13
Added Pin To Net: NetName=G1.1_14 Pin=1.1 9-16-8
Added Net: Name=G1.1_14
Added Pin To Net: NetName=G1.1_15 Pin=1.1 9-16-7
Added Net: Name=G1.1_15
Added Pin To Net: NetName=G1.1_16 Pin=1.1 9-16-6
Added Net: Name=G1.1_16
Added Pin To Net: NetName=G2.2_1 Pin=1.2 1-8-2
Added Net: Name=G2.2_1
Added Pin To Net: NetName=G2.2_2 Pin=1.2 1-8-3
Added Net: Name=G2.2_2
Added Pin To Net: NetName=G2.2_3 Pin=1.2 1-8-4
Added Net: Name=G2.2_3
Added Pin To Net: NetName=G2.2_4 Pin=1.2 1-8-5
Added Net: Name=G2.2_4
Added Pin To Net: NetName=G2.2_5 Pin=1.2 1-8-9
Added Net: Name=G2.2_5
Added Pin To Net: NetName=G2.2_6 Pin=1.2 1-8-8
Added Net: Name=G2.2_6
Added Pin To Net: NetName=G2.2_7 Pin=1.2 1-8-7
Added Net: Name=G2.2_7
Added Pin To Net: NetName=G2.2_8 Pin=1.2 1-8-6
Added Net: Name=G2.2_8
Added Pin To Net: NetName=G2.2_9 Pin=1.2 9-16-2
Added Net: Name=G2.2_9
Added Pin To Net: NetName=G2.2_10 Pin=1.2 9-16-3
Added Net: Name=G2.2_10
Added Pin To Net: NetName=G2.2_11 Pin=1.2 9-16-4
Added Net: Name=G2.2_11
Added Pin To Net: NetName=G2.2_12 Pin=1.2 9-16-5
Added Net: Name=G2.2_12
Added Pin To Net: NetName=G2.2_13 Pin=1.2 9-16-9
Added Net: Name=G2.2_13
Added Pin To Net: NetName=G2.2_14 Pin=1.2 9-16-8
Added Net: Name=G2.2_14
Added Pin To Net: NetName=G2.2_15 Pin=1.2 9-16-7
Added Net: Name=G2.2_15
Added Pin To Net: NetName=G2.2_16 Pin=1.2 9-16-6
Added Net: Name=G2.2_16
Added Pin To Net: NetName=G3.2_1 Pin=1.3 1-8-2
Added Net: Name=G3.2_1
Added Pin To Net: NetName=G3.2_2 Pin=1.3 1-8-3
Added Net: Name=G3.2_2
Added Pin To Net: NetName=G3.2_3 Pin=1.3 1-8-4
Added Net: Name=G3.2_3
Added Pin To Net: NetName=G3.2_4 Pin=1.3 1-8-5
Added Net: Name=G3.2_4
Added Pin To Net: NetName=G3.2_5 Pin=1.3 1-8-9
Added Net: Name=G3.2_5
Added Pin To Net: NetName=G3.2_6 Pin=1.3 1-8-8
Added Net: Name=G3.2_6
Added Pin To Net: NetName=G3.2_7 Pin=1.3 1-8-7
Added Net: Name=G3.2_7
Added Pin To Net: NetName=G3.2_8 Pin=1.3 1-8-6
Added Net: Name=G3.2_8
Added Pin To Net: NetName=G3.2_9 Pin=1.3 9-16-2
Added Net: Name=G3.2_9
Added Pin To Net: NetName=G3.2_10 Pin=1.3 9-16-3
Added Net: Name=G3.2_10
Added Pin To Net: NetName=G3.2_11 Pin=1.3 9-16-4
Added Net: Name=G3.2_11
Added Pin To Net: NetName=G3.2_12 Pin=1.3 9-16-5
Added Net: Name=G3.2_12
Added Pin To Net: NetName=G3.2_13 Pin=1.3 9-16-9
Added Net: Name=G3.2_13
Added Pin To Net: NetName=G3.2_14 Pin=1.3 9-16-8
Added Net: Name=G3.2_14
Added Pin To Net: NetName=G3.2_15 Pin=1.3 9-16-7
Added Net: Name=G3.2_15
Added Pin To Net: NetName=G3.2_16 Pin=1.3 9-16-6
Added Net: Name=G3.2_16
Added Member To Class: ClassName=Plata.~(40) Member=Component 1.1 1-8 IDC10
Added Member To Class: ClassName=Plata.~(40) Member=Component 1.1 9-16 IDC10
Added Member To Class: ClassName=Plata.~(40) Member=Component 1.2 1-8 IDC10
Added Member To Class: ClassName=Plata.~(40) Member=Component 1.2 9-16 IDC10
Added Member To Class: ClassName=Plata.~(40) Member=Component 1.3 1-8 IDC10
Added Member To Class: ClassName=Plata.~(40) Member=Component 1.3 9-16 IDC10
