Removed Pin From Net: NetName=GND Pin=IDC10-4-1
Removed Pin From Net: NetName=IDC10.1. 1 Pin=IDC10-4-2
Removed Pin From Net: NetName=IDC10.1. 2 Pin=IDC10-4-3
Removed Pin From Net: NetName=IDC10.1. 3 Pin=IDC10-4-4
Removed Pin From Net: NetName=IDC10.1. 4 Pin=IDC10-4-5
Removed Pin From Net: NetName=IDC10.1. 8 Pin=IDC10-4-6
Removed Pin From Net: NetName=IDC10.1. 7 Pin=IDC10-4-7
Removed Pin From Net: NetName=IDC10.1. 6 Pin=IDC10-4-8
Removed Pin From Net: NetName=IDC10.1. 5 Pin=IDC10-4-9
Removed Pin From Net: NetName=VCC Pin=IDC10-4-10
Added Pin To Net: NetName=GND Pin=IDC10-1-1
Added Pin To Net: NetName=IDC10.1. 1 Pin=IDC10-1-2
Added Pin To Net: NetName=IDC10.1. 2 Pin=IDC10-1-3
Added Pin To Net: NetName=IDC10.1. 3 Pin=IDC10-1-4
Added Pin To Net: NetName=IDC10.1. 4 Pin=IDC10-1-5
Added Pin To Net: NetName=IDC10.1. 8 Pin=IDC10-1-6
Added Pin To Net: NetName=IDC10.1. 7 Pin=IDC10-1-7
Added Pin To Net: NetName=IDC10.1. 6 Pin=IDC10-1-8
Added Pin To Net: NetName=IDC10.1. 5 Pin=IDC10-1-9
Added Pin To Net: NetName=VCC Pin=IDC10-1-10
