Added Pin To Net: NetName=GND Pin=IDC10-4-1
Added Pin To Net: NetName=VCC Pin=IDC10-4-10
Added Pin To Net: NetName=IDC10.1. 1 Pin=IDC10-4-2
Added Net: Name=IDC10.1. 1
Added Pin To Net: NetName=IDC10.1. 2 Pin=Connector-58
Added Pin To Net: NetName=IDC10.1. 2 Pin=IDC10-4-3
Added Net: Name=IDC10.1. 2
Added Pin To Net: NetName=IDC10.1. 3 Pin=Connector-59
Added Pin To Net: NetName=IDC10.1. 3 Pin=IDC10-4-4
Added Net: Name=IDC10.1. 3
Added Pin To Net: NetName=IDC10.1. 4 Pin=Connector-60
Added Pin To Net: NetName=IDC10.1. 4 Pin=IDC10-4-5
Added Net: Name=IDC10.1. 4
Added Pin To Net: NetName=IDC10.1. 5 Pin=Connector-61
Added Pin To Net: NetName=IDC10.1. 5 Pin=IDC10-4-9
Added Net: Name=IDC10.1. 5
Added Pin To Net: NetName=IDC10.1. 6 Pin=Connector-7
Added Pin To Net: NetName=IDC10.1. 6 Pin=IDC10-4-8
Added Net: Name=IDC10.1. 6
Added Pin To Net: NetName=IDC10.1. 7 Pin=Connector-6
Added Pin To Net: NetName=IDC10.1. 7 Pin=IDC10-4-7
Added Net: Name=IDC10.1. 7
Added Pin To Net: NetName=IDC10.1. 8 Pin=Connector-5
Added Pin To Net: NetName=IDC10.1. 8 Pin=IDC10-4-6
Added Net: Name=IDC10.1. 8
Added Pin To Net: NetName=IDC10.1. 9 Pin=Connector-4
Added Net: Name=IDC10.1. 9
