Added Component: Designator=AR1(Arduino)
Added Pin To Net: NetName=LCDOE Pin=AR1-3
Change Net Name : Old Net Name=NetC.sound_2 New Net Name=NetC8_2
Change Net Name : Old Net Name=Netdip_1 New Net Name=Net_1
Change Net Name : Old Net Name=Netdip_2 New Net Name=Net_2
Change Net Name : Old Net Name=Netdip_3 New Net Name=Net_3
Change Net Name : Old Net Name=Netdip_4 New Net Name=Net_4
Change Net Name : Old Net Name=Netdip_5 New Net Name=Net_5
Change Net Name : Old Net Name=Netdip_6 New Net Name=Net_6
Change Net Name : Old Net Name=Netdip_7 New Net Name=Net_7
Change Net Name : Old Net Name=Netdip_8 New Net Name=Net_8
Change Net Name : Old Net Name=NetR1_0_0 New Net Name=NetRA15_0
Change Net Name : Old Net Name=NetR1_0_1 New Net Name=NetRA15_1
Change Net Name : Old Net Name=NetR1_0_2 New Net Name=NetRA15_2
Change Net Name : Old Net Name=NetR1_0_3 New Net Name=NetRA15_3
Change Net Name : Old Net Name=NetR1_1_0 New Net Name=NetRA11_0
Change Net Name : Old Net Name=NetR1_1_1 New Net Name=NetRA11_1
Change Net Name : Old Net Name=NetR1_1_2 New Net Name=NetRA11_2
Change Net Name : Old Net Name=NetR1_1_3 New Net Name=NetRA11_3
Change Net Name : Old Net Name=NetR1_2_0 New Net Name=NetRA10_0
Change Net Name : Old Net Name=NetR1_2_1 New Net Name=NetRA10_1
Change Net Name : Old Net Name=NetR1_2_2 New Net Name=NetRA10_2
Change Net Name : Old Net Name=NetR1_2_3 New Net Name=NetRA10_3
Change Net Name : Old Net Name=NetR1_3_0 New Net Name=NetRA8_0
Change Net Name : Old Net Name=NetR1_3_1 New Net Name=NetRA8_1
Change Net Name : Old Net Name=NetR1_3_2 New Net Name=NetRA8_2
Change Net Name : Old Net Name=NetR1_3_3 New Net Name=NetRA8_3
Change Net Name : Old Net Name=NetR1_6_0 New Net Name=NetRA5_0
Change Net Name : Old Net Name=NetR1_6_1 New Net Name=NetRA5_1
Change Net Name : Old Net Name=NetR1_6_2 New Net Name=NetRA5_2
Change Net Name : Old Net Name=NetR1_6_3 New Net Name=NetRA5_3
Change Net Name : Old Net Name=NetR1_7_0 New Net Name=NetRA1_0
Change Net Name : Old Net Name=NetR1_7_1 New Net Name=NetRA1_1
Change Net Name : Old Net Name=NetR1_7_2 New Net Name=NetRA1_2
Change Net Name : Old Net Name=NetR1_7_3 New Net Name=NetRA1_3
Change Net Name : Old Net Name=NetR1v_1 New Net Name=NetR11_1
Change Net Name : Old Net Name=NetR2_0_0 New Net Name=NetRA16_0
Change Net Name : Old Net Name=NetR2_0_1 New Net Name=NetRA16_1
Change Net Name : Old Net Name=NetR2_0_2 New Net Name=NetRA16_2
Change Net Name : Old Net Name=NetR2_0_3 New Net Name=NetRA16_3
Change Net Name : Old Net Name=NetR2_1_0 New Net Name=NetRA14_0
Change Net Name : Old Net Name=NetR2_1_1 New Net Name=NetRA14_1
Change Net Name : Old Net Name=NetR2_1_2 New Net Name=NetRA14_2
Change Net Name : Old Net Name=NetR2_1_3 New Net Name=NetRA14_3
Change Net Name : Old Net Name=NetR2_4_0 New Net Name=NetRA9_0
Change Net Name : Old Net Name=NetR2_4_1 New Net Name=NetRA9_1
Change Net Name : Old Net Name=NetR2_4_2 New Net Name=NetRA9_2
Change Net Name : Old Net Name=NetR2_4_3 New Net Name=NetRA9_3
Change Net Name : Old Net Name=NetR2_5_0 New Net Name=NetRA7_0
Change Net Name : Old Net Name=NetR2_5_1 New Net Name=NetRA7_1
Change Net Name : Old Net Name=NetR2_5_2 New Net Name=NetRA7_2
Change Net Name : Old Net Name=NetR2_5_3 New Net Name=NetRA7_3
Change Net Name : Old Net Name=NetR2_6_0 New Net Name=NetRA4_0
Change Net Name : Old Net Name=NetR2_6_1 New Net Name=NetRA4_1
Change Net Name : Old Net Name=NetR2_6_2 New Net Name=NetRA4_2
Change Net Name : Old Net Name=NetR2_6_3 New Net Name=NetRA4_3
Change Net Name : Old Net Name=NetR2_7_0 New Net Name=NetRA3_0
Change Net Name : Old Net Name=NetR2_7_1 New Net Name=NetRA3_1
Change Net Name : Old Net Name=NetR2_7_2 New Net Name=NetRA3_2
Change Net Name : Old Net Name=NetR2_7_3 New Net Name=NetRA3_3
Change Net Name : Old Net Name=NetRc1_1 New Net Name=NetR12_1
Change Net Name : Old Net Name=NetRc1_2 New Net Name=NetR12_2
Change Net Name : Old Net Name=NetRc3_2 New Net Name=NetR14_2
Change Net Name : Old Net Name=Netressb_1_5_0 New Net Name=NetRA6_0
Change Net Name : Old Net Name=Netressb_1_5_1 New Net Name=NetRA6_1
Change Net Name : Old Net Name=Netressb_1_5_2 New Net Name=NetRA6_2
Change Net Name : Old Net Name=Netressb_1_5_3 New Net Name=NetRA6_3
Change Net Name : Old Net Name=Netressb_2_2_0 New Net Name=NetRA12_0
Change Net Name : Old Net Name=Netressb_2_2_1 New Net Name=NetRA12_1
Change Net Name : Old Net Name=Netressb_2_2_2 New Net Name=NetRA12_2
Change Net Name : Old Net Name=Netressb_2_2_3 New Net Name=NetRA12_3
Change Net Name : Old Net Name=Netressb_2_3_0 New Net Name=NetRA13_0
Change Net Name : Old Net Name=Netressb_2_3_1 New Net Name=NetRA13_1
Change Net Name : Old Net Name=Netressb_2_3_2 New Net Name=NetRA13_2
Change Net Name : Old Net Name=Netressb_2_3_3 New Net Name=NetRA13_3
Change Net Name : Old Net Name=NetRvd1_1 New Net Name=NetR9_1
Change Net Name : Old Net Name=NetRvd2_1 New Net Name=NetR8_1
Added Member To Class: ClassName=Plata.~(40) Member=Component AR1 Arduino
Added Member To Class: ClassName=Plata.~(40) Member=Component C8 CAPACITY
Added Member To Class: ClassName=Plata.~(40) Member=Component C16 CAPACITY
Added Member To Class: ClassName=Plata.~(40) Member=Component  AK-207
