Removed Pin From Net: NetName=PCI 64 Pin=*-68
Removed Pin From Net: NetName=PCI 66 Pin=*-70
Removed Pin From Net: NetName=PCI 67 Pin=*-72
Removed Pin From Net: NetName=PCI 68 Pin=*-73
Removed Pin From Net: NetName=PCI 69 Pin=*-74
Removed Pin From Net: NetName=PCI 70 Pin=*-75
Removed Pin From Net: NetName=PCI 71 Pin=*-76
Removed Pin From Net: NetName=PCI 72 Pin=*-77
Removed Pin From Net: NetName=PCI 73 Pin=*-78
Removed Pin From Net: NetName=PCI 74 Pin=*-79
Removed Pin From Net: NetName=PCI 75 Pin=*-80
Removed Pin From Net: NetName=PCI 76 Pin=*-81
Removed Pin From Net: NetName=PCI 77 Pin=*-82
Removed Pin From Net: NetName=PCI 78 Pin=*-83
Removed Pin From Net: NetName=PCI 79 Pin=*-84
Removed Pin From Net: NetName=PCI 80 Pin=*-85
Removed Pin From Net: NetName=PCI 81 Pin=*-86
Removed Pin From Net: NetName=PCI 82 Pin=*-87
Removed Pin From Net: NetName=PCI 84 Pin=*-89
Removed Pin From Net: NetName=PCI 85 Pin=*-90
Removed Pin From Net: NetName=PCI 86 Pin=*-91
Removed Pin From Net: NetName=PCI 87 Pin=*-92
Removed Pin From Net: NetName=PCI 88 Pin=*-93
Removed Pin From Net: NetName=PCI 89 Pin=*-94
Removed Pin From Net: NetName=PCI 90 Pin=*-95
Removed Pin From Net: NetName=PCI 91 Pin=*-96
Removed Pin From Net: NetName=PCI 92 Pin=*-97
Removed Pin From Net: NetName=PCI 93 Pin=*-98
Removed Pin From Net: NetName=PCI 94 Pin=*-99
Removed Pin From Net: NetName=PCI 95 Pin=*-100
Removed Pin From Net: NetName=PCI 96 Pin=*-101
Removed Pin From Net: NetName=PCI 97 Pin=*-102
Removed Pin From Net: NetName=PCI 98 Pin=*-103
Removed Pin From Net: NetName=PCI 99 Pin=*-104
Removed Pin From Net: NetName=PCI 100 Pin=*-105
Removed Pin From Net: NetName=PCI 101 Pin=*-106
Removed Pin From Net: NetName=PCI 102 Pin=*-107
Removed Pin From Net: NetName=PCI 103 Pin=*-108
Removed Pin From Net: NetName=PCI 104 Pin=*-109
Removed Pin From Net: NetName=PCI 105 Pin=*-110
Removed Pin From Net: NetName=PCI 106 Pin=*-111
Removed Pin From Net: NetName=PCI 107 Pin=*-112
Removed Pin From Net: NetName=PCI 108 Pin=*-113
Removed Pin From Net: NetName=PCI 109 Pin=*-114
Removed Pin From Net: NetName=PCI 110 Pin=*-115
Removed Pin From Net: NetName=PCI 111 Pin=*-116
Removed Pin From Net: NetName=PCI 112 Pin=*-117
Removed Pin From Net: NetName=PCI 65 Pin=*-119
Removed Pin From Net: NetName=PCI 57 Pin=PCI-59
Removed Pin From Net: NetName=PCI 58 Pin=PCI-60
Removed Pin From Net: NetName=PCI 59 Pin=PCI-61
Removed Pin From Net: NetName=PCI 60 Pin=PCI-62
Removed Pin From Net: NetName=PCI 61 Pin=PCI-63
Removed Pin From Net: NetName=PCI 62 Pin=PCI-65
Removed Pin From Net: NetName=PCI 63 Pin=PCI-66
Removed Pin From Net: NetName=PCI 64 Pin=PCI-68
Removed Pin From Net: NetName=PCI 66 Pin=PCI-70
Removed Pin From Net: NetName=PCI 67 Pin=PCI-72
Removed Pin From Net: NetName=PCI 68 Pin=PCI-73
Removed Pin From Net: NetName=PCI 69 Pin=PCI-74
Removed Pin From Net: NetName=PCI 70 Pin=PCI-75
Removed Pin From Net: NetName=PCI 71 Pin=PCI-76
Removed Pin From Net: NetName=PCI 72 Pin=PCI-77
Removed Pin From Net: NetName=PCI 73 Pin=PCI-78
Removed Pin From Net: NetName=PCI 74 Pin=PCI-79
Removed Pin From Net: NetName=PCI 75 Pin=PCI-80
Removed Pin From Net: NetName=PCI 76 Pin=PCI-81
Removed Pin From Net: NetName=PCI 77 Pin=PCI-82
Removed Pin From Net: NetName=PCI 78 Pin=PCI-83
Removed Pin From Net: NetName=PCI 79 Pin=PCI-84
Removed Pin From Net: NetName=PCI 80 Pin=PCI-85
Removed Pin From Net: NetName=PCI 81 Pin=PCI-86
Removed Pin From Net: NetName=PCI 82 Pin=PCI-87
Removed Pin From Net: NetName=PCI 84 Pin=PCI-89
Removed Pin From Net: NetName=PCI 85 Pin=PCI-90
Removed Pin From Net: NetName=PCI 86 Pin=PCI-91
Removed Pin From Net: NetName=PCI 87 Pin=PCI-92
Removed Pin From Net: NetName=PCI 88 Pin=PCI-93
Removed Pin From Net: NetName=PCI 89 Pin=PCI-94
Removed Pin From Net: NetName=PCI 90 Pin=PCI-95
Removed Pin From Net: NetName=PCI 91 Pin=PCI-96
Removed Pin From Net: NetName=PCI 92 Pin=PCI-97
Removed Pin From Net: NetName=PCI 93 Pin=PCI-98
Removed Pin From Net: NetName=PCI 94 Pin=PCI-99
Removed Pin From Net: NetName=PCI 95 Pin=PCI-100
Removed Pin From Net: NetName=PCI 96 Pin=PCI-101
Removed Pin From Net: NetName=PCI 97 Pin=PCI-102
Removed Pin From Net: NetName=PCI 98 Pin=PCI-103
Removed Pin From Net: NetName=PCI 99 Pin=PCI-104
Removed Pin From Net: NetName=PCI 100 Pin=PCI-105
Removed Pin From Net: NetName=PCI 101 Pin=PCI-106
Removed Pin From Net: NetName=PCI 102 Pin=PCI-107
Removed Pin From Net: NetName=PCI 103 Pin=PCI-108
Removed Pin From Net: NetName=PCI 104 Pin=PCI-109
Removed Pin From Net: NetName=PCI 105 Pin=PCI-110
Removed Pin From Net: NetName=PCI 106 Pin=PCI-111
Removed Pin From Net: NetName=PCI 107 Pin=PCI-112
Removed Pin From Net: NetName=PCI 108 Pin=PCI-113
Removed Pin From Net: NetName=PCI 109 Pin=PCI-114
Removed Pin From Net: NetName=PCI 110 Pin=PCI-115
Removed Pin From Net: NetName=PCI 111 Pin=PCI-116
Removed Pin From Net: NetName=PCI 112 Pin=PCI-117
Removed Pin From Net: NetName=PCI 65 Pin=PCI-119
Added Pin To Net: NetName=PCI 64 Pin=*-67
Added Pin To Net: NetName=PCI 65 Pin=*-68
Added Pin To Net: NetName=PCI 67 Pin=*-70
Added Pin To Net: NetName=PCI 68 Pin=*-72
Added Pin To Net: NetName=PCI 69 Pin=*-73
Added Pin To Net: NetName=PCI 70 Pin=*-74
Added Pin To Net: NetName=PCI 71 Pin=*-75
Added Pin To Net: NetName=PCI 72 Pin=*-76
Added Pin To Net: NetName=PCI 73 Pin=*-77
Added Pin To Net: NetName=PCI 74 Pin=*-78
Added Pin To Net: NetName=PCI 75 Pin=*-79
Added Pin To Net: NetName=PCI 76 Pin=*-80
Added Pin To Net: NetName=PCI 77 Pin=*-81
Added Pin To Net: NetName=PCI 78 Pin=*-82
Added Pin To Net: NetName=PCI 79 Pin=*-83
Added Pin To Net: NetName=PCI 80 Pin=*-84
Added Pin To Net: NetName=PCI 81 Pin=*-85
Added Pin To Net: NetName=PCI 82 Pin=*-86
Added Pin To Net: NetName=PCI 84 Pin=*-88
Added Pin To Net: NetName=PCI 85 Pin=*-89
Added Pin To Net: NetName=PCI 86 Pin=*-90
Added Pin To Net: NetName=PCI 87 Pin=*-91
Added Pin To Net: NetName=PCI 88 Pin=*-92
Added Pin To Net: NetName=PCI 89 Pin=*-93
Added Pin To Net: NetName=PCI 90 Pin=*-94
Added Pin To Net: NetName=PCI 91 Pin=*-95
Added Pin To Net: NetName=PCI 92 Pin=*-96
Added Pin To Net: NetName=PCI 93 Pin=*-97
Added Pin To Net: NetName=PCI 94 Pin=*-98
Added Pin To Net: NetName=PCI 95 Pin=*-99
Added Pin To Net: NetName=PCI 96 Pin=*-100
Added Pin To Net: NetName=PCI 97 Pin=*-101
Added Pin To Net: NetName=PCI 98 Pin=*-102
Added Pin To Net: NetName=PCI 99 Pin=*-103
Added Pin To Net: NetName=PCI 100 Pin=*-104
Added Pin To Net: NetName=PCI 101 Pin=*-105
Added Pin To Net: NetName=PCI 102 Pin=*-106
Added Pin To Net: NetName=PCI 103 Pin=*-107
Added Pin To Net: NetName=PCI 104 Pin=*-108
Added Pin To Net: NetName=PCI 105 Pin=*-109
Added Pin To Net: NetName=PCI 106 Pin=*-110
Added Pin To Net: NetName=PCI 107 Pin=*-111
Added Pin To Net: NetName=PCI 108 Pin=*-112
Added Pin To Net: NetName=PCI 109 Pin=*-113
Added Pin To Net: NetName=PCI 110 Pin=*-114
Added Pin To Net: NetName=PCI 111 Pin=*-115
Added Pin To Net: NetName=PCI 112 Pin=*-116
Added Pin To Net: NetName=PCI 66 Pin=*-119
Added Pin To Net: NetName=PCI 83 Pin=PCI-87
Added Net: Name=PCI 83
Added Pin To Net: NetName=PCI 113 Pin=*-117
Added Net: Name=PCI 113
