Replace Part * SCS-17-P10 in C:\Users\Константин\Documents\NIRS\Plata.~(40).SchDoc with SCS-17-P10 from Library.SchLib
Replace Part CapSound CAPACITY in C:\Users\Константин\Documents\NIRS\Plata.~(40).SchDoc with CAPACITY from Library.SchLib
Replace Part dip pull up1 Bourns CAT16-102J4LF_1 in C:\Users\Константин\Documents\NIRS\Plata.~(40).SchDoc with Bourns CAT16-102J4LF_1 from Library.SchLib
Replace Part dip pull up2 Bourns CAT16-102J4LF_1 in C:\Users\Константин\Documents\NIRS\Plata.~(40).SchDoc with Bourns CAT16-102J4LF_1 from Library.SchLib
Replace Part ressb_1_0 Bourns CAT16-102J4LF in C:\Users\Константин\Documents\NIRS\Plata.~(40).SchDoc with Bourns CAT16-102J4LF from Library.SchLib
Replace Part ressb_1_1 Bourns CAT16-102J4LF in C:\Users\Константин\Documents\NIRS\Plata.~(40).SchDoc with Bourns CAT16-102J4LF from Library.SchLib
Replace Part ressb_1_2 Bourns CAT16-102J4LF in C:\Users\Константин\Documents\NIRS\Plata.~(40).SchDoc with Bourns CAT16-102J4LF from Library.SchLib
Replace Part ressb_1_3 Bourns CAT16-102J4LF in C:\Users\Константин\Documents\NIRS\Plata.~(40).SchDoc with Bourns CAT16-102J4LF from Library.SchLib
Replace Part ressb_1_4 Bourns CAT16-102J4LF in C:\Users\Константин\Documents\NIRS\Plata.~(40).SchDoc with Bourns CAT16-102J4LF from Library.SchLib
Replace Part ressb_1_5 Bourns CAT16-102J4LF in C:\Users\Константин\Documents\NIRS\Plata.~(40).SchDoc with Bourns CAT16-102J4LF from Library.SchLib
Replace Part ressb_1_6 Bourns CAT16-102J4LF in C:\Users\Константин\Documents\NIRS\Plata.~(40).SchDoc with Bourns CAT16-102J4LF from Library.SchLib
Replace Part ressb_1_7 Bourns CAT16-102J4LF in C:\Users\Константин\Documents\NIRS\Plata.~(40).SchDoc with Bourns CAT16-102J4LF from Library.SchLib
Replace Part ressb_2 Bourns CAT16-102J4LF_1 in C:\Users\Константин\Documents\NIRS\Plata.~(40).SchDoc with Bourns CAT16-102J4LF_1 from Library.SchLib
Replace Part ressb_2_0 Bourns CAT16-102J4LF_1 in C:\Users\Константин\Documents\NIRS\Plata.~(40).SchDoc with Bourns CAT16-102J4LF_1 from Library.SchLib
Replace Part ressb_2_1 Bourns CAT16-102J4LF_1 in C:\Users\Константин\Documents\NIRS\Plata.~(40).SchDoc with Bourns CAT16-102J4LF_1 from Library.SchLib
Replace Part ressb_2_2 Bourns CAT16-102J4LF_1 in C:\Users\Константин\Documents\NIRS\Plata.~(40).SchDoc with Bourns CAT16-102J4LF_1 from Library.SchLib
Replace Part ressb_2_3 Bourns CAT16-102J4LF_1 in C:\Users\Константин\Documents\NIRS\Plata.~(40).SchDoc with Bourns CAT16-102J4LF_1 from Library.SchLib
Replace Part ressb_2_4 Bourns CAT16-102J4LF_1 in C:\Users\Константин\Documents\NIRS\Plata.~(40).SchDoc with Bourns CAT16-102J4LF_1 from Library.SchLib
Replace Part ressb_2_5 Bourns CAT16-102J4LF_1 in C:\Users\Константин\Documents\NIRS\Plata.~(40).SchDoc with Bourns CAT16-102J4LF_1 from Library.SchLib
Replace Part ressb_2_6 Bourns CAT16-102J4LF_1 in C:\Users\Константин\Documents\NIRS\Plata.~(40).SchDoc with Bourns CAT16-102J4LF_1 from Library.SchLib
Replace Part ressb_2_7 Bourns CAT16-102J4LF_1 in C:\Users\Константин\Documents\NIRS\Plata.~(40).SchDoc with Bourns CAT16-102J4LF_1 from Library.SchLib
