Change Component Designator: Old Designator= New Designator=?
Change Component Designator: Old Designator= New Designator=?
Change Component Designator: Old Designator=1.1 New Designator=?
Change Component Designator: Old Designator=1.2 New Designator=?
Change Component Designator: Old Designator=2.1 New Designator=?
Change Component Designator: Old Designator=2.2 New Designator=?
Change Component Designator: Old Designator=2.3 New Designator=?
Change Component Designator: Old Designator=2.4 New Designator=?
Change Component Designator: Old Designator=7Segmind New Designator=?
Change Component Designator: Old Designator=A.AP New Designator=A.AP?
Change Component Designator: Old Designator=AI New Designator=AI?
Change Component Designator: Old Designator=AP1 New Designator=AP?
Change Component Designator: Old Designator=AP2 New Designator=AP?
Change Component Designator: Old Designator=AR1 New Designator=AR?
Change Component Designator: Old Designator=Button1 New Designator=Button?
Change Component Designator: Old Designator=Button2 New Designator=Button?
Change Component Designator: Old Designator=Button3 New Designator=Button?
Change Component Designator: Old Designator=C8 New Designator=C?
Change Component Designator: Old Designator=C10 New Designator=C?
Change Component Designator: Old Designator=C11 New Designator=C?
Change Component Designator: Old Designator=C12 New Designator=C?
Change Component Designator: Old Designator=C13 New Designator=C?
Change Component Designator: Old Designator=C14 New Designator=C?
Change Component Designator: Old Designator=C15 New Designator=C?
Change Component Designator: Old Designator=C16 New Designator=C?
Change Component Designator: Old Designator=CT1 New Designator=CT?
Change Component Designator: Old Designator=CT2 New Designator=CT?
Change Component Designator: Old Designator=DIO1 New Designator=DIO?
Change Component Designator: Old Designator=DIO2 New Designator=DIO?
Change Component Designator: Old Designator=DIO3 New Designator=DIO?
Change Component Designator: Old Designator=Dip New Designator=Dip?
Change Component Designator: Old Designator=EL.P.1 New Designator=EL.P.?
Change Component Designator: Old Designator=P1 New Designator=P?
Change Component Designator: Old Designator=P1.1 New Designator=P?
Change Component Designator: Old Designator=P1.2 New Designator=P?
Change Component Designator: Old Designator=P2 New Designator=P?
Change Component Designator: Old Designator=P2.1.1 New Designator=P?
Change Component Designator: Old Designator=P2.2 New Designator=P?
Change Component Designator: Old Designator=P3 New Designator=P?
Change Component Designator: Old Designator=P3.2 New Designator=P?
Change Component Designator: Old Designator=P3.2 New Designator=P?
Change Component Designator: Old Designator=P4 New Designator=P?
Change Component Designator: Old Designator=P5 New Designator=P?
Change Component Designator: Old Designator=P6 New Designator=P?
Change Component Designator: Old Designator=P8 New Designator=P?
Change Component Designator: Old Designator=P9 New Designator=P?
Change Component Designator: Old Designator=PFI New Designator=PFI?
Change Component Designator: Old Designator=R1 New Designator=R?
Change Component Designator: Old Designator=R1_4 New Designator=R?
Change Component Designator: Old Designator=R2 New Designator=R?
Change Component Designator: Old Designator=R3 New Designator=R?
Change Component Designator: Old Designator=R4 New Designator=R?
Change Component Designator: Old Designator=R5 New Designator=R?
Change Component Designator: Old Designator=R6 New Designator=R?
Change Component Designator: Old Designator=R7 New Designator=R?
Change Component Designator: Old Designator=R8 New Designator=R?
Change Component Designator: Old Designator=R9 New Designator=R?
Change Component Designator: Old Designator=R10 New Designator=R?
Change Component Designator: Old Designator=R12 New Designator=R?
Change Component Designator: Old Designator=R13 New Designator=R?
Change Component Designator: Old Designator=R14 New Designator=R?
Change Component Designator: Old Designator=R15 New Designator=R?
Change Component Designator: Old Designator=RA1 New Designator=RA?
Change Component Designator: Old Designator=RA2 New Designator=RA?
Change Component Designator: Old Designator=RA3 New Designator=RA?
Change Component Designator: Old Designator=RA4 New Designator=RA?
Change Component Designator: Old Designator=RA5 New Designator=RA?
Change Component Designator: Old Designator=RA6 New Designator=RA?
Change Component Designator: Old Designator=RA7 New Designator=RA?
Change Component Designator: Old Designator=RA8 New Designator=RA?
Change Component Designator: Old Designator=RA9 New Designator=RA?
Change Component Designator: Old Designator=RA10 New Designator=RA?
Change Component Designator: Old Designator=RA11 New Designator=RA?
Change Component Designator: Old Designator=RA12 New Designator=RA?
Change Component Designator: Old Designator=RA13 New Designator=RA?
Change Component Designator: Old Designator=RA14 New Designator=RA?
Change Component Designator: Old Designator=RA15 New Designator=RA?
Change Component Designator: Old Designator=RA16 New Designator=RA?
Change Component Designator: Old Designator=RA17 New Designator=RA?
Change Component Designator: Old Designator=RA18 New Designator=RA?
Change Component Designator: Old Designator=RA19 New Designator=RA?
Change Component Designator: Old Designator=RESET New Designator=RESET?
Change Component Designator: Old Designator=ressb_2 New Designator=ressb_?
Change Component Designator: Old Designator=Rvar1 New Designator=Rvar?
Change Component Designator: Old Designator=Rvar2 New Designator=Rvar?
Change Component Designator: Old Designator=Rvar3 New Designator=Rvar?
Change Component Designator: Old Designator=Sound New Designator=Sound?
Change Component Designator: Old Designator=SREG1 New Designator=SREG?
Change Component Designator: Old Designator=SREG2 New Designator=SREG?
Change Component Designator: Old Designator=SREG3 New Designator=SREG?
Change Component Designator: Old Designator=SREG4 New Designator=SREG?
Change Component Designator: Old Designator=SREGLCD New Designator=SREGLCD?
Change Component Designator: Old Designator=VccPlata New Designator=VccPlata?
Change Component Designator: Old Designator=VD1 New Designator=VD?
Change Component Designator: Old Designator=VD2 New Designator=VD?
Change Component Designator: Old Designator=Vin New Designator=Vin?
Change Component Designator: Old Designator=WG12864A New Designator=WG?
