Change Component Designator: Old Designator=2 New Designator=?
Change Component Designator: Old Designator=3 New Designator=?
Change Component Designator: Old Designator=4 New Designator=?
Change Component Designator: Old Designator=5 New Designator=?
Change Component Designator: Old Designator=6 New Designator=?
Change Component Designator: Old Designator=7 New Designator=?
Change Component Designator: Old Designator=8 New Designator=?
Change Component Designator: Old Designator=9 New Designator=?
Change Component Designator: Old Designator=10 New Designator=?
Change Component Designator: Old Designator=A.AP1 New Designator=A.AP?
Change Component Designator: Old Designator=AI1 New Designator=AI?
Change Component Designator: Old Designator=AP1 New Designator=AP?
Change Component Designator: Old Designator=AP2 New Designator=AP?
Change Component Designator: Old Designator=AR1 New Designator=AR?
Change Component Designator: Old Designator=Button1 New Designator=Button?
Change Component Designator: Old Designator=Button2 New Designator=Button?
Change Component Designator: Old Designator=Button3 New Designator=Button?
Change Component Designator: Old Designator=C1 New Designator=C?
Change Component Designator: Old Designator=C2 New Designator=C?
Change Component Designator: Old Designator=C3 New Designator=C?
Change Component Designator: Old Designator=C4 New Designator=C?
Change Component Designator: Old Designator=C5 New Designator=C?
Change Component Designator: Old Designator=C6 New Designator=C?
Change Component Designator: Old Designator=C7 New Designator=C?
Change Component Designator: Old Designator=C8 New Designator=C?
Change Component Designator: Old Designator=CT1 New Designator=CT?
Change Component Designator: Old Designator=CT2 New Designator=CT?
Change Component Designator: Old Designator=DIO1 New Designator=DIO?
Change Component Designator: Old Designator=DIO2 New Designator=DIO?
Change Component Designator: Old Designator=DIO3 New Designator=DIO?
Change Component Designator: Old Designator=Dip1 New Designator=Dip?
Change Component Designator: Old Designator=EL.P.1 New Designator=EL.P.?
Change Component Designator: Old Designator=P1 New Designator=P?
Change Component Designator: Old Designator=P2 New Designator=P?
Change Component Designator: Old Designator=P3 New Designator=P?
Change Component Designator: Old Designator=P4 New Designator=P?
Change Component Designator: Old Designator=P5 New Designator=P?
Change Component Designator: Old Designator=P6 New Designator=P?
Change Component Designator: Old Designator=P7 New Designator=P?
Change Component Designator: Old Designator=P8 New Designator=P?
Change Component Designator: Old Designator=P9 New Designator=P?
Change Component Designator: Old Designator=P10 New Designator=P?
Change Component Designator: Old Designator=P11 New Designator=P?
Change Component Designator: Old Designator=P12 New Designator=P?
Change Component Designator: Old Designator=P13 New Designator=P?
Change Component Designator: Old Designator=P14 New Designator=P?
Change Component Designator: Old Designator=PFI1 New Designator=PFI?
Change Component Designator: Old Designator=R33 New Designator=R?
Change Component Designator: Old Designator=R34 New Designator=R?
Change Component Designator: Old Designator=R35 New Designator=R?
Change Component Designator: Old Designator=R36 New Designator=R?
Change Component Designator: Old Designator=R37 New Designator=R?
Change Component Designator: Old Designator=R38 New Designator=R?
Change Component Designator: Old Designator=R39 New Designator=R?
Change Component Designator: Old Designator=R40 New Designator=R?
Change Component Designator: Old Designator=R41 New Designator=R?
Change Component Designator: Old Designator=R42 New Designator=R?
Change Component Designator: Old Designator=R43 New Designator=R?
Change Component Designator: Old Designator=R44 New Designator=R?
Change Component Designator: Old Designator=R45 New Designator=R?
Change Component Designator: Old Designator=R46 New Designator=R?
Change Component Designator: Old Designator=R47 New Designator=R?
Change Component Designator: Old Designator=R48 New Designator=R?
Change Component Designator: Old Designator=R49 New Designator=R?
Change Component Designator: Old Designator=RA1 New Designator=RA?
Change Component Designator: Old Designator=RA2 New Designator=RA?
Change Component Designator: Old Designator=RA3 New Designator=RA?
Change Component Designator: Old Designator=RA4 New Designator=RA?
Change Component Designator: Old Designator=RA5 New Designator=RA?
Change Component Designator: Old Designator=RA6 New Designator=RA?
Change Component Designator: Old Designator=RA7 New Designator=RA?
Change Component Designator: Old Designator=RA8 New Designator=RA?
Change Component Designator: Old Designator=RA9 New Designator=RA?
Change Component Designator: Old Designator=RA10 New Designator=RA?
Change Component Designator: Old Designator=RA11 New Designator=RA?
Change Component Designator: Old Designator=RA12 New Designator=RA?
Change Component Designator: Old Designator=RA13 New Designator=RA?
Change Component Designator: Old Designator=RA14 New Designator=RA?
Change Component Designator: Old Designator=RA15 New Designator=RA?
Change Component Designator: Old Designator=RA16 New Designator=RA?
Change Component Designator: Old Designator=RA17 New Designator=RA?
Change Component Designator: Old Designator=RA18 New Designator=RA?
Change Component Designator: Old Designator=RA19 New Designator=RA?
Change Component Designator: Old Designator=RESET1 New Designator=RESET?
Change Component Designator: Old Designator=ressb_1 New Designator=ressb_?
Change Component Designator: Old Designator=Rvar1 New Designator=Rvar?
Change Component Designator: Old Designator=Rvar2 New Designator=Rvar?
Change Component Designator: Old Designator=Rvar3 New Designator=Rvar?
Change Component Designator: Old Designator=Sound1 New Designator=Sound?
Change Component Designator: Old Designator=SREG5 New Designator=SREG?
Change Component Designator: Old Designator=SREG6 New Designator=SREG?
Change Component Designator: Old Designator=SREG7 New Designator=SREG?
Change Component Designator: Old Designator=SREG8 New Designator=SREG?
Change Component Designator: Old Designator=SREGLCD1 New Designator=SREGLCD?
Change Component Designator: Old Designator=VccPlata1 New Designator=VccPlata?
Change Component Designator: Old Designator=VD1 New Designator=VD?
Change Component Designator: Old Designator=VD2 New Designator=VD?
Change Component Designator: Old Designator=Vin1 New Designator=Vin?
Change Component Designator: Old Designator=WG1 New Designator=WG?
