Replace Part C.sound CAPACITY in C:\Users\Константин\Documents\NIRS\Plata.~(40).SchDoc with CAPACITY from Library.SchLib
Replace Part KL2 Bourns CAT16-102J4LF in C:\Users\Константин\Documents\NIRS\Plata.~(40).SchDoc with Bourns CAT16-102J4LF from Library.SchLib
Replace Part KL3 Bourns CAT16-102J4LF in C:\Users\Константин\Documents\NIRS\Plata.~(40).SchDoc with Bourns CAT16-102J4LF from Library.SchLib
Replace Part P.U.1 Bourns CAT16-102J4LF_1 in C:\Users\Константин\Documents\NIRS\Plata.~(40).SchDoc with Bourns CAT16-102J4LF_1 from Library.SchLib
Replace Part P.U.2 Bourns CAT16-102J4LF_1 in C:\Users\Константин\Documents\NIRS\Plata.~(40).SchDoc with Bourns CAT16-102J4LF_1 from Library.SchLib
Replace Part R1_0 Bourns CAT16-102J4LF in C:\Users\Константин\Documents\NIRS\Plata.~(40).SchDoc with Bourns CAT16-102J4LF from Library.SchLib
Replace Part R1_1 Bourns CAT16-102J4LF in C:\Users\Константин\Documents\NIRS\Plata.~(40).SchDoc with Bourns CAT16-102J4LF from Library.SchLib
Replace Part R1_2 Bourns CAT16-102J4LF in C:\Users\Константин\Documents\NIRS\Plata.~(40).SchDoc with Bourns CAT16-102J4LF from Library.SchLib
Replace Part R1_3 Bourns CAT16-102J4LF in C:\Users\Константин\Documents\NIRS\Plata.~(40).SchDoc with Bourns CAT16-102J4LF from Library.SchLib
Replace Part R1_4 Bourns CAT16-102J4LF in C:\Users\Константин\Documents\NIRS\Plata.~(40).SchDoc with Bourns CAT16-102J4LF from Library.SchLib
Replace Part R1_6 Bourns CAT16-102J4LF in C:\Users\Константин\Documents\NIRS\Plata.~(40).SchDoc with Bourns CAT16-102J4LF from Library.SchLib
Replace Part R1_7 Bourns CAT16-102J4LF in C:\Users\Константин\Documents\NIRS\Plata.~(40).SchDoc with Bourns CAT16-102J4LF from Library.SchLib
Replace Part R2_0 Bourns CAT16-102J4LF_1 in C:\Users\Константин\Documents\NIRS\Plata.~(40).SchDoc with Bourns CAT16-102J4LF_1 from Library.SchLib
Replace Part R2_1 Bourns CAT16-102J4LF_1 in C:\Users\Константин\Documents\NIRS\Plata.~(40).SchDoc with Bourns CAT16-102J4LF_1 from Library.SchLib
Replace Part R2_4 Bourns CAT16-102J4LF_1 in C:\Users\Константин\Documents\NIRS\Plata.~(40).SchDoc with Bourns CAT16-102J4LF_1 from Library.SchLib
Replace Part R2_5 Bourns CAT16-102J4LF_1 in C:\Users\Константин\Documents\NIRS\Plata.~(40).SchDoc with Bourns CAT16-102J4LF_1 from Library.SchLib
Replace Part R2_6 Bourns CAT16-102J4LF_1 in C:\Users\Константин\Documents\NIRS\Plata.~(40).SchDoc with Bourns CAT16-102J4LF_1 from Library.SchLib
Replace Part R2_7 Bourns CAT16-102J4LF_1 in C:\Users\Константин\Documents\NIRS\Plata.~(40).SchDoc with Bourns CAT16-102J4LF_1 from Library.SchLib
Replace Part ressb_1_5 Bourns CAT16-102J4LF in C:\Users\Константин\Documents\NIRS\Plata.~(40).SchDoc with Bourns CAT16-102J4LF from Library.SchLib
Replace Part ressb_2 Bourns CAT16-102J4LF_1 in C:\Users\Константин\Documents\NIRS\Plata.~(40).SchDoc with Bourns CAT16-102J4LF_1 from Library.SchLib
Replace Part ressb_2_2 Bourns CAT16-102J4LF_1 in C:\Users\Константин\Documents\NIRS\Plata.~(40).SchDoc with Bourns CAT16-102J4LF_1 from Library.SchLib
Replace Part ressb_2_3 Bourns CAT16-102J4LF_1 in C:\Users\Константин\Documents\NIRS\Plata.~(40).SchDoc with Bourns CAT16-102J4LF_1 from Library.SchLib
Replace Part Sound SCS-17-P10 in C:\Users\Константин\Documents\NIRS\Plata.~(40).SchDoc with SCS-17-P10 from Library.SchLib
