Change Component Designator: Old Designator=? New Designator=2
Change Component Designator: Old Designator=? New Designator=3
Change Component Designator: Old Designator=? New Designator=4
Change Component Designator: Old Designator=? New Designator=5
Change Component Designator: Old Designator=? New Designator=6
Change Component Designator: Old Designator=? New Designator=7
Change Component Designator: Old Designator=? New Designator=8
Change Component Designator: Old Designator=? New Designator=9
Change Component Designator: Old Designator=? New Designator=10
Change Component Designator: Old Designator=A.AP? New Designator=A.AP1
Change Component Designator: Old Designator=AI? New Designator=AI1
Change Component Designator: Old Designator=AP? New Designator=AP1
Change Component Designator: Old Designator=AP? New Designator=AP2
Change Component Designator: Old Designator=AR? New Designator=AR1
Change Component Designator: Old Designator=Button? New Designator=Button1
Change Component Designator: Old Designator=Button? New Designator=Button2
Change Component Designator: Old Designator=Button? New Designator=Button3
Change Component Designator: Old Designator=C? New Designator=C1
Change Component Designator: Old Designator=C? New Designator=C2
Change Component Designator: Old Designator=C? New Designator=C3
Change Component Designator: Old Designator=C? New Designator=C4
Change Component Designator: Old Designator=C? New Designator=C5
Change Component Designator: Old Designator=C? New Designator=C6
Change Component Designator: Old Designator=C? New Designator=C7
Change Component Designator: Old Designator=C? New Designator=C8
Change Component Designator: Old Designator=CT? New Designator=CT1
Change Component Designator: Old Designator=CT? New Designator=CT2
Change Component Designator: Old Designator=DIO? New Designator=DIO1
Change Component Designator: Old Designator=DIO? New Designator=DIO2
Change Component Designator: Old Designator=DIO? New Designator=DIO3
Change Component Designator: Old Designator=Dip? New Designator=Dip1
Change Component Designator: Old Designator=EL.P.? New Designator=EL.P.1
Change Component Designator: Old Designator=P? New Designator=P1
Change Component Designator: Old Designator=P? New Designator=P2
Change Component Designator: Old Designator=P? New Designator=P3
Change Component Designator: Old Designator=P? New Designator=P4
Change Component Designator: Old Designator=P? New Designator=P5
Change Component Designator: Old Designator=P? New Designator=P6
Change Component Designator: Old Designator=P? New Designator=P7
Change Component Designator: Old Designator=P? New Designator=P8
Change Component Designator: Old Designator=P? New Designator=P9
Change Component Designator: Old Designator=P? New Designator=P10
Change Component Designator: Old Designator=P? New Designator=P11
Change Component Designator: Old Designator=P? New Designator=P12
Change Component Designator: Old Designator=P? New Designator=P13
Change Component Designator: Old Designator=P? New Designator=P14
Change Component Designator: Old Designator=PFI? New Designator=PFI1
Change Component Designator: Old Designator=R? New Designator=R33
Change Component Designator: Old Designator=R? New Designator=R34
Change Component Designator: Old Designator=R? New Designator=R35
Change Component Designator: Old Designator=R? New Designator=R36
Change Component Designator: Old Designator=R? New Designator=R37
Change Component Designator: Old Designator=R? New Designator=R38
Change Component Designator: Old Designator=R? New Designator=R39
Change Component Designator: Old Designator=R? New Designator=R40
Change Component Designator: Old Designator=R? New Designator=R41
Change Component Designator: Old Designator=R? New Designator=R42
Change Component Designator: Old Designator=R? New Designator=R43
Change Component Designator: Old Designator=R? New Designator=R44
Change Component Designator: Old Designator=R? New Designator=R45
Change Component Designator: Old Designator=R? New Designator=R46
Change Component Designator: Old Designator=R? New Designator=R47
Change Component Designator: Old Designator=R? New Designator=R48
Change Component Designator: Old Designator=R? New Designator=R49
Change Component Designator: Old Designator=RA? New Designator=RA1
Change Component Designator: Old Designator=RA? New Designator=RA2
Change Component Designator: Old Designator=RA? New Designator=RA3
Change Component Designator: Old Designator=RA? New Designator=RA4
Change Component Designator: Old Designator=RA? New Designator=RA5
Change Component Designator: Old Designator=RA? New Designator=RA6
Change Component Designator: Old Designator=RA? New Designator=RA7
Change Component Designator: Old Designator=RA? New Designator=RA8
Change Component Designator: Old Designator=RA? New Designator=RA9
Change Component Designator: Old Designator=RA? New Designator=RA10
Change Component Designator: Old Designator=RA? New Designator=RA11
Change Component Designator: Old Designator=RA? New Designator=RA12
Change Component Designator: Old Designator=RA? New Designator=RA13
Change Component Designator: Old Designator=RA? New Designator=RA14
Change Component Designator: Old Designator=RA? New Designator=RA15
Change Component Designator: Old Designator=RA? New Designator=RA16
Change Component Designator: Old Designator=RA? New Designator=RA17
Change Component Designator: Old Designator=RA? New Designator=RA18
Change Component Designator: Old Designator=RA? New Designator=RA19
Change Component Designator: Old Designator=RESET? New Designator=RESET1
Change Component Designator: Old Designator=ressb_? New Designator=ressb_1
Change Component Designator: Old Designator=Rvar? New Designator=Rvar1
Change Component Designator: Old Designator=Rvar? New Designator=Rvar2
Change Component Designator: Old Designator=Rvar? New Designator=Rvar3
Change Component Designator: Old Designator=Sound? New Designator=Sound1
Change Component Designator: Old Designator=SREG? New Designator=SREG5
Change Component Designator: Old Designator=SREG? New Designator=SREG6
Change Component Designator: Old Designator=SREG? New Designator=SREG7
Change Component Designator: Old Designator=SREG? New Designator=SREG8
Change Component Designator: Old Designator=SREGLCD? New Designator=SREGLCD1
Change Component Designator: Old Designator=VccPlata? New Designator=VccPlata1
Change Component Designator: Old Designator=VD? New Designator=VD1
Change Component Designator: Old Designator=VD? New Designator=VD2
Change Component Designator: Old Designator=Vin? New Designator=Vin1
Change Component Designator: Old Designator=WG? New Designator=WG1
