Replace Part * PCI in C:\Users\Константин\Documents\NIRS\Plata.~(40).SchDoc with PCI from Library.SchLib
Replace Part DIOD(tipa) R0805 in C:\Users\Константин\Documents\NIRS\Plata.~(40).SchDoc with R0805 from Library.SchLib
Replace Part R1 R0805 in C:\Users\Константин\Documents\NIRS\Plata.~(40).SchDoc with R0805 from Library.SchLib
Replace Part R2 R0805 in C:\Users\Константин\Documents\NIRS\Plata.~(40).SchDoc with R0805 from Library.SchLib
Replace Part R3 R0805 in C:\Users\Константин\Documents\NIRS\Plata.~(40).SchDoc with R0805 from Library.SchLib
Replace Part R7seg R0805 in C:\Users\Константин\Documents\NIRS\Plata.~(40).SchDoc with R0805 from Library.SchLib
Replace Part R11 R0805 in C:\Users\Константин\Documents\NIRS\Plata.~(40).SchDoc with R0805 from Library.SchLib
Replace Part R12 R0805 in C:\Users\Константин\Documents\NIRS\Plata.~(40).SchDoc with R0805 from Library.SchLib
Replace Part R13 R0805 in C:\Users\Константин\Documents\NIRS\Plata.~(40).SchDoc with R0805 from Library.SchLib
Replace Part R14 R0805 in C:\Users\Константин\Documents\NIRS\Plata.~(40).SchDoc with R0805 from Library.SchLib
Replace Part R(dip) 1 R0805 in C:\Users\Константин\Documents\NIRS\Plata.~(40).SchDoc with R0805 from Library.SchLib
Replace Part R(dip) 2 R0805 in C:\Users\Константин\Documents\NIRS\Plata.~(40).SchDoc with R0805 from Library.SchLib
Replace Part R(dip) 3 R0805 in C:\Users\Константин\Documents\NIRS\Plata.~(40).SchDoc with R0805 from Library.SchLib
Replace Part R(dip) 4 R0805 in C:\Users\Константин\Documents\NIRS\Plata.~(40).SchDoc with R0805 from Library.SchLib
Replace Part R(dip) 5 R0805 in C:\Users\Константин\Documents\NIRS\Plata.~(40).SchDoc with R0805 from Library.SchLib
Replace Part R(dip) 6 R0805 in C:\Users\Константин\Documents\NIRS\Plata.~(40).SchDoc with R0805 from Library.SchLib
Replace Part R(dip) 7 R0805 in C:\Users\Константин\Documents\NIRS\Plata.~(40).SchDoc with R0805 from Library.SchLib
Replace Part R(dip) 8 R0805 in C:\Users\Константин\Documents\NIRS\Plata.~(40).SchDoc with R0805 from Library.SchLib
Replace Part Rcon1 R0805 in C:\Users\Константин\Documents\NIRS\Plata.~(40).SchDoc with R0805 from Library.SchLib
Replace Part Rcon2 R0805 in C:\Users\Константин\Documents\NIRS\Plata.~(40).SchDoc with R0805 from Library.SchLib
Replace Part reoat R-0904N-A10K, L20KC in C:\Users\Константин\Documents\NIRS\Plata.~(40).SchDoc with R-0904N-A10K, L20KC from Library.SchLib
Replace Part rsun R0805 in C:\Users\Константин\Documents\NIRS\Plata.~(40).SchDoc with R0805 from Library.SchLib
Replace Part Rvd1 R0805 in C:\Users\Константин\Documents\NIRS\Plata.~(40).SchDoc with R0805 from Library.SchLib
Replace Part Rvd2 R0805 in C:\Users\Константин\Documents\NIRS\Plata.~(40).SchDoc with R0805 from Library.SchLib
Replace Part Rvd3(tip) R0805 in C:\Users\Константин\Documents\NIRS\Plata.~(40).SchDoc with R0805 from Library.SchLib
Replace Part varrev R-0904N-A10K, L20KC in C:\Users\Константин\Documents\NIRS\Plata.~(40).SchDoc with R-0904N-A10K, L20KC from Library.SchLib
Replace Part WG12864A MT6464b in C:\Users\Константин\Documents\NIRS\Plata.~(40).SchDoc with MT6464b from Library.SchLib
