Change Component Designator: Old Designator=AMPMODU 826629-3 New Designator=AMPMODU ?
Change Component Designator: Old Designator=Connector1 New Designator=Connector?
Change Component Designator: Old Designator=CT3 New Designator=CT?
Change Component Designator: Old Designator=R51 New Designator=R?
Change Component Designator: Old Designator=RA20 New Designator=RA?
Change Component Designator: Old Designator=RA21 New Designator=RA?
Change Component Designator: Old Designator=RA22 New Designator=RA?
Change Component Designator: Old Designator=RA23 New Designator=RA?
Change Component Designator: Old Designator=RA24 New Designator=RA?
Change Component Designator: Old Designator=RA25 New Designator=RA?
Change Component Designator: Old Designator=RA26 New Designator=RA?
Change Component Designator: Old Designator=RA27 New Designator=RA?
Change Component Designator: Old Designator=RA28 New Designator=RA?
Change Component Designator: Old Designator=RA29 New Designator=RA?
Change Component Designator: Old Designator=RA30 New Designator=RA?
Change Component Designator: Old Designator=RA31 New Designator=RA?
Change Component Designator: Old Designator=RA32 New Designator=RA?
Change Component Designator: Old Designator=RA33 New Designator=RA?
Change Component Designator: Old Designator=RA34 New Designator=RA?
Change Component Designator: Old Designator=Vin2 New Designator=Vin?
