Change Component Designator: Old Designator=AMPMODU ? New Designator=AMPMODU 1
Change Component Designator: Old Designator=Connector? New Designator=Connector1
Change Component Designator: Old Designator=CT? New Designator=CT1
Change Component Designator: Old Designator=R? New Designator=R1
Change Component Designator: Old Designator=RA? New Designator=RA1
Change Component Designator: Old Designator=RA? New Designator=RA2
Change Component Designator: Old Designator=RA? New Designator=RA3
Change Component Designator: Old Designator=RA? New Designator=RA4
Change Component Designator: Old Designator=RA? New Designator=RA5
Change Component Designator: Old Designator=RA? New Designator=RA6
Change Component Designator: Old Designator=RA? New Designator=RA7
Change Component Designator: Old Designator=RA? New Designator=RA8
Change Component Designator: Old Designator=RA? New Designator=RA9
Change Component Designator: Old Designator=RA? New Designator=RA10
Change Component Designator: Old Designator=RA? New Designator=RA11
Change Component Designator: Old Designator=RA? New Designator=RA12
Change Component Designator: Old Designator=RA? New Designator=RA13
Change Component Designator: Old Designator=RA? New Designator=RA14
Change Component Designator: Old Designator=RA? New Designator=RA15
Change Component Designator: Old Designator=Vin? New Designator=Vin1
